2016-03-31 12:38:14 [ main ] - [ INFO  ] [
				o.s.t.c.support.DefaultTestContextBootstrapper : 259 ] - Loaded default TestExecutionListener class names from location [META-INF/spring.factories]: [org.springframework.test.context.web.ServletTestExecutionListener, org.springframework.test.context.support.DirtiesContextBeforeModesTestExecutionListener, org.springframework.test.context.support.DependencyInjectionTestExecutionListener, org.springframework.test.context.support.DirtiesContextTestExecutionListener, org.springframework.test.context.transaction.TransactionalTestExecutionListener, org.springframework.test.context.jdbc.SqlScriptsTestExecutionListener]
2016-03-31 12:38:14 [ main ] - [ INFO  ] [
				o.s.t.c.support.DefaultTestContextBootstrapper : 207 ] - Could not instantiate TestExecutionListener [org.springframework.test.context.web.ServletTestExecutionListener]. Specify custom listener classes or make the default listener classes (and their required dependencies) available. Offending class: [javax/servlet/ServletContext]
2016-03-31 12:38:14 [ main ] - [ INFO  ] [
				o.s.t.c.support.DefaultTestContextBootstrapper : 185 ] - Using TestExecutionListeners: [org.springframework.test.context.support.DirtiesContextBeforeModesTestExecutionListener@4b553d26, org.springframework.test.context.support.DependencyInjectionTestExecutionListener@69a3d1d, org.springframework.test.context.support.DirtiesContextTestExecutionListener@86be70a, org.springframework.test.context.transaction.TransactionalTestExecutionListener@480bdb19, org.springframework.test.context.jdbc.SqlScriptsTestExecutionListener@2a556333]
2016-03-31 12:38:14 [ main ] - [ INFO  ] [
				o.s.beans.factory.xml.XmlBeanDefinitionReader : 317 ] - Loading XML bean definitions from class path resource [spring.xml]
2016-03-31 12:38:14 [ main ] - [ INFO  ] [
				o.s.context.support.GenericApplicationContext : 577 ] - Refreshing org.springframework.context.support.GenericApplicationContext@43bd930a: startup date [Thu Mar 31 12:38:14 CST 2016]; root of context hierarchy
2016-03-31 12:38:14 [ main ] - [ WARN  ] [
				org.mybatis.spring.mapper.ClassPathMapperScanner : 167 ] - No MyBatis mapper was found in '[com.wenchukai..mapper.*]' package. Please check your configuration.
2016-03-31 12:38:14 [ main ] - [ INFO  ] [
				o.s.j.datasource.embedded.EmbeddedDatabaseFactory : 185 ] - Starting embedded database: url='jdbc:hsqldb:mem:dataSourceBar', username='sa'
2016-03-31 12:38:14 [ main ] - [ INFO  ] [
				o.springframework.jdbc.datasource.init.ScriptUtils : 443 ] - Executing SQL script from class path resource [database-schema-bar.sql]
2016-03-31 12:38:14 [ main ] - [ INFO  ] [
				o.springframework.jdbc.datasource.init.ScriptUtils : 502 ] - Executed SQL script from class path resource [database-schema-bar.sql] in 2 ms.
2016-03-31 12:38:15 [ Thread-0 ] - [ INFO  ] [
				o.s.context.support.GenericApplicationContext : 957 ] - Closing org.springframework.context.support.GenericApplicationContext@43bd930a: startup date [Thu Mar 31 12:38:14 CST 2016]; root of context hierarchy
2016-03-31 12:38:15 [ Thread-0 ] - [ INFO  ] [
				o.s.j.datasource.embedded.EmbeddedDatabaseFactory : 217 ] - Shutting down embedded database: url='jdbc:hsqldb:mem:dataSourceBar'
2016-03-31 12:38:47 [ main ] - [ INFO  ] [
				o.s.t.c.support.DefaultTestContextBootstrapper : 259 ] - Loaded default TestExecutionListener class names from location [META-INF/spring.factories]: [org.springframework.test.context.web.ServletTestExecutionListener, org.springframework.test.context.support.DirtiesContextBeforeModesTestExecutionListener, org.springframework.test.context.support.DependencyInjectionTestExecutionListener, org.springframework.test.context.support.DirtiesContextTestExecutionListener, org.springframework.test.context.transaction.TransactionalTestExecutionListener, org.springframework.test.context.jdbc.SqlScriptsTestExecutionListener]
2016-03-31 12:38:47 [ main ] - [ INFO  ] [
				o.s.t.c.support.DefaultTestContextBootstrapper : 207 ] - Could not instantiate TestExecutionListener [org.springframework.test.context.web.ServletTestExecutionListener]. Specify custom listener classes or make the default listener classes (and their required dependencies) available. Offending class: [javax/servlet/ServletContext]
2016-03-31 12:38:47 [ main ] - [ INFO  ] [
				o.s.t.c.support.DefaultTestContextBootstrapper : 185 ] - Using TestExecutionListeners: [org.springframework.test.context.support.DirtiesContextBeforeModesTestExecutionListener@33c911a1, org.springframework.test.context.support.DependencyInjectionTestExecutionListener@75db5df9, org.springframework.test.context.support.DirtiesContextTestExecutionListener@707194ba, org.springframework.test.context.transaction.TransactionalTestExecutionListener@1190200a, org.springframework.test.context.jdbc.SqlScriptsTestExecutionListener@6a2f6f80]
2016-03-31 12:38:47 [ main ] - [ INFO  ] [
				o.s.beans.factory.xml.XmlBeanDefinitionReader : 317 ] - Loading XML bean definitions from class path resource [spring.xml]
2016-03-31 12:38:47 [ main ] - [ INFO  ] [
				o.s.context.support.GenericApplicationContext : 577 ] - Refreshing org.springframework.context.support.GenericApplicationContext@366647c2: startup date [Thu Mar 31 12:38:47 CST 2016]; root of context hierarchy
2016-03-31 12:38:47 [ main ] - [ WARN  ] [
				org.mybatis.spring.mapper.ClassPathMapperScanner : 167 ] - No MyBatis mapper was found in '[com.wenchukai..mapper.*]' package. Please check your configuration.
2016-03-31 12:38:47 [ main ] - [ INFO  ] [
				o.s.j.datasource.embedded.EmbeddedDatabaseFactory : 185 ] - Starting embedded database: url='jdbc:hsqldb:mem:dataSourceBar', username='sa'
2016-03-31 12:38:48 [ main ] - [ INFO  ] [
				o.springframework.jdbc.datasource.init.ScriptUtils : 443 ] - Executing SQL script from class path resource [database-schema-bar.sql]
2016-03-31 12:38:48 [ main ] - [ INFO  ] [
				o.springframework.jdbc.datasource.init.ScriptUtils : 502 ] - Executed SQL script from class path resource [database-schema-bar.sql] in 4 ms.
2016-03-31 12:41:50 [ Thread-0 ] - [ INFO  ] [
				o.s.context.support.GenericApplicationContext : 957 ] - Closing org.springframework.context.support.GenericApplicationContext@366647c2: startup date [Thu Mar 31 12:38:47 CST 2016]; root of context hierarchy
2016-03-31 12:41:50 [ Thread-0 ] - [ INFO  ] [
				o.s.j.datasource.embedded.EmbeddedDatabaseFactory : 217 ] - Shutting down embedded database: url='jdbc:hsqldb:mem:dataSourceBar'
2016-03-31 12:41:52 [ main ] - [ INFO  ] [
				o.s.t.c.support.DefaultTestContextBootstrapper : 259 ] - Loaded default TestExecutionListener class names from location [META-INF/spring.factories]: [org.springframework.test.context.web.ServletTestExecutionListener, org.springframework.test.context.support.DirtiesContextBeforeModesTestExecutionListener, org.springframework.test.context.support.DependencyInjectionTestExecutionListener, org.springframework.test.context.support.DirtiesContextTestExecutionListener, org.springframework.test.context.transaction.TransactionalTestExecutionListener, org.springframework.test.context.jdbc.SqlScriptsTestExecutionListener]
2016-03-31 12:41:52 [ main ] - [ INFO  ] [
				o.s.t.c.support.DefaultTestContextBootstrapper : 207 ] - Could not instantiate TestExecutionListener [org.springframework.test.context.web.ServletTestExecutionListener]. Specify custom listener classes or make the default listener classes (and their required dependencies) available. Offending class: [javax/servlet/ServletContext]
2016-03-31 12:41:52 [ main ] - [ INFO  ] [
				o.s.t.c.support.DefaultTestContextBootstrapper : 185 ] - Using TestExecutionListeners: [org.springframework.test.context.support.DirtiesContextBeforeModesTestExecutionListener@86be70a, org.springframework.test.context.support.DependencyInjectionTestExecutionListener@480bdb19, org.springframework.test.context.support.DirtiesContextTestExecutionListener@2a556333, org.springframework.test.context.transaction.TransactionalTestExecutionListener@7d70d1b1, org.springframework.test.context.jdbc.SqlScriptsTestExecutionListener@2a742aa2]
2016-03-31 12:41:52 [ main ] - [ INFO  ] [
				o.s.beans.factory.xml.XmlBeanDefinitionReader : 317 ] - Loading XML bean definitions from class path resource [spring.xml]
2016-03-31 12:41:52 [ main ] - [ INFO  ] [
				o.s.context.support.GenericApplicationContext : 577 ] - Refreshing org.springframework.context.support.GenericApplicationContext@64f6106c: startup date [Thu Mar 31 12:41:52 CST 2016]; root of context hierarchy
2016-03-31 12:41:53 [ main ] - [ WARN  ] [
				org.mybatis.spring.mapper.ClassPathMapperScanner : 167 ] - No MyBatis mapper was found in '[com.wenchukai..mapper.*]' package. Please check your configuration.
2016-03-31 12:41:53 [ main ] - [ INFO  ] [
				o.s.j.datasource.embedded.EmbeddedDatabaseFactory : 185 ] - Starting embedded database: url='jdbc:hsqldb:mem:dataSourceBar', username='sa'
2016-03-31 12:41:53 [ main ] - [ INFO  ] [
				o.springframework.jdbc.datasource.init.ScriptUtils : 443 ] - Executing SQL script from class path resource [database-schema-bar.sql]
2016-03-31 12:41:53 [ main ] - [ INFO  ] [
				o.springframework.jdbc.datasource.init.ScriptUtils : 502 ] - Executed SQL script from class path resource [database-schema-bar.sql] in 3 ms.
2016-03-31 12:41:53 [ Thread-0 ] - [ INFO  ] [
				o.s.context.support.GenericApplicationContext : 957 ] - Closing org.springframework.context.support.GenericApplicationContext@64f6106c: startup date [Thu Mar 31 12:41:52 CST 2016]; root of context hierarchy
2016-03-31 12:41:53 [ Thread-0 ] - [ INFO  ] [
				o.s.j.datasource.embedded.EmbeddedDatabaseFactory : 217 ] - Shutting down embedded database: url='jdbc:hsqldb:mem:dataSourceBar'
2016-03-31 12:43:27 [ main ] - [ INFO  ] [
				o.s.t.c.support.DefaultTestContextBootstrapper : 259 ] - Loaded default TestExecutionListener class names from location [META-INF/spring.factories]: [org.springframework.test.context.web.ServletTestExecutionListener, org.springframework.test.context.support.DirtiesContextBeforeModesTestExecutionListener, org.springframework.test.context.support.DependencyInjectionTestExecutionListener, org.springframework.test.context.support.DirtiesContextTestExecutionListener, org.springframework.test.context.transaction.TransactionalTestExecutionListener, org.springframework.test.context.jdbc.SqlScriptsTestExecutionListener]
2016-03-31 12:43:27 [ main ] - [ INFO  ] [
				o.s.t.c.support.DefaultTestContextBootstrapper : 207 ] - Could not instantiate TestExecutionListener [org.springframework.test.context.web.ServletTestExecutionListener]. Specify custom listener classes or make the default listener classes (and their required dependencies) available. Offending class: [javax/servlet/ServletContext]
2016-03-31 12:43:27 [ main ] - [ INFO  ] [
				o.s.t.c.support.DefaultTestContextBootstrapper : 185 ] - Using TestExecutionListeners: [org.springframework.test.context.support.DirtiesContextBeforeModesTestExecutionListener@86be70a, org.springframework.test.context.support.DependencyInjectionTestExecutionListener@480bdb19, org.springframework.test.context.support.DirtiesContextTestExecutionListener@2a556333, org.springframework.test.context.transaction.TransactionalTestExecutionListener@7d70d1b1, org.springframework.test.context.jdbc.SqlScriptsTestExecutionListener@2a742aa2]
2016-03-31 12:43:27 [ main ] - [ INFO  ] [
				o.s.beans.factory.xml.XmlBeanDefinitionReader : 317 ] - Loading XML bean definitions from class path resource [spring.xml]
2016-03-31 12:43:27 [ main ] - [ INFO  ] [
				o.s.context.support.GenericApplicationContext : 577 ] - Refreshing org.springframework.context.support.GenericApplicationContext@64f6106c: startup date [Thu Mar 31 12:43:27 CST 2016]; root of context hierarchy
2016-03-31 12:43:27 [ main ] - [ WARN  ] [
				org.mybatis.spring.mapper.ClassPathMapperScanner : 167 ] - No MyBatis mapper was found in '[com.wenchukai..mapper.*]' package. Please check your configuration.
2016-03-31 12:43:27 [ main ] - [ INFO  ] [
				o.s.j.datasource.embedded.EmbeddedDatabaseFactory : 185 ] - Starting embedded database: url='jdbc:hsqldb:mem:dataSourceBar', username='sa'
2016-03-31 12:43:27 [ main ] - [ INFO  ] [
				o.springframework.jdbc.datasource.init.ScriptUtils : 443 ] - Executing SQL script from class path resource [database-schema-bar.sql]
2016-03-31 12:43:27 [ main ] - [ INFO  ] [
				o.springframework.jdbc.datasource.init.ScriptUtils : 502 ] - Executed SQL script from class path resource [database-schema-bar.sql] in 4 ms.
2016-03-31 12:43:27 [ Thread-0 ] - [ INFO  ] [
				o.s.context.support.GenericApplicationContext : 957 ] - Closing org.springframework.context.support.GenericApplicationContext@64f6106c: startup date [Thu Mar 31 12:43:27 CST 2016]; root of context hierarchy
2016-03-31 12:43:27 [ Thread-0 ] - [ INFO  ] [
				o.s.j.datasource.embedded.EmbeddedDatabaseFactory : 217 ] - Shutting down embedded database: url='jdbc:hsqldb:mem:dataSourceBar'
2016-03-31 12:44:02 [ main ] - [ INFO  ] [
				o.s.t.c.support.DefaultTestContextBootstrapper : 259 ] - Loaded default TestExecutionListener class names from location [META-INF/spring.factories]: [org.springframework.test.context.web.ServletTestExecutionListener, org.springframework.test.context.support.DirtiesContextBeforeModesTestExecutionListener, org.springframework.test.context.support.DependencyInjectionTestExecutionListener, org.springframework.test.context.support.DirtiesContextTestExecutionListener, org.springframework.test.context.transaction.TransactionalTestExecutionListener, org.springframework.test.context.jdbc.SqlScriptsTestExecutionListener]
2016-03-31 12:44:02 [ main ] - [ INFO  ] [
				o.s.t.c.support.DefaultTestContextBootstrapper : 207 ] - Could not instantiate TestExecutionListener [org.springframework.test.context.web.ServletTestExecutionListener]. Specify custom listener classes or make the default listener classes (and their required dependencies) available. Offending class: [javax/servlet/ServletContext]
2016-03-31 12:44:02 [ main ] - [ INFO  ] [
				o.s.t.c.support.DefaultTestContextBootstrapper : 185 ] - Using TestExecutionListeners: [org.springframework.test.context.support.DirtiesContextBeforeModesTestExecutionListener@86be70a, org.springframework.test.context.support.DependencyInjectionTestExecutionListener@480bdb19, org.springframework.test.context.support.DirtiesContextTestExecutionListener@2a556333, org.springframework.test.context.transaction.TransactionalTestExecutionListener@7d70d1b1, org.springframework.test.context.jdbc.SqlScriptsTestExecutionListener@2a742aa2]
2016-03-31 12:44:02 [ main ] - [ INFO  ] [
				o.s.beans.factory.xml.XmlBeanDefinitionReader : 317 ] - Loading XML bean definitions from class path resource [spring.xml]
2016-03-31 12:44:03 [ main ] - [ INFO  ] [
				o.s.context.support.GenericApplicationContext : 577 ] - Refreshing org.springframework.context.support.GenericApplicationContext@64f6106c: startup date [Thu Mar 31 12:44:03 CST 2016]; root of context hierarchy
2016-03-31 12:44:03 [ main ] - [ WARN  ] [
				org.mybatis.spring.mapper.ClassPathMapperScanner : 167 ] - No MyBatis mapper was found in '[com.wenchukai..mapper.*]' package. Please check your configuration.
2016-03-31 12:44:03 [ main ] - [ INFO  ] [
				o.s.j.datasource.embedded.EmbeddedDatabaseFactory : 185 ] - Starting embedded database: url='jdbc:hsqldb:mem:dataSourceBar', username='sa'
2016-03-31 12:44:03 [ main ] - [ INFO  ] [
				o.springframework.jdbc.datasource.init.ScriptUtils : 443 ] - Executing SQL script from class path resource [database-schema-bar.sql]
2016-03-31 12:44:03 [ main ] - [ INFO  ] [
				o.springframework.jdbc.datasource.init.ScriptUtils : 502 ] - Executed SQL script from class path resource [database-schema-bar.sql] in 2 ms.
2016-03-31 12:44:03 [ Thread-0 ] - [ INFO  ] [
				o.s.context.support.GenericApplicationContext : 957 ] - Closing org.springframework.context.support.GenericApplicationContext@64f6106c: startup date [Thu Mar 31 12:44:03 CST 2016]; root of context hierarchy
2016-03-31 12:44:03 [ Thread-0 ] - [ INFO  ] [
				o.s.j.datasource.embedded.EmbeddedDatabaseFactory : 217 ] - Shutting down embedded database: url='jdbc:hsqldb:mem:dataSourceBar'
2016-03-31 12:44:08 [ main ] - [ INFO  ] [
				o.s.t.c.support.DefaultTestContextBootstrapper : 259 ] - Loaded default TestExecutionListener class names from location [META-INF/spring.factories]: [org.springframework.test.context.web.ServletTestExecutionListener, org.springframework.test.context.support.DirtiesContextBeforeModesTestExecutionListener, org.springframework.test.context.support.DependencyInjectionTestExecutionListener, org.springframework.test.context.support.DirtiesContextTestExecutionListener, org.springframework.test.context.transaction.TransactionalTestExecutionListener, org.springframework.test.context.jdbc.SqlScriptsTestExecutionListener]
2016-03-31 12:44:08 [ main ] - [ INFO  ] [
				o.s.t.c.support.DefaultTestContextBootstrapper : 207 ] - Could not instantiate TestExecutionListener [org.springframework.test.context.web.ServletTestExecutionListener]. Specify custom listener classes or make the default listener classes (and their required dependencies) available. Offending class: [javax/servlet/ServletContext]
2016-03-31 12:44:08 [ main ] - [ INFO  ] [
				o.s.t.c.support.DefaultTestContextBootstrapper : 185 ] - Using TestExecutionListeners: [org.springframework.test.context.support.DirtiesContextBeforeModesTestExecutionListener@33c911a1, org.springframework.test.context.support.DependencyInjectionTestExecutionListener@75db5df9, org.springframework.test.context.support.DirtiesContextTestExecutionListener@707194ba, org.springframework.test.context.transaction.TransactionalTestExecutionListener@1190200a, org.springframework.test.context.jdbc.SqlScriptsTestExecutionListener@6a2f6f80]
2016-03-31 12:44:08 [ main ] - [ INFO  ] [
				o.s.beans.factory.xml.XmlBeanDefinitionReader : 317 ] - Loading XML bean definitions from class path resource [spring.xml]
2016-03-31 12:44:08 [ main ] - [ INFO  ] [
				o.s.context.support.GenericApplicationContext : 577 ] - Refreshing org.springframework.context.support.GenericApplicationContext@366647c2: startup date [Thu Mar 31 12:44:08 CST 2016]; root of context hierarchy
2016-03-31 12:44:08 [ main ] - [ WARN  ] [
				org.mybatis.spring.mapper.ClassPathMapperScanner : 167 ] - No MyBatis mapper was found in '[com.wenchukai..mapper.*]' package. Please check your configuration.
2016-03-31 12:44:08 [ main ] - [ INFO  ] [
				o.s.j.datasource.embedded.EmbeddedDatabaseFactory : 185 ] - Starting embedded database: url='jdbc:hsqldb:mem:dataSourceBar', username='sa'
2016-03-31 12:44:09 [ main ] - [ INFO  ] [
				o.springframework.jdbc.datasource.init.ScriptUtils : 443 ] - Executing SQL script from class path resource [database-schema-bar.sql]
2016-03-31 12:44:09 [ main ] - [ INFO  ] [
				o.springframework.jdbc.datasource.init.ScriptUtils : 502 ] - Executed SQL script from class path resource [database-schema-bar.sql] in 3 ms.
2016-03-31 12:46:07 [ Thread-0 ] - [ INFO  ] [
				o.s.context.support.GenericApplicationContext : 957 ] - Closing org.springframework.context.support.GenericApplicationContext@366647c2: startup date [Thu Mar 31 12:44:08 CST 2016]; root of context hierarchy
2016-03-31 12:46:07 [ Thread-0 ] - [ INFO  ] [
				o.s.j.datasource.embedded.EmbeddedDatabaseFactory : 217 ] - Shutting down embedded database: url='jdbc:hsqldb:mem:dataSourceBar'
2016-03-31 12:46:10 [ main ] - [ INFO  ] [
				o.s.t.c.support.DefaultTestContextBootstrapper : 259 ] - Loaded default TestExecutionListener class names from location [META-INF/spring.factories]: [org.springframework.test.context.web.ServletTestExecutionListener, org.springframework.test.context.support.DirtiesContextBeforeModesTestExecutionListener, org.springframework.test.context.support.DependencyInjectionTestExecutionListener, org.springframework.test.context.support.DirtiesContextTestExecutionListener, org.springframework.test.context.transaction.TransactionalTestExecutionListener, org.springframework.test.context.jdbc.SqlScriptsTestExecutionListener]
2016-03-31 12:46:10 [ main ] - [ INFO  ] [
				o.s.t.c.support.DefaultTestContextBootstrapper : 207 ] - Could not instantiate TestExecutionListener [org.springframework.test.context.web.ServletTestExecutionListener]. Specify custom listener classes or make the default listener classes (and their required dependencies) available. Offending class: [javax/servlet/ServletContext]
2016-03-31 12:46:10 [ main ] - [ INFO  ] [
				o.s.t.c.support.DefaultTestContextBootstrapper : 185 ] - Using TestExecutionListeners: [org.springframework.test.context.support.DirtiesContextBeforeModesTestExecutionListener@33c911a1, org.springframework.test.context.support.DependencyInjectionTestExecutionListener@75db5df9, org.springframework.test.context.support.DirtiesContextTestExecutionListener@707194ba, org.springframework.test.context.transaction.TransactionalTestExecutionListener@1190200a, org.springframework.test.context.jdbc.SqlScriptsTestExecutionListener@6a2f6f80]
2016-03-31 12:46:10 [ main ] - [ INFO  ] [
				o.s.beans.factory.xml.XmlBeanDefinitionReader : 317 ] - Loading XML bean definitions from class path resource [spring.xml]
2016-03-31 12:46:10 [ main ] - [ INFO  ] [
				o.s.context.support.GenericApplicationContext : 577 ] - Refreshing org.springframework.context.support.GenericApplicationContext@366647c2: startup date [Thu Mar 31 12:46:10 CST 2016]; root of context hierarchy
2016-03-31 12:46:10 [ main ] - [ WARN  ] [
				org.mybatis.spring.mapper.ClassPathMapperScanner : 167 ] - No MyBatis mapper was found in '[com.wenchukai..mapper.*]' package. Please check your configuration.
2016-03-31 12:46:10 [ main ] - [ INFO  ] [
				o.s.j.datasource.embedded.EmbeddedDatabaseFactory : 185 ] - Starting embedded database: url='jdbc:hsqldb:mem:dataSourceBar', username='sa'
2016-03-31 12:46:10 [ main ] - [ INFO  ] [
				o.springframework.jdbc.datasource.init.ScriptUtils : 443 ] - Executing SQL script from class path resource [database-schema-bar.sql]
2016-03-31 12:46:10 [ main ] - [ INFO  ] [
				o.springframework.jdbc.datasource.init.ScriptUtils : 502 ] - Executed SQL script from class path resource [database-schema-bar.sql] in 3 ms.
2016-03-31 12:46:11 [ Thread-0 ] - [ INFO  ] [
				o.s.context.support.GenericApplicationContext : 957 ] - Closing org.springframework.context.support.GenericApplicationContext@366647c2: startup date [Thu Mar 31 12:46:10 CST 2016]; root of context hierarchy
2016-03-31 12:46:11 [ Thread-0 ] - [ INFO  ] [
				o.s.j.datasource.embedded.EmbeddedDatabaseFactory : 217 ] - Shutting down embedded database: url='jdbc:hsqldb:mem:dataSourceBar'
2016-03-31 12:47:03 [ main ] - [ INFO  ] [
				o.s.t.c.support.DefaultTestContextBootstrapper : 259 ] - Loaded default TestExecutionListener class names from location [META-INF/spring.factories]: [org.springframework.test.context.web.ServletTestExecutionListener, org.springframework.test.context.support.DirtiesContextBeforeModesTestExecutionListener, org.springframework.test.context.support.DependencyInjectionTestExecutionListener, org.springframework.test.context.support.DirtiesContextTestExecutionListener, org.springframework.test.context.transaction.TransactionalTestExecutionListener, org.springframework.test.context.jdbc.SqlScriptsTestExecutionListener]
2016-03-31 12:47:03 [ main ] - [ INFO  ] [
				o.s.t.c.support.DefaultTestContextBootstrapper : 207 ] - Could not instantiate TestExecutionListener [org.springframework.test.context.web.ServletTestExecutionListener]. Specify custom listener classes or make the default listener classes (and their required dependencies) available. Offending class: [javax/servlet/ServletContext]
2016-03-31 12:47:03 [ main ] - [ INFO  ] [
				o.s.t.c.support.DefaultTestContextBootstrapper : 185 ] - Using TestExecutionListeners: [org.springframework.test.context.support.DirtiesContextBeforeModesTestExecutionListener@86be70a, org.springframework.test.context.support.DependencyInjectionTestExecutionListener@480bdb19, org.springframework.test.context.support.DirtiesContextTestExecutionListener@2a556333, org.springframework.test.context.transaction.TransactionalTestExecutionListener@7d70d1b1, org.springframework.test.context.jdbc.SqlScriptsTestExecutionListener@2a742aa2]
2016-03-31 12:47:03 [ main ] - [ INFO  ] [
				o.s.beans.factory.xml.XmlBeanDefinitionReader : 317 ] - Loading XML bean definitions from class path resource [spring.xml]
2016-03-31 12:47:03 [ main ] - [ INFO  ] [
				o.s.context.support.GenericApplicationContext : 577 ] - Refreshing org.springframework.context.support.GenericApplicationContext@64f6106c: startup date [Thu Mar 31 12:47:03 CST 2016]; root of context hierarchy
2016-03-31 12:47:03 [ main ] - [ WARN  ] [
				org.mybatis.spring.mapper.ClassPathMapperScanner : 167 ] - No MyBatis mapper was found in '[com.wenchukai..mapper.*]' package. Please check your configuration.
2016-03-31 12:47:03 [ main ] - [ INFO  ] [
				o.s.j.datasource.embedded.EmbeddedDatabaseFactory : 185 ] - Starting embedded database: url='jdbc:hsqldb:mem:dataSourceBar', username='sa'
2016-03-31 12:47:03 [ main ] - [ INFO  ] [
				o.springframework.jdbc.datasource.init.ScriptUtils : 443 ] - Executing SQL script from class path resource [database-schema-bar.sql]
2016-03-31 12:47:03 [ main ] - [ INFO  ] [
				o.springframework.jdbc.datasource.init.ScriptUtils : 502 ] - Executed SQL script from class path resource [database-schema-bar.sql] in 2 ms.
2016-03-31 12:47:03 [ Thread-0 ] - [ INFO  ] [
				o.s.context.support.GenericApplicationContext : 957 ] - Closing org.springframework.context.support.GenericApplicationContext@64f6106c: startup date [Thu Mar 31 12:47:03 CST 2016]; root of context hierarchy
2016-03-31 12:47:03 [ Thread-0 ] - [ INFO  ] [
				o.s.j.datasource.embedded.EmbeddedDatabaseFactory : 217 ] - Shutting down embedded database: url='jdbc:hsqldb:mem:dataSourceBar'
2016-03-31 12:47:06 [ main ] - [ INFO  ] [
				o.s.t.c.support.DefaultTestContextBootstrapper : 259 ] - Loaded default TestExecutionListener class names from location [META-INF/spring.factories]: [org.springframework.test.context.web.ServletTestExecutionListener, org.springframework.test.context.support.DirtiesContextBeforeModesTestExecutionListener, org.springframework.test.context.support.DependencyInjectionTestExecutionListener, org.springframework.test.context.support.DirtiesContextTestExecutionListener, org.springframework.test.context.transaction.TransactionalTestExecutionListener, org.springframework.test.context.jdbc.SqlScriptsTestExecutionListener]
2016-03-31 12:47:06 [ main ] - [ INFO  ] [
				o.s.t.c.support.DefaultTestContextBootstrapper : 207 ] - Could not instantiate TestExecutionListener [org.springframework.test.context.web.ServletTestExecutionListener]. Specify custom listener classes or make the default listener classes (and their required dependencies) available. Offending class: [javax/servlet/ServletContext]
2016-03-31 12:47:06 [ main ] - [ INFO  ] [
				o.s.t.c.support.DefaultTestContextBootstrapper : 185 ] - Using TestExecutionListeners: [org.springframework.test.context.support.DirtiesContextBeforeModesTestExecutionListener@33c911a1, org.springframework.test.context.support.DependencyInjectionTestExecutionListener@75db5df9, org.springframework.test.context.support.DirtiesContextTestExecutionListener@707194ba, org.springframework.test.context.transaction.TransactionalTestExecutionListener@1190200a, org.springframework.test.context.jdbc.SqlScriptsTestExecutionListener@6a2f6f80]
2016-03-31 12:47:06 [ main ] - [ INFO  ] [
				o.s.beans.factory.xml.XmlBeanDefinitionReader : 317 ] - Loading XML bean definitions from class path resource [spring.xml]
2016-03-31 12:47:06 [ main ] - [ INFO  ] [
				o.s.context.support.GenericApplicationContext : 577 ] - Refreshing org.springframework.context.support.GenericApplicationContext@366647c2: startup date [Thu Mar 31 12:47:06 CST 2016]; root of context hierarchy
2016-03-31 12:47:06 [ main ] - [ WARN  ] [
				org.mybatis.spring.mapper.ClassPathMapperScanner : 167 ] - No MyBatis mapper was found in '[com.wenchukai..mapper.*]' package. Please check your configuration.
2016-03-31 12:47:06 [ main ] - [ INFO  ] [
				o.s.j.datasource.embedded.EmbeddedDatabaseFactory : 185 ] - Starting embedded database: url='jdbc:hsqldb:mem:dataSourceBar', username='sa'
2016-03-31 12:47:06 [ main ] - [ INFO  ] [
				o.springframework.jdbc.datasource.init.ScriptUtils : 443 ] - Executing SQL script from class path resource [database-schema-bar.sql]
2016-03-31 12:47:06 [ main ] - [ INFO  ] [
				o.springframework.jdbc.datasource.init.ScriptUtils : 502 ] - Executed SQL script from class path resource [database-schema-bar.sql] in 3 ms.
2016-03-31 12:47:06 [ Thread-0 ] - [ INFO  ] [
				o.s.context.support.GenericApplicationContext : 957 ] - Closing org.springframework.context.support.GenericApplicationContext@366647c2: startup date [Thu Mar 31 12:47:06 CST 2016]; root of context hierarchy
2016-03-31 12:47:06 [ Thread-0 ] - [ INFO  ] [
				o.s.j.datasource.embedded.EmbeddedDatabaseFactory : 217 ] - Shutting down embedded database: url='jdbc:hsqldb:mem:dataSourceBar'
2016-03-31 12:47:23 [ main ] - [ INFO  ] [
				o.s.t.c.support.DefaultTestContextBootstrapper : 259 ] - Loaded default TestExecutionListener class names from location [META-INF/spring.factories]: [org.springframework.test.context.web.ServletTestExecutionListener, org.springframework.test.context.support.DirtiesContextBeforeModesTestExecutionListener, org.springframework.test.context.support.DependencyInjectionTestExecutionListener, org.springframework.test.context.support.DirtiesContextTestExecutionListener, org.springframework.test.context.transaction.TransactionalTestExecutionListener, org.springframework.test.context.jdbc.SqlScriptsTestExecutionListener]
2016-03-31 12:47:23 [ main ] - [ INFO  ] [
				o.s.t.c.support.DefaultTestContextBootstrapper : 207 ] - Could not instantiate TestExecutionListener [org.springframework.test.context.web.ServletTestExecutionListener]. Specify custom listener classes or make the default listener classes (and their required dependencies) available. Offending class: [javax/servlet/ServletContext]
2016-03-31 12:47:23 [ main ] - [ INFO  ] [
				o.s.t.c.support.DefaultTestContextBootstrapper : 185 ] - Using TestExecutionListeners: [org.springframework.test.context.support.DirtiesContextBeforeModesTestExecutionListener@33c911a1, org.springframework.test.context.support.DependencyInjectionTestExecutionListener@75db5df9, org.springframework.test.context.support.DirtiesContextTestExecutionListener@707194ba, org.springframework.test.context.transaction.TransactionalTestExecutionListener@1190200a, org.springframework.test.context.jdbc.SqlScriptsTestExecutionListener@6a2f6f80]
2016-03-31 12:47:23 [ main ] - [ INFO  ] [
				o.s.beans.factory.xml.XmlBeanDefinitionReader : 317 ] - Loading XML bean definitions from class path resource [spring.xml]
2016-03-31 12:47:23 [ main ] - [ INFO  ] [
				o.s.context.support.GenericApplicationContext : 577 ] - Refreshing org.springframework.context.support.GenericApplicationContext@366647c2: startup date [Thu Mar 31 12:47:23 CST 2016]; root of context hierarchy
2016-03-31 12:47:23 [ main ] - [ WARN  ] [
				org.mybatis.spring.mapper.ClassPathMapperScanner : 167 ] - No MyBatis mapper was found in '[com.wenchukai..mapper.*]' package. Please check your configuration.
2016-03-31 12:47:23 [ main ] - [ INFO  ] [
				o.s.j.datasource.embedded.EmbeddedDatabaseFactory : 185 ] - Starting embedded database: url='jdbc:hsqldb:mem:dataSourceBar', username='sa'
2016-03-31 12:47:23 [ main ] - [ INFO  ] [
				o.springframework.jdbc.datasource.init.ScriptUtils : 443 ] - Executing SQL script from class path resource [database-schema-bar.sql]
2016-03-31 12:47:23 [ main ] - [ INFO  ] [
				o.springframework.jdbc.datasource.init.ScriptUtils : 502 ] - Executed SQL script from class path resource [database-schema-bar.sql] in 3 ms.
2016-03-31 12:47:30 [ Thread-0 ] - [ INFO  ] [
				o.s.context.support.GenericApplicationContext : 957 ] - Closing org.springframework.context.support.GenericApplicationContext@366647c2: startup date [Thu Mar 31 12:47:23 CST 2016]; root of context hierarchy
2016-03-31 12:47:30 [ Thread-0 ] - [ INFO  ] [
				o.s.j.datasource.embedded.EmbeddedDatabaseFactory : 217 ] - Shutting down embedded database: url='jdbc:hsqldb:mem:dataSourceBar'
2016-03-31 12:50:08 [ main ] - [ INFO  ] [
				o.s.t.c.support.DefaultTestContextBootstrapper : 259 ] - Loaded default TestExecutionListener class names from location [META-INF/spring.factories]: [org.springframework.test.context.web.ServletTestExecutionListener, org.springframework.test.context.support.DirtiesContextBeforeModesTestExecutionListener, org.springframework.test.context.support.DependencyInjectionTestExecutionListener, org.springframework.test.context.support.DirtiesContextTestExecutionListener, org.springframework.test.context.transaction.TransactionalTestExecutionListener, org.springframework.test.context.jdbc.SqlScriptsTestExecutionListener]
2016-03-31 12:50:08 [ main ] - [ INFO  ] [
				o.s.t.c.support.DefaultTestContextBootstrapper : 207 ] - Could not instantiate TestExecutionListener [org.springframework.test.context.web.ServletTestExecutionListener]. Specify custom listener classes or make the default listener classes (and their required dependencies) available. Offending class: [javax/servlet/ServletContext]
2016-03-31 12:50:08 [ main ] - [ INFO  ] [
				o.s.t.c.support.DefaultTestContextBootstrapper : 185 ] - Using TestExecutionListeners: [org.springframework.test.context.support.DirtiesContextBeforeModesTestExecutionListener@86be70a, org.springframework.test.context.support.DependencyInjectionTestExecutionListener@480bdb19, org.springframework.test.context.support.DirtiesContextTestExecutionListener@2a556333, org.springframework.test.context.transaction.TransactionalTestExecutionListener@7d70d1b1, org.springframework.test.context.jdbc.SqlScriptsTestExecutionListener@2a742aa2]
2016-03-31 12:50:08 [ main ] - [ INFO  ] [
				o.s.beans.factory.xml.XmlBeanDefinitionReader : 317 ] - Loading XML bean definitions from class path resource [spring.xml]
2016-03-31 12:50:09 [ main ] - [ INFO  ] [
				o.s.context.support.GenericApplicationContext : 577 ] - Refreshing org.springframework.context.support.GenericApplicationContext@64f6106c: startup date [Thu Mar 31 12:50:09 CST 2016]; root of context hierarchy
2016-03-31 12:50:09 [ main ] - [ WARN  ] [
				org.mybatis.spring.mapper.ClassPathMapperScanner : 167 ] - No MyBatis mapper was found in '[com.wenchukai..mapper.*]' package. Please check your configuration.
2016-03-31 12:50:09 [ main ] - [ INFO  ] [
				o.s.j.datasource.embedded.EmbeddedDatabaseFactory : 185 ] - Starting embedded database: url='jdbc:hsqldb:mem:dataSourceBar', username='sa'
2016-03-31 12:50:09 [ main ] - [ INFO  ] [
				o.springframework.jdbc.datasource.init.ScriptUtils : 443 ] - Executing SQL script from class path resource [database-schema-bar.sql]
2016-03-31 12:50:09 [ main ] - [ INFO  ] [
				o.springframework.jdbc.datasource.init.ScriptUtils : 502 ] - Executed SQL script from class path resource [database-schema-bar.sql] in 2 ms.
2016-03-31 12:50:09 [ Thread-0 ] - [ INFO  ] [
				o.s.context.support.GenericApplicationContext : 957 ] - Closing org.springframework.context.support.GenericApplicationContext@64f6106c: startup date [Thu Mar 31 12:50:09 CST 2016]; root of context hierarchy
2016-03-31 12:50:09 [ Thread-0 ] - [ INFO  ] [
				o.s.j.datasource.embedded.EmbeddedDatabaseFactory : 217 ] - Shutting down embedded database: url='jdbc:hsqldb:mem:dataSourceBar'
2016-03-31 12:50:52 [ main ] - [ INFO  ] [
				o.s.t.c.support.DefaultTestContextBootstrapper : 259 ] - Loaded default TestExecutionListener class names from location [META-INF/spring.factories]: [org.springframework.test.context.web.ServletTestExecutionListener, org.springframework.test.context.support.DirtiesContextBeforeModesTestExecutionListener, org.springframework.test.context.support.DependencyInjectionTestExecutionListener, org.springframework.test.context.support.DirtiesContextTestExecutionListener, org.springframework.test.context.transaction.TransactionalTestExecutionListener, org.springframework.test.context.jdbc.SqlScriptsTestExecutionListener]
2016-03-31 12:50:52 [ main ] - [ INFO  ] [
				o.s.t.c.support.DefaultTestContextBootstrapper : 207 ] - Could not instantiate TestExecutionListener [org.springframework.test.context.web.ServletTestExecutionListener]. Specify custom listener classes or make the default listener classes (and their required dependencies) available. Offending class: [javax/servlet/ServletContext]
2016-03-31 12:50:52 [ main ] - [ INFO  ] [
				o.s.t.c.support.DefaultTestContextBootstrapper : 185 ] - Using TestExecutionListeners: [org.springframework.test.context.support.DirtiesContextBeforeModesTestExecutionListener@33c911a1, org.springframework.test.context.support.DependencyInjectionTestExecutionListener@75db5df9, org.springframework.test.context.support.DirtiesContextTestExecutionListener@707194ba, org.springframework.test.context.transaction.TransactionalTestExecutionListener@1190200a, org.springframework.test.context.jdbc.SqlScriptsTestExecutionListener@6a2f6f80]
2016-03-31 12:50:52 [ main ] - [ INFO  ] [
				o.s.beans.factory.xml.XmlBeanDefinitionReader : 317 ] - Loading XML bean definitions from class path resource [spring.xml]
2016-03-31 12:50:52 [ main ] - [ INFO  ] [
				o.s.context.support.GenericApplicationContext : 577 ] - Refreshing org.springframework.context.support.GenericApplicationContext@366647c2: startup date [Thu Mar 31 12:50:52 CST 2016]; root of context hierarchy
2016-03-31 12:51:28 [ main ] - [ WARN  ] [
				org.mybatis.spring.mapper.ClassPathMapperScanner : 167 ] - No MyBatis mapper was found in '[com.wenchukai..mapper.*]' package. Please check your configuration.
2016-03-31 12:51:28 [ main ] - [ INFO  ] [
				o.s.j.datasource.embedded.EmbeddedDatabaseFactory : 185 ] - Starting embedded database: url='jdbc:hsqldb:mem:dataSourceBar', username='sa'
2016-03-31 12:51:28 [ main ] - [ INFO  ] [
				o.springframework.jdbc.datasource.init.ScriptUtils : 443 ] - Executing SQL script from class path resource [database-schema-bar.sql]
2016-03-31 12:51:28 [ main ] - [ INFO  ] [
				o.springframework.jdbc.datasource.init.ScriptUtils : 502 ] - Executed SQL script from class path resource [database-schema-bar.sql] in 3 ms.
2016-03-31 12:51:29 [ Thread-0 ] - [ INFO  ] [
				o.s.context.support.GenericApplicationContext : 957 ] - Closing org.springframework.context.support.GenericApplicationContext@366647c2: startup date [Thu Mar 31 12:50:52 CST 2016]; root of context hierarchy
2016-03-31 12:51:29 [ Thread-0 ] - [ INFO  ] [
				o.s.j.datasource.embedded.EmbeddedDatabaseFactory : 217 ] - Shutting down embedded database: url='jdbc:hsqldb:mem:dataSourceBar'
2016-03-31 12:51:54 [ main ] - [ INFO  ] [
				o.s.t.c.support.DefaultTestContextBootstrapper : 259 ] - Loaded default TestExecutionListener class names from location [META-INF/spring.factories]: [org.springframework.test.context.web.ServletTestExecutionListener, org.springframework.test.context.support.DirtiesContextBeforeModesTestExecutionListener, org.springframework.test.context.support.DependencyInjectionTestExecutionListener, org.springframework.test.context.support.DirtiesContextTestExecutionListener, org.springframework.test.context.transaction.TransactionalTestExecutionListener, org.springframework.test.context.jdbc.SqlScriptsTestExecutionListener]
2016-03-31 12:51:54 [ main ] - [ INFO  ] [
				o.s.t.c.support.DefaultTestContextBootstrapper : 207 ] - Could not instantiate TestExecutionListener [org.springframework.test.context.web.ServletTestExecutionListener]. Specify custom listener classes or make the default listener classes (and their required dependencies) available. Offending class: [javax/servlet/ServletContext]
2016-03-31 12:51:54 [ main ] - [ INFO  ] [
				o.s.t.c.support.DefaultTestContextBootstrapper : 185 ] - Using TestExecutionListeners: [org.springframework.test.context.support.DirtiesContextBeforeModesTestExecutionListener@33c911a1, org.springframework.test.context.support.DependencyInjectionTestExecutionListener@75db5df9, org.springframework.test.context.support.DirtiesContextTestExecutionListener@707194ba, org.springframework.test.context.transaction.TransactionalTestExecutionListener@1190200a, org.springframework.test.context.jdbc.SqlScriptsTestExecutionListener@6a2f6f80]
2016-03-31 12:51:54 [ main ] - [ INFO  ] [
				o.s.beans.factory.xml.XmlBeanDefinitionReader : 317 ] - Loading XML bean definitions from class path resource [spring.xml]
2016-03-31 12:51:54 [ main ] - [ INFO  ] [
				o.s.context.support.GenericApplicationContext : 577 ] - Refreshing org.springframework.context.support.GenericApplicationContext@366647c2: startup date [Thu Mar 31 12:51:54 CST 2016]; root of context hierarchy
2016-03-31 12:52:09 [ main ] - [ WARN  ] [
				org.mybatis.spring.mapper.ClassPathMapperScanner : 167 ] - No MyBatis mapper was found in '[com.wenchukai..mapper.*]' package. Please check your configuration.
2016-03-31 12:52:19 [ main ] - [ INFO  ] [
				o.s.j.datasource.embedded.EmbeddedDatabaseFactory : 185 ] - Starting embedded database: url='jdbc:hsqldb:mem:dataSourceBar', username='sa'
2016-03-31 12:52:19 [ main ] - [ INFO  ] [
				o.springframework.jdbc.datasource.init.ScriptUtils : 443 ] - Executing SQL script from class path resource [database-schema-bar.sql]
2016-03-31 12:52:19 [ main ] - [ INFO  ] [
				o.springframework.jdbc.datasource.init.ScriptUtils : 502 ] - Executed SQL script from class path resource [database-schema-bar.sql] in 3 ms.
2016-03-31 12:52:20 [ Thread-0 ] - [ INFO  ] [
				o.s.context.support.GenericApplicationContext : 957 ] - Closing org.springframework.context.support.GenericApplicationContext@366647c2: startup date [Thu Mar 31 12:51:54 CST 2016]; root of context hierarchy
2016-03-31 12:52:20 [ Thread-0 ] - [ INFO  ] [
				o.s.j.datasource.embedded.EmbeddedDatabaseFactory : 217 ] - Shutting down embedded database: url='jdbc:hsqldb:mem:dataSourceBar'
2016-03-31 12:52:44 [ main ] - [ INFO  ] [
				o.s.t.c.support.DefaultTestContextBootstrapper : 259 ] - Loaded default TestExecutionListener class names from location [META-INF/spring.factories]: [org.springframework.test.context.web.ServletTestExecutionListener, org.springframework.test.context.support.DirtiesContextBeforeModesTestExecutionListener, org.springframework.test.context.support.DependencyInjectionTestExecutionListener, org.springframework.test.context.support.DirtiesContextTestExecutionListener, org.springframework.test.context.transaction.TransactionalTestExecutionListener, org.springframework.test.context.jdbc.SqlScriptsTestExecutionListener]
2016-03-31 12:52:44 [ main ] - [ INFO  ] [
				o.s.t.c.support.DefaultTestContextBootstrapper : 207 ] - Could not instantiate TestExecutionListener [org.springframework.test.context.web.ServletTestExecutionListener]. Specify custom listener classes or make the default listener classes (and their required dependencies) available. Offending class: [javax/servlet/ServletContext]
2016-03-31 12:52:44 [ main ] - [ INFO  ] [
				o.s.t.c.support.DefaultTestContextBootstrapper : 185 ] - Using TestExecutionListeners: [org.springframework.test.context.support.DirtiesContextBeforeModesTestExecutionListener@33c911a1, org.springframework.test.context.support.DependencyInjectionTestExecutionListener@75db5df9, org.springframework.test.context.support.DirtiesContextTestExecutionListener@707194ba, org.springframework.test.context.transaction.TransactionalTestExecutionListener@1190200a, org.springframework.test.context.jdbc.SqlScriptsTestExecutionListener@6a2f6f80]
2016-03-31 12:52:44 [ main ] - [ INFO  ] [
				o.s.beans.factory.xml.XmlBeanDefinitionReader : 317 ] - Loading XML bean definitions from class path resource [spring.xml]
2016-03-31 12:52:44 [ main ] - [ INFO  ] [
				o.s.context.support.GenericApplicationContext : 577 ] - Refreshing org.springframework.context.support.GenericApplicationContext@366647c2: startup date [Thu Mar 31 12:52:44 CST 2016]; root of context hierarchy
2016-03-31 12:52:49 [ main ] - [ WARN  ] [
				org.mybatis.spring.mapper.ClassPathMapperScanner : 167 ] - No MyBatis mapper was found in '[com.wenchukai.mapper.*]' package. Please check your configuration.
2016-03-31 12:52:49 [ main ] - [ INFO  ] [
				o.s.j.datasource.embedded.EmbeddedDatabaseFactory : 185 ] - Starting embedded database: url='jdbc:hsqldb:mem:dataSourceBar', username='sa'
2016-03-31 12:52:49 [ main ] - [ INFO  ] [
				o.springframework.jdbc.datasource.init.ScriptUtils : 443 ] - Executing SQL script from class path resource [database-schema-bar.sql]
2016-03-31 12:52:49 [ main ] - [ INFO  ] [
				o.springframework.jdbc.datasource.init.ScriptUtils : 502 ] - Executed SQL script from class path resource [database-schema-bar.sql] in 3 ms.
2016-03-31 12:52:49 [ Thread-0 ] - [ INFO  ] [
				o.s.context.support.GenericApplicationContext : 957 ] - Closing org.springframework.context.support.GenericApplicationContext@366647c2: startup date [Thu Mar 31 12:52:44 CST 2016]; root of context hierarchy
2016-03-31 12:52:49 [ Thread-0 ] - [ INFO  ] [
				o.s.j.datasource.embedded.EmbeddedDatabaseFactory : 217 ] - Shutting down embedded database: url='jdbc:hsqldb:mem:dataSourceBar'
2016-03-31 12:53:08 [ main ] - [ INFO  ] [
				o.s.t.c.support.DefaultTestContextBootstrapper : 259 ] - Loaded default TestExecutionListener class names from location [META-INF/spring.factories]: [org.springframework.test.context.web.ServletTestExecutionListener, org.springframework.test.context.support.DirtiesContextBeforeModesTestExecutionListener, org.springframework.test.context.support.DependencyInjectionTestExecutionListener, org.springframework.test.context.support.DirtiesContextTestExecutionListener, org.springframework.test.context.transaction.TransactionalTestExecutionListener, org.springframework.test.context.jdbc.SqlScriptsTestExecutionListener]
2016-03-31 12:53:08 [ main ] - [ INFO  ] [
				o.s.t.c.support.DefaultTestContextBootstrapper : 207 ] - Could not instantiate TestExecutionListener [org.springframework.test.context.web.ServletTestExecutionListener]. Specify custom listener classes or make the default listener classes (and their required dependencies) available. Offending class: [javax/servlet/ServletContext]
2016-03-31 12:53:08 [ main ] - [ INFO  ] [
				o.s.t.c.support.DefaultTestContextBootstrapper : 185 ] - Using TestExecutionListeners: [org.springframework.test.context.support.DirtiesContextBeforeModesTestExecutionListener@33c911a1, org.springframework.test.context.support.DependencyInjectionTestExecutionListener@75db5df9, org.springframework.test.context.support.DirtiesContextTestExecutionListener@707194ba, org.springframework.test.context.transaction.TransactionalTestExecutionListener@1190200a, org.springframework.test.context.jdbc.SqlScriptsTestExecutionListener@6a2f6f80]
2016-03-31 12:53:08 [ main ] - [ INFO  ] [
				o.s.beans.factory.xml.XmlBeanDefinitionReader : 317 ] - Loading XML bean definitions from class path resource [spring.xml]
2016-03-31 12:53:08 [ main ] - [ INFO  ] [
				o.s.context.support.GenericApplicationContext : 577 ] - Refreshing org.springframework.context.support.GenericApplicationContext@366647c2: startup date [Thu Mar 31 12:53:08 CST 2016]; root of context hierarchy
2016-03-31 12:53:14 [ main ] - [ INFO  ] [
				o.s.j.datasource.embedded.EmbeddedDatabaseFactory : 185 ] - Starting embedded database: url='jdbc:hsqldb:mem:dataSourceBar', username='sa'
2016-03-31 12:53:14 [ main ] - [ INFO  ] [
				o.springframework.jdbc.datasource.init.ScriptUtils : 443 ] - Executing SQL script from class path resource [database-schema-bar.sql]
2016-03-31 12:53:14 [ main ] - [ INFO  ] [
				o.springframework.jdbc.datasource.init.ScriptUtils : 502 ] - Executed SQL script from class path resource [database-schema-bar.sql] in 3 ms.
2016-03-31 12:53:14 [ Thread-0 ] - [ INFO  ] [
				o.s.context.support.GenericApplicationContext : 957 ] - Closing org.springframework.context.support.GenericApplicationContext@366647c2: startup date [Thu Mar 31 12:53:08 CST 2016]; root of context hierarchy
2016-03-31 12:53:14 [ Thread-0 ] - [ INFO  ] [
				o.s.j.datasource.embedded.EmbeddedDatabaseFactory : 217 ] - Shutting down embedded database: url='jdbc:hsqldb:mem:dataSourceBar'
2016-03-31 12:53:19 [ main ] - [ INFO  ] [
				o.s.t.c.support.DefaultTestContextBootstrapper : 259 ] - Loaded default TestExecutionListener class names from location [META-INF/spring.factories]: [org.springframework.test.context.web.ServletTestExecutionListener, org.springframework.test.context.support.DirtiesContextBeforeModesTestExecutionListener, org.springframework.test.context.support.DependencyInjectionTestExecutionListener, org.springframework.test.context.support.DirtiesContextTestExecutionListener, org.springframework.test.context.transaction.TransactionalTestExecutionListener, org.springframework.test.context.jdbc.SqlScriptsTestExecutionListener]
2016-03-31 12:53:19 [ main ] - [ INFO  ] [
				o.s.t.c.support.DefaultTestContextBootstrapper : 207 ] - Could not instantiate TestExecutionListener [org.springframework.test.context.web.ServletTestExecutionListener]. Specify custom listener classes or make the default listener classes (and their required dependencies) available. Offending class: [javax/servlet/ServletContext]
2016-03-31 12:53:19 [ main ] - [ INFO  ] [
				o.s.t.c.support.DefaultTestContextBootstrapper : 185 ] - Using TestExecutionListeners: [org.springframework.test.context.support.DirtiesContextBeforeModesTestExecutionListener@33c911a1, org.springframework.test.context.support.DependencyInjectionTestExecutionListener@75db5df9, org.springframework.test.context.support.DirtiesContextTestExecutionListener@707194ba, org.springframework.test.context.transaction.TransactionalTestExecutionListener@1190200a, org.springframework.test.context.jdbc.SqlScriptsTestExecutionListener@6a2f6f80]
2016-03-31 12:53:19 [ main ] - [ INFO  ] [
				o.s.beans.factory.xml.XmlBeanDefinitionReader : 317 ] - Loading XML bean definitions from class path resource [spring.xml]
2016-03-31 12:53:19 [ main ] - [ INFO  ] [
				o.s.context.support.GenericApplicationContext : 577 ] - Refreshing org.springframework.context.support.GenericApplicationContext@366647c2: startup date [Thu Mar 31 12:53:19 CST 2016]; root of context hierarchy
2016-03-31 12:54:39 [ main ] - [ INFO  ] [
				o.s.j.datasource.embedded.EmbeddedDatabaseFactory : 185 ] - Starting embedded database: url='jdbc:hsqldb:mem:dataSourceBar', username='sa'
2016-03-31 12:54:40 [ main ] - [ INFO  ] [
				o.springframework.jdbc.datasource.init.ScriptUtils : 443 ] - Executing SQL script from class path resource [database-schema-bar.sql]
2016-03-31 12:54:40 [ main ] - [ INFO  ] [
				o.springframework.jdbc.datasource.init.ScriptUtils : 502 ] - Executed SQL script from class path resource [database-schema-bar.sql] in 3 ms.
2016-03-31 12:54:40 [ Thread-0 ] - [ INFO  ] [
				o.s.context.support.GenericApplicationContext : 957 ] - Closing org.springframework.context.support.GenericApplicationContext@366647c2: startup date [Thu Mar 31 12:53:19 CST 2016]; root of context hierarchy
2016-03-31 12:54:40 [ Thread-0 ] - [ INFO  ] [
				o.s.j.datasource.embedded.EmbeddedDatabaseFactory : 217 ] - Shutting down embedded database: url='jdbc:hsqldb:mem:dataSourceBar'
2016-03-31 12:54:56 [ main ] - [ INFO  ] [
				o.s.t.c.support.DefaultTestContextBootstrapper : 259 ] - Loaded default TestExecutionListener class names from location [META-INF/spring.factories]: [org.springframework.test.context.web.ServletTestExecutionListener, org.springframework.test.context.support.DirtiesContextBeforeModesTestExecutionListener, org.springframework.test.context.support.DependencyInjectionTestExecutionListener, org.springframework.test.context.support.DirtiesContextTestExecutionListener, org.springframework.test.context.transaction.TransactionalTestExecutionListener, org.springframework.test.context.jdbc.SqlScriptsTestExecutionListener]
2016-03-31 12:54:56 [ main ] - [ INFO  ] [
				o.s.t.c.support.DefaultTestContextBootstrapper : 207 ] - Could not instantiate TestExecutionListener [org.springframework.test.context.web.ServletTestExecutionListener]. Specify custom listener classes or make the default listener classes (and their required dependencies) available. Offending class: [javax/servlet/ServletContext]
2016-03-31 12:54:56 [ main ] - [ INFO  ] [
				o.s.t.c.support.DefaultTestContextBootstrapper : 185 ] - Using TestExecutionListeners: [org.springframework.test.context.support.DirtiesContextBeforeModesTestExecutionListener@86be70a, org.springframework.test.context.support.DependencyInjectionTestExecutionListener@480bdb19, org.springframework.test.context.support.DirtiesContextTestExecutionListener@2a556333, org.springframework.test.context.transaction.TransactionalTestExecutionListener@7d70d1b1, org.springframework.test.context.jdbc.SqlScriptsTestExecutionListener@2a742aa2]
2016-03-31 12:54:56 [ main ] - [ INFO  ] [
				o.s.beans.factory.xml.XmlBeanDefinitionReader : 317 ] - Loading XML bean definitions from class path resource [spring.xml]
2016-03-31 12:54:56 [ main ] - [ INFO  ] [
				o.s.context.support.GenericApplicationContext : 577 ] - Refreshing org.springframework.context.support.GenericApplicationContext@64f6106c: startup date [Thu Mar 31 12:54:56 CST 2016]; root of context hierarchy
2016-03-31 12:54:56 [ main ] - [ INFO  ] [
				o.s.j.datasource.embedded.EmbeddedDatabaseFactory : 185 ] - Starting embedded database: url='jdbc:hsqldb:mem:dataSourceBar', username='sa'
2016-03-31 12:54:56 [ main ] - [ INFO  ] [
				o.springframework.jdbc.datasource.init.ScriptUtils : 443 ] - Executing SQL script from class path resource [database-schema-bar.sql]
2016-03-31 12:54:56 [ main ] - [ INFO  ] [
				o.springframework.jdbc.datasource.init.ScriptUtils : 502 ] - Executed SQL script from class path resource [database-schema-bar.sql] in 3 ms.
2016-03-31 12:54:57 [ Thread-0 ] - [ INFO  ] [
				o.s.context.support.GenericApplicationContext : 957 ] - Closing org.springframework.context.support.GenericApplicationContext@64f6106c: startup date [Thu Mar 31 12:54:56 CST 2016]; root of context hierarchy
2016-03-31 12:54:57 [ Thread-0 ] - [ INFO  ] [
				o.s.j.datasource.embedded.EmbeddedDatabaseFactory : 217 ] - Shutting down embedded database: url='jdbc:hsqldb:mem:dataSourceBar'
2016-03-31 12:56:35 [ main ] - [ INFO  ] [
				o.s.t.c.support.DefaultTestContextBootstrapper : 259 ] - Loaded default TestExecutionListener class names from location [META-INF/spring.factories]: [org.springframework.test.context.web.ServletTestExecutionListener, org.springframework.test.context.support.DirtiesContextBeforeModesTestExecutionListener, org.springframework.test.context.support.DependencyInjectionTestExecutionListener, org.springframework.test.context.support.DirtiesContextTestExecutionListener, org.springframework.test.context.transaction.TransactionalTestExecutionListener, org.springframework.test.context.jdbc.SqlScriptsTestExecutionListener]
2016-03-31 12:56:35 [ main ] - [ INFO  ] [
				o.s.t.c.support.DefaultTestContextBootstrapper : 207 ] - Could not instantiate TestExecutionListener [org.springframework.test.context.web.ServletTestExecutionListener]. Specify custom listener classes or make the default listener classes (and their required dependencies) available. Offending class: [javax/servlet/ServletContext]
2016-03-31 12:56:35 [ main ] - [ INFO  ] [
				o.s.t.c.support.DefaultTestContextBootstrapper : 185 ] - Using TestExecutionListeners: [org.springframework.test.context.support.DirtiesContextBeforeModesTestExecutionListener@86be70a, org.springframework.test.context.support.DependencyInjectionTestExecutionListener@480bdb19, org.springframework.test.context.support.DirtiesContextTestExecutionListener@2a556333, org.springframework.test.context.transaction.TransactionalTestExecutionListener@7d70d1b1, org.springframework.test.context.jdbc.SqlScriptsTestExecutionListener@2a742aa2]
2016-03-31 12:56:35 [ main ] - [ INFO  ] [
				o.s.beans.factory.xml.XmlBeanDefinitionReader : 317 ] - Loading XML bean definitions from class path resource [spring.xml]
2016-03-31 12:56:35 [ main ] - [ INFO  ] [
				o.s.context.support.GenericApplicationContext : 577 ] - Refreshing org.springframework.context.support.GenericApplicationContext@64f6106c: startup date [Thu Mar 31 12:56:35 CST 2016]; root of context hierarchy
2016-03-31 12:56:35 [ main ] - [ INFO  ] [
				o.s.j.datasource.embedded.EmbeddedDatabaseFactory : 185 ] - Starting embedded database: url='jdbc:hsqldb:mem:dataSourceBar', username='sa'
2016-03-31 12:56:36 [ main ] - [ INFO  ] [
				o.springframework.jdbc.datasource.init.ScriptUtils : 443 ] - Executing SQL script from class path resource [database-schema-bar.sql]
2016-03-31 12:56:36 [ main ] - [ INFO  ] [
				o.springframework.jdbc.datasource.init.ScriptUtils : 502 ] - Executed SQL script from class path resource [database-schema-bar.sql] in 3 ms.
2016-03-31 12:56:36 [ main ] - [ ERROR ] [
				org.mybatis.spring.mapper.MapperFactoryBean : 82 ] - Error while adding the mapper 'interface com.wenchukai.ckbatis.mapper.BarMapper' to configuration.
org.apache.ibatis.builder.BuilderException: Error parsing Mapper XML. Cause: org.apache.ibatis.builder.BuilderException: Wrong namespace. Expected 'com.wenchukai.ckbatis.mapper.BarMapper' but found 'com.wenchukai.mapper.BarMapper'.
	at org.apache.ibatis.builder.xml.XMLMapperBuilder.configurationElement(XMLMapperBuilder.java:120) ~[mybatis-3.3.1.jar:3.3.1]
	at org.apache.ibatis.builder.xml.XMLMapperBuilder.parse(XMLMapperBuilder.java:92) ~[mybatis-3.3.1.jar:3.3.1]
	at org.apache.ibatis.builder.annotation.MapperAnnotationBuilder.loadXmlResource(MapperAnnotationBuilder.java:167) ~[mybatis-3.3.1.jar:3.3.1]
	at org.apache.ibatis.builder.annotation.MapperAnnotationBuilder.parse(MapperAnnotationBuilder.java:118) ~[mybatis-3.3.1.jar:3.3.1]
	at org.apache.ibatis.binding.MapperRegistry.addMapper(MapperRegistry.java:72) ~[mybatis-3.3.1.jar:3.3.1]
	at org.apache.ibatis.session.Configuration.addMapper(Configuration.java:685) ~[mybatis-3.3.1.jar:3.3.1]
	at org.mybatis.spring.mapper.MapperFactoryBean.checkDaoConfig(MapperFactoryBean.java:80) ~[mybatis-spring-1.2.4.jar:1.2.4]
	at org.springframework.dao.support.DaoSupport.afterPropertiesSet(DaoSupport.java:44) [spring-tx-4.2.3.RELEASE.jar:4.2.3.RELEASE]
	at org.springframework.beans.factory.support.AbstractAutowireCapableBeanFactory.invokeInitMethods(AbstractAutowireCapableBeanFactory.java:1637) [spring-beans-4.2.3.RELEASE.jar:4.2.3.RELEASE]
	at org.springframework.beans.factory.support.AbstractAutowireCapableBeanFactory.initializeBean(AbstractAutowireCapableBeanFactory.java:1574) [spring-beans-4.2.3.RELEASE.jar:4.2.3.RELEASE]
	at org.springframework.beans.factory.support.AbstractAutowireCapableBeanFactory.doCreateBean(AbstractAutowireCapableBeanFactory.java:545) [spring-beans-4.2.3.RELEASE.jar:4.2.3.RELEASE]
	at org.springframework.beans.factory.support.AbstractAutowireCapableBeanFactory.createBean(AbstractAutowireCapableBeanFactory.java:482) [spring-beans-4.2.3.RELEASE.jar:4.2.3.RELEASE]
	at org.springframework.beans.factory.support.AbstractBeanFactory$1.getObject(AbstractBeanFactory.java:306) [spring-beans-4.2.3.RELEASE.jar:4.2.3.RELEASE]
	at org.springframework.beans.factory.support.DefaultSingletonBeanRegistry.getSingleton(DefaultSingletonBeanRegistry.java:230) [spring-beans-4.2.3.RELEASE.jar:4.2.3.RELEASE]
	at org.springframework.beans.factory.support.AbstractBeanFactory.doGetBean(AbstractBeanFactory.java:302) [spring-beans-4.2.3.RELEASE.jar:4.2.3.RELEASE]
	at org.springframework.beans.factory.support.AbstractBeanFactory.getBean(AbstractBeanFactory.java:197) [spring-beans-4.2.3.RELEASE.jar:4.2.3.RELEASE]
	at org.springframework.beans.factory.support.DefaultListableBeanFactory.preInstantiateSingletons(DefaultListableBeanFactory.java:753) [spring-beans-4.2.3.RELEASE.jar:4.2.3.RELEASE]
	at org.springframework.context.support.AbstractApplicationContext.finishBeanFactoryInitialization(AbstractApplicationContext.java:838) [spring-context-4.2.3.RELEASE.jar:4.2.3.RELEASE]
	at org.springframework.context.support.AbstractApplicationContext.refresh(AbstractApplicationContext.java:537) [spring-context-4.2.3.RELEASE.jar:4.2.3.RELEASE]
	at org.springframework.test.context.support.AbstractGenericContextLoader.loadContext(AbstractGenericContextLoader.java:125) [spring-test-4.2.3.RELEASE.jar:4.2.3.RELEASE]
	at org.springframework.test.context.support.AbstractGenericContextLoader.loadContext(AbstractGenericContextLoader.java:60) [spring-test-4.2.3.RELEASE.jar:4.2.3.RELEASE]
	at org.springframework.test.context.support.AbstractDelegatingSmartContextLoader.delegateLoading(AbstractDelegatingSmartContextLoader.java:109) [spring-test-4.2.3.RELEASE.jar:4.2.3.RELEASE]
	at org.springframework.test.context.support.AbstractDelegatingSmartContextLoader.loadContext(AbstractDelegatingSmartContextLoader.java:261) [spring-test-4.2.3.RELEASE.jar:4.2.3.RELEASE]
	at org.springframework.test.context.cache.DefaultCacheAwareContextLoaderDelegate.loadContextInternal(DefaultCacheAwareContextLoaderDelegate.java:98) [spring-test-4.2.3.RELEASE.jar:4.2.3.RELEASE]
	at org.springframework.test.context.cache.DefaultCacheAwareContextLoaderDelegate.loadContext(DefaultCacheAwareContextLoaderDelegate.java:116) [spring-test-4.2.3.RELEASE.jar:4.2.3.RELEASE]
	at org.springframework.test.context.support.DefaultTestContext.getApplicationContext(DefaultTestContext.java:83) [spring-test-4.2.3.RELEASE.jar:4.2.3.RELEASE]
	at org.springframework.test.context.support.DependencyInjectionTestExecutionListener.injectDependencies(DependencyInjectionTestExecutionListener.java:117) [spring-test-4.2.3.RELEASE.jar:4.2.3.RELEASE]
	at org.springframework.test.context.support.DependencyInjectionTestExecutionListener.prepareTestInstance(DependencyInjectionTestExecutionListener.java:83) [spring-test-4.2.3.RELEASE.jar:4.2.3.RELEASE]
	at org.springframework.test.context.TestContextManager.prepareTestInstance(TestContextManager.java:228) [spring-test-4.2.3.RELEASE.jar:4.2.3.RELEASE]
	at org.springframework.test.context.junit4.SpringJUnit4ClassRunner.createTest(SpringJUnit4ClassRunner.java:230) [spring-test-4.2.3.RELEASE.jar:4.2.3.RELEASE]
	at org.springframework.test.context.junit4.SpringJUnit4ClassRunner$1.runReflectiveCall(SpringJUnit4ClassRunner.java:289) [spring-test-4.2.3.RELEASE.jar:4.2.3.RELEASE]
	at org.junit.internal.runners.model.ReflectiveCallable.run(ReflectiveCallable.java:12) [junit-4.12.jar:4.12]
	at org.springframework.test.context.junit4.SpringJUnit4ClassRunner.methodBlock(SpringJUnit4ClassRunner.java:291) [spring-test-4.2.3.RELEASE.jar:4.2.3.RELEASE]
	at org.springframework.test.context.junit4.SpringJUnit4ClassRunner.runChild(SpringJUnit4ClassRunner.java:249) [spring-test-4.2.3.RELEASE.jar:4.2.3.RELEASE]
	at org.springframework.test.context.junit4.SpringJUnit4ClassRunner.runChild(SpringJUnit4ClassRunner.java:89) [spring-test-4.2.3.RELEASE.jar:4.2.3.RELEASE]
	at org.junit.runners.ParentRunner$3.run(ParentRunner.java:290) [junit-4.12.jar:4.12]
	at org.junit.runners.ParentRunner$1.schedule(ParentRunner.java:71) [junit-4.12.jar:4.12]
	at org.junit.runners.ParentRunner.runChildren(ParentRunner.java:288) [junit-4.12.jar:4.12]
	at org.junit.runners.ParentRunner.access$000(ParentRunner.java:58) [junit-4.12.jar:4.12]
	at org.junit.runners.ParentRunner$2.evaluate(ParentRunner.java:268) [junit-4.12.jar:4.12]
	at org.springframework.test.context.junit4.statements.RunBeforeTestClassCallbacks.evaluate(RunBeforeTestClassCallbacks.java:61) [spring-test-4.2.3.RELEASE.jar:4.2.3.RELEASE]
	at org.springframework.test.context.junit4.statements.RunAfterTestClassCallbacks.evaluate(RunAfterTestClassCallbacks.java:70) [spring-test-4.2.3.RELEASE.jar:4.2.3.RELEASE]
	at org.junit.runners.ParentRunner.run(ParentRunner.java:363) [junit-4.12.jar:4.12]
	at org.springframework.test.context.junit4.SpringJUnit4ClassRunner.run(SpringJUnit4ClassRunner.java:193) [spring-test-4.2.3.RELEASE.jar:4.2.3.RELEASE]
	at org.eclipse.jdt.internal.junit4.runner.JUnit4TestReference.run(JUnit4TestReference.java:86) [.cp/:na]
	at org.eclipse.jdt.internal.junit.runner.TestExecution.run(TestExecution.java:38) [.cp/:na]
	at org.eclipse.jdt.internal.junit.runner.RemoteTestRunner.runTests(RemoteTestRunner.java:459) [.cp/:na]
	at org.eclipse.jdt.internal.junit.runner.RemoteTestRunner.runTests(RemoteTestRunner.java:675) [.cp/:na]
	at org.eclipse.jdt.internal.junit.runner.RemoteTestRunner.run(RemoteTestRunner.java:382) [.cp/:na]
	at org.eclipse.jdt.internal.junit.runner.RemoteTestRunner.main(RemoteTestRunner.java:192) [.cp/:na]
Caused by: org.apache.ibatis.builder.BuilderException: Wrong namespace. Expected 'com.wenchukai.ckbatis.mapper.BarMapper' but found 'com.wenchukai.mapper.BarMapper'.
	at org.apache.ibatis.builder.MapperBuilderAssistant.setCurrentNamespace(MapperBuilderAssistant.java:78) ~[mybatis-3.3.1.jar:3.3.1]
	at org.apache.ibatis.builder.xml.XMLMapperBuilder.configurationElement(XMLMapperBuilder.java:112) ~[mybatis-3.3.1.jar:3.3.1]
	... 49 common frames omitted
2016-03-31 12:56:36 [ main ] - [ WARN  ] [
				o.s.context.support.GenericApplicationContext : 545 ] - Exception encountered during context initialization - cancelling refresh attempt: org.springframework.beans.factory.BeanCreationException: Error creating bean with name 'barMapper' defined in file [F:\workspace\wenchukai.com\ckbatis\target\test-classes\com\wenchukai\ckbatis\mapper\BarMapper.class]: Invocation of init method failed; nested exception is java.lang.IllegalArgumentException: org.apache.ibatis.builder.BuilderException: Error parsing Mapper XML. Cause: org.apache.ibatis.builder.BuilderException: Wrong namespace. Expected 'com.wenchukai.ckbatis.mapper.BarMapper' but found 'com.wenchukai.mapper.BarMapper'.
2016-03-31 12:56:36 [ main ] - [ INFO  ] [
				o.s.j.datasource.embedded.EmbeddedDatabaseFactory : 217 ] - Shutting down embedded database: url='jdbc:hsqldb:mem:dataSourceBar'
2016-03-31 12:56:36 [ main ] - [ ERROR ] [
				o.springframework.test.context.TestContextManager : 231 ] - Caught exception while allowing TestExecutionListener [org.springframework.test.context.support.DependencyInjectionTestExecutionListener@480bdb19] to prepare test instance [com.wenchukai.ckbatis.dao.BarDaoTest@24c22fe]
java.lang.IllegalStateException: Failed to load ApplicationContext
	at org.springframework.test.context.cache.DefaultCacheAwareContextLoaderDelegate.loadContext(DefaultCacheAwareContextLoaderDelegate.java:124) ~[spring-test-4.2.3.RELEASE.jar:4.2.3.RELEASE]
	at org.springframework.test.context.support.DefaultTestContext.getApplicationContext(DefaultTestContext.java:83) ~[spring-test-4.2.3.RELEASE.jar:4.2.3.RELEASE]
	at org.springframework.test.context.support.DependencyInjectionTestExecutionListener.injectDependencies(DependencyInjectionTestExecutionListener.java:117) ~[spring-test-4.2.3.RELEASE.jar:4.2.3.RELEASE]
	at org.springframework.test.context.support.DependencyInjectionTestExecutionListener.prepareTestInstance(DependencyInjectionTestExecutionListener.java:83) ~[spring-test-4.2.3.RELEASE.jar:4.2.3.RELEASE]
	at org.springframework.test.context.TestContextManager.prepareTestInstance(TestContextManager.java:228) ~[spring-test-4.2.3.RELEASE.jar:4.2.3.RELEASE]
	at org.springframework.test.context.junit4.SpringJUnit4ClassRunner.createTest(SpringJUnit4ClassRunner.java:230) [spring-test-4.2.3.RELEASE.jar:4.2.3.RELEASE]
	at org.springframework.test.context.junit4.SpringJUnit4ClassRunner$1.runReflectiveCall(SpringJUnit4ClassRunner.java:289) [spring-test-4.2.3.RELEASE.jar:4.2.3.RELEASE]
	at org.junit.internal.runners.model.ReflectiveCallable.run(ReflectiveCallable.java:12) [junit-4.12.jar:4.12]
	at org.springframework.test.context.junit4.SpringJUnit4ClassRunner.methodBlock(SpringJUnit4ClassRunner.java:291) [spring-test-4.2.3.RELEASE.jar:4.2.3.RELEASE]
	at org.springframework.test.context.junit4.SpringJUnit4ClassRunner.runChild(SpringJUnit4ClassRunner.java:249) [spring-test-4.2.3.RELEASE.jar:4.2.3.RELEASE]
	at org.springframework.test.context.junit4.SpringJUnit4ClassRunner.runChild(SpringJUnit4ClassRunner.java:89) [spring-test-4.2.3.RELEASE.jar:4.2.3.RELEASE]
	at org.junit.runners.ParentRunner$3.run(ParentRunner.java:290) [junit-4.12.jar:4.12]
	at org.junit.runners.ParentRunner$1.schedule(ParentRunner.java:71) [junit-4.12.jar:4.12]
	at org.junit.runners.ParentRunner.runChildren(ParentRunner.java:288) [junit-4.12.jar:4.12]
	at org.junit.runners.ParentRunner.access$000(ParentRunner.java:58) [junit-4.12.jar:4.12]
	at org.junit.runners.ParentRunner$2.evaluate(ParentRunner.java:268) [junit-4.12.jar:4.12]
	at org.springframework.test.context.junit4.statements.RunBeforeTestClassCallbacks.evaluate(RunBeforeTestClassCallbacks.java:61) [spring-test-4.2.3.RELEASE.jar:4.2.3.RELEASE]
	at org.springframework.test.context.junit4.statements.RunAfterTestClassCallbacks.evaluate(RunAfterTestClassCallbacks.java:70) [spring-test-4.2.3.RELEASE.jar:4.2.3.RELEASE]
	at org.junit.runners.ParentRunner.run(ParentRunner.java:363) [junit-4.12.jar:4.12]
	at org.springframework.test.context.junit4.SpringJUnit4ClassRunner.run(SpringJUnit4ClassRunner.java:193) [spring-test-4.2.3.RELEASE.jar:4.2.3.RELEASE]
	at org.eclipse.jdt.internal.junit4.runner.JUnit4TestReference.run(JUnit4TestReference.java:86) [.cp/:na]
	at org.eclipse.jdt.internal.junit.runner.TestExecution.run(TestExecution.java:38) [.cp/:na]
	at org.eclipse.jdt.internal.junit.runner.RemoteTestRunner.runTests(RemoteTestRunner.java:459) [.cp/:na]
	at org.eclipse.jdt.internal.junit.runner.RemoteTestRunner.runTests(RemoteTestRunner.java:675) [.cp/:na]
	at org.eclipse.jdt.internal.junit.runner.RemoteTestRunner.run(RemoteTestRunner.java:382) [.cp/:na]
	at org.eclipse.jdt.internal.junit.runner.RemoteTestRunner.main(RemoteTestRunner.java:192) [.cp/:na]
Caused by: org.springframework.beans.factory.BeanCreationException: Error creating bean with name 'barMapper' defined in file [F:\workspace\wenchukai.com\ckbatis\target\test-classes\com\wenchukai\ckbatis\mapper\BarMapper.class]: Invocation of init method failed; nested exception is java.lang.IllegalArgumentException: org.apache.ibatis.builder.BuilderException: Error parsing Mapper XML. Cause: org.apache.ibatis.builder.BuilderException: Wrong namespace. Expected 'com.wenchukai.ckbatis.mapper.BarMapper' but found 'com.wenchukai.mapper.BarMapper'.
	at org.springframework.beans.factory.support.AbstractAutowireCapableBeanFactory.initializeBean(AbstractAutowireCapableBeanFactory.java:1578) ~[spring-beans-4.2.3.RELEASE.jar:4.2.3.RELEASE]
	at org.springframework.beans.factory.support.AbstractAutowireCapableBeanFactory.doCreateBean(AbstractAutowireCapableBeanFactory.java:545) ~[spring-beans-4.2.3.RELEASE.jar:4.2.3.RELEASE]
	at org.springframework.beans.factory.support.AbstractAutowireCapableBeanFactory.createBean(AbstractAutowireCapableBeanFactory.java:482) ~[spring-beans-4.2.3.RELEASE.jar:4.2.3.RELEASE]
	at org.springframework.beans.factory.support.AbstractBeanFactory$1.getObject(AbstractBeanFactory.java:306) ~[spring-beans-4.2.3.RELEASE.jar:4.2.3.RELEASE]
	at org.springframework.beans.factory.support.DefaultSingletonBeanRegistry.getSingleton(DefaultSingletonBeanRegistry.java:230) ~[spring-beans-4.2.3.RELEASE.jar:4.2.3.RELEASE]
	at org.springframework.beans.factory.support.AbstractBeanFactory.doGetBean(AbstractBeanFactory.java:302) ~[spring-beans-4.2.3.RELEASE.jar:4.2.3.RELEASE]
	at org.springframework.beans.factory.support.AbstractBeanFactory.getBean(AbstractBeanFactory.java:197) ~[spring-beans-4.2.3.RELEASE.jar:4.2.3.RELEASE]
	at org.springframework.beans.factory.support.DefaultListableBeanFactory.preInstantiateSingletons(DefaultListableBeanFactory.java:753) ~[spring-beans-4.2.3.RELEASE.jar:4.2.3.RELEASE]
	at org.springframework.context.support.AbstractApplicationContext.finishBeanFactoryInitialization(AbstractApplicationContext.java:838) ~[spring-context-4.2.3.RELEASE.jar:4.2.3.RELEASE]
	at org.springframework.context.support.AbstractApplicationContext.refresh(AbstractApplicationContext.java:537) ~[spring-context-4.2.3.RELEASE.jar:4.2.3.RELEASE]
	at org.springframework.test.context.support.AbstractGenericContextLoader.loadContext(AbstractGenericContextLoader.java:125) ~[spring-test-4.2.3.RELEASE.jar:4.2.3.RELEASE]
	at org.springframework.test.context.support.AbstractGenericContextLoader.loadContext(AbstractGenericContextLoader.java:60) ~[spring-test-4.2.3.RELEASE.jar:4.2.3.RELEASE]
	at org.springframework.test.context.support.AbstractDelegatingSmartContextLoader.delegateLoading(AbstractDelegatingSmartContextLoader.java:109) ~[spring-test-4.2.3.RELEASE.jar:4.2.3.RELEASE]
	at org.springframework.test.context.support.AbstractDelegatingSmartContextLoader.loadContext(AbstractDelegatingSmartContextLoader.java:261) ~[spring-test-4.2.3.RELEASE.jar:4.2.3.RELEASE]
	at org.springframework.test.context.cache.DefaultCacheAwareContextLoaderDelegate.loadContextInternal(DefaultCacheAwareContextLoaderDelegate.java:98) ~[spring-test-4.2.3.RELEASE.jar:4.2.3.RELEASE]
	at org.springframework.test.context.cache.DefaultCacheAwareContextLoaderDelegate.loadContext(DefaultCacheAwareContextLoaderDelegate.java:116) ~[spring-test-4.2.3.RELEASE.jar:4.2.3.RELEASE]
	... 25 common frames omitted
Caused by: java.lang.IllegalArgumentException: org.apache.ibatis.builder.BuilderException: Error parsing Mapper XML. Cause: org.apache.ibatis.builder.BuilderException: Wrong namespace. Expected 'com.wenchukai.ckbatis.mapper.BarMapper' but found 'com.wenchukai.mapper.BarMapper'.
	at org.mybatis.spring.mapper.MapperFactoryBean.checkDaoConfig(MapperFactoryBean.java:83) ~[mybatis-spring-1.2.4.jar:1.2.4]
	at org.springframework.dao.support.DaoSupport.afterPropertiesSet(DaoSupport.java:44) ~[spring-tx-4.2.3.RELEASE.jar:4.2.3.RELEASE]
	at org.springframework.beans.factory.support.AbstractAutowireCapableBeanFactory.invokeInitMethods(AbstractAutowireCapableBeanFactory.java:1637) ~[spring-beans-4.2.3.RELEASE.jar:4.2.3.RELEASE]
	at org.springframework.beans.factory.support.AbstractAutowireCapableBeanFactory.initializeBean(AbstractAutowireCapableBeanFactory.java:1574) ~[spring-beans-4.2.3.RELEASE.jar:4.2.3.RELEASE]
	... 40 common frames omitted
Caused by: org.apache.ibatis.builder.BuilderException: Error parsing Mapper XML. Cause: org.apache.ibatis.builder.BuilderException: Wrong namespace. Expected 'com.wenchukai.ckbatis.mapper.BarMapper' but found 'com.wenchukai.mapper.BarMapper'.
	at org.apache.ibatis.builder.xml.XMLMapperBuilder.configurationElement(XMLMapperBuilder.java:120) ~[mybatis-3.3.1.jar:3.3.1]
	at org.apache.ibatis.builder.xml.XMLMapperBuilder.parse(XMLMapperBuilder.java:92) ~[mybatis-3.3.1.jar:3.3.1]
	at org.apache.ibatis.builder.annotation.MapperAnnotationBuilder.loadXmlResource(MapperAnnotationBuilder.java:167) ~[mybatis-3.3.1.jar:3.3.1]
	at org.apache.ibatis.builder.annotation.MapperAnnotationBuilder.parse(MapperAnnotationBuilder.java:118) ~[mybatis-3.3.1.jar:3.3.1]
	at org.apache.ibatis.binding.MapperRegistry.addMapper(MapperRegistry.java:72) ~[mybatis-3.3.1.jar:3.3.1]
	at org.apache.ibatis.session.Configuration.addMapper(Configuration.java:685) ~[mybatis-3.3.1.jar:3.3.1]
	at org.mybatis.spring.mapper.MapperFactoryBean.checkDaoConfig(MapperFactoryBean.java:80) ~[mybatis-spring-1.2.4.jar:1.2.4]
	... 43 common frames omitted
Caused by: org.apache.ibatis.builder.BuilderException: Wrong namespace. Expected 'com.wenchukai.ckbatis.mapper.BarMapper' but found 'com.wenchukai.mapper.BarMapper'.
	at org.apache.ibatis.builder.MapperBuilderAssistant.setCurrentNamespace(MapperBuilderAssistant.java:78) ~[mybatis-3.3.1.jar:3.3.1]
	at org.apache.ibatis.builder.xml.XMLMapperBuilder.configurationElement(XMLMapperBuilder.java:112) ~[mybatis-3.3.1.jar:3.3.1]
	... 49 common frames omitted
2016-03-31 12:56:36 [ main ] - [ INFO  ] [
				o.s.beans.factory.xml.XmlBeanDefinitionReader : 317 ] - Loading XML bean definitions from class path resource [spring.xml]
2016-03-31 12:56:36 [ main ] - [ INFO  ] [
				o.s.context.support.GenericApplicationContext : 577 ] - Refreshing org.springframework.context.support.GenericApplicationContext@189cbd7c: startup date [Thu Mar 31 12:56:36 CST 2016]; root of context hierarchy
2016-03-31 12:56:36 [ main ] - [ INFO  ] [
				o.s.j.datasource.embedded.EmbeddedDatabaseFactory : 185 ] - Starting embedded database: url='jdbc:hsqldb:mem:dataSourceBar', username='sa'
2016-03-31 12:56:36 [ main ] - [ INFO  ] [
				o.springframework.jdbc.datasource.init.ScriptUtils : 443 ] - Executing SQL script from class path resource [database-schema-bar.sql]
2016-03-31 12:56:36 [ main ] - [ INFO  ] [
				o.springframework.jdbc.datasource.init.ScriptUtils : 502 ] - Executed SQL script from class path resource [database-schema-bar.sql] in 2 ms.
2016-03-31 12:56:36 [ main ] - [ ERROR ] [
				org.mybatis.spring.mapper.MapperFactoryBean : 82 ] - Error while adding the mapper 'interface com.wenchukai.ckbatis.mapper.BarMapper' to configuration.
org.apache.ibatis.builder.BuilderException: Error parsing Mapper XML. Cause: org.apache.ibatis.builder.BuilderException: Wrong namespace. Expected 'com.wenchukai.ckbatis.mapper.BarMapper' but found 'com.wenchukai.mapper.BarMapper'.
	at org.apache.ibatis.builder.xml.XMLMapperBuilder.configurationElement(XMLMapperBuilder.java:120) ~[mybatis-3.3.1.jar:3.3.1]
	at org.apache.ibatis.builder.xml.XMLMapperBuilder.parse(XMLMapperBuilder.java:92) ~[mybatis-3.3.1.jar:3.3.1]
	at org.apache.ibatis.builder.annotation.MapperAnnotationBuilder.loadXmlResource(MapperAnnotationBuilder.java:167) ~[mybatis-3.3.1.jar:3.3.1]
	at org.apache.ibatis.builder.annotation.MapperAnnotationBuilder.parse(MapperAnnotationBuilder.java:118) ~[mybatis-3.3.1.jar:3.3.1]
	at org.apache.ibatis.binding.MapperRegistry.addMapper(MapperRegistry.java:72) ~[mybatis-3.3.1.jar:3.3.1]
	at org.apache.ibatis.session.Configuration.addMapper(Configuration.java:685) ~[mybatis-3.3.1.jar:3.3.1]
	at org.mybatis.spring.mapper.MapperFactoryBean.checkDaoConfig(MapperFactoryBean.java:80) ~[mybatis-spring-1.2.4.jar:1.2.4]
	at org.springframework.dao.support.DaoSupport.afterPropertiesSet(DaoSupport.java:44) [spring-tx-4.2.3.RELEASE.jar:4.2.3.RELEASE]
	at org.springframework.beans.factory.support.AbstractAutowireCapableBeanFactory.invokeInitMethods(AbstractAutowireCapableBeanFactory.java:1637) [spring-beans-4.2.3.RELEASE.jar:4.2.3.RELEASE]
	at org.springframework.beans.factory.support.AbstractAutowireCapableBeanFactory.initializeBean(AbstractAutowireCapableBeanFactory.java:1574) [spring-beans-4.2.3.RELEASE.jar:4.2.3.RELEASE]
	at org.springframework.beans.factory.support.AbstractAutowireCapableBeanFactory.doCreateBean(AbstractAutowireCapableBeanFactory.java:545) [spring-beans-4.2.3.RELEASE.jar:4.2.3.RELEASE]
	at org.springframework.beans.factory.support.AbstractAutowireCapableBeanFactory.createBean(AbstractAutowireCapableBeanFactory.java:482) [spring-beans-4.2.3.RELEASE.jar:4.2.3.RELEASE]
	at org.springframework.beans.factory.support.AbstractBeanFactory$1.getObject(AbstractBeanFactory.java:306) [spring-beans-4.2.3.RELEASE.jar:4.2.3.RELEASE]
	at org.springframework.beans.factory.support.DefaultSingletonBeanRegistry.getSingleton(DefaultSingletonBeanRegistry.java:230) [spring-beans-4.2.3.RELEASE.jar:4.2.3.RELEASE]
	at org.springframework.beans.factory.support.AbstractBeanFactory.doGetBean(AbstractBeanFactory.java:302) [spring-beans-4.2.3.RELEASE.jar:4.2.3.RELEASE]
	at org.springframework.beans.factory.support.AbstractBeanFactory.getBean(AbstractBeanFactory.java:197) [spring-beans-4.2.3.RELEASE.jar:4.2.3.RELEASE]
	at org.springframework.beans.factory.support.DefaultListableBeanFactory.preInstantiateSingletons(DefaultListableBeanFactory.java:753) [spring-beans-4.2.3.RELEASE.jar:4.2.3.RELEASE]
	at org.springframework.context.support.AbstractApplicationContext.finishBeanFactoryInitialization(AbstractApplicationContext.java:838) [spring-context-4.2.3.RELEASE.jar:4.2.3.RELEASE]
	at org.springframework.context.support.AbstractApplicationContext.refresh(AbstractApplicationContext.java:537) [spring-context-4.2.3.RELEASE.jar:4.2.3.RELEASE]
	at org.springframework.test.context.support.AbstractGenericContextLoader.loadContext(AbstractGenericContextLoader.java:125) [spring-test-4.2.3.RELEASE.jar:4.2.3.RELEASE]
	at org.springframework.test.context.support.AbstractGenericContextLoader.loadContext(AbstractGenericContextLoader.java:60) [spring-test-4.2.3.RELEASE.jar:4.2.3.RELEASE]
	at org.springframework.test.context.support.AbstractDelegatingSmartContextLoader.delegateLoading(AbstractDelegatingSmartContextLoader.java:109) [spring-test-4.2.3.RELEASE.jar:4.2.3.RELEASE]
	at org.springframework.test.context.support.AbstractDelegatingSmartContextLoader.loadContext(AbstractDelegatingSmartContextLoader.java:261) [spring-test-4.2.3.RELEASE.jar:4.2.3.RELEASE]
	at org.springframework.test.context.cache.DefaultCacheAwareContextLoaderDelegate.loadContextInternal(DefaultCacheAwareContextLoaderDelegate.java:98) [spring-test-4.2.3.RELEASE.jar:4.2.3.RELEASE]
	at org.springframework.test.context.cache.DefaultCacheAwareContextLoaderDelegate.loadContext(DefaultCacheAwareContextLoaderDelegate.java:116) [spring-test-4.2.3.RELEASE.jar:4.2.3.RELEASE]
	at org.springframework.test.context.support.DefaultTestContext.getApplicationContext(DefaultTestContext.java:83) [spring-test-4.2.3.RELEASE.jar:4.2.3.RELEASE]
	at org.springframework.test.context.support.DependencyInjectionTestExecutionListener.injectDependencies(DependencyInjectionTestExecutionListener.java:117) [spring-test-4.2.3.RELEASE.jar:4.2.3.RELEASE]
	at org.springframework.test.context.support.DependencyInjectionTestExecutionListener.prepareTestInstance(DependencyInjectionTestExecutionListener.java:83) [spring-test-4.2.3.RELEASE.jar:4.2.3.RELEASE]
	at org.springframework.test.context.TestContextManager.prepareTestInstance(TestContextManager.java:228) [spring-test-4.2.3.RELEASE.jar:4.2.3.RELEASE]
	at org.springframework.test.context.junit4.SpringJUnit4ClassRunner.createTest(SpringJUnit4ClassRunner.java:230) [spring-test-4.2.3.RELEASE.jar:4.2.3.RELEASE]
	at org.springframework.test.context.junit4.SpringJUnit4ClassRunner$1.runReflectiveCall(SpringJUnit4ClassRunner.java:289) [spring-test-4.2.3.RELEASE.jar:4.2.3.RELEASE]
	at org.junit.internal.runners.model.ReflectiveCallable.run(ReflectiveCallable.java:12) [junit-4.12.jar:4.12]
	at org.springframework.test.context.junit4.SpringJUnit4ClassRunner.methodBlock(SpringJUnit4ClassRunner.java:291) [spring-test-4.2.3.RELEASE.jar:4.2.3.RELEASE]
	at org.springframework.test.context.junit4.SpringJUnit4ClassRunner.runChild(SpringJUnit4ClassRunner.java:249) [spring-test-4.2.3.RELEASE.jar:4.2.3.RELEASE]
	at org.springframework.test.context.junit4.SpringJUnit4ClassRunner.runChild(SpringJUnit4ClassRunner.java:89) [spring-test-4.2.3.RELEASE.jar:4.2.3.RELEASE]
	at org.junit.runners.ParentRunner$3.run(ParentRunner.java:290) [junit-4.12.jar:4.12]
	at org.junit.runners.ParentRunner$1.schedule(ParentRunner.java:71) [junit-4.12.jar:4.12]
	at org.junit.runners.ParentRunner.runChildren(ParentRunner.java:288) [junit-4.12.jar:4.12]
	at org.junit.runners.ParentRunner.access$000(ParentRunner.java:58) [junit-4.12.jar:4.12]
	at org.junit.runners.ParentRunner$2.evaluate(ParentRunner.java:268) [junit-4.12.jar:4.12]
	at org.springframework.test.context.junit4.statements.RunBeforeTestClassCallbacks.evaluate(RunBeforeTestClassCallbacks.java:61) [spring-test-4.2.3.RELEASE.jar:4.2.3.RELEASE]
	at org.springframework.test.context.junit4.statements.RunAfterTestClassCallbacks.evaluate(RunAfterTestClassCallbacks.java:70) [spring-test-4.2.3.RELEASE.jar:4.2.3.RELEASE]
	at org.junit.runners.ParentRunner.run(ParentRunner.java:363) [junit-4.12.jar:4.12]
	at org.springframework.test.context.junit4.SpringJUnit4ClassRunner.run(SpringJUnit4ClassRunner.java:193) [spring-test-4.2.3.RELEASE.jar:4.2.3.RELEASE]
	at org.eclipse.jdt.internal.junit4.runner.JUnit4TestReference.run(JUnit4TestReference.java:86) [.cp/:na]
	at org.eclipse.jdt.internal.junit.runner.TestExecution.run(TestExecution.java:38) [.cp/:na]
	at org.eclipse.jdt.internal.junit.runner.RemoteTestRunner.runTests(RemoteTestRunner.java:459) [.cp/:na]
	at org.eclipse.jdt.internal.junit.runner.RemoteTestRunner.runTests(RemoteTestRunner.java:675) [.cp/:na]
	at org.eclipse.jdt.internal.junit.runner.RemoteTestRunner.run(RemoteTestRunner.java:382) [.cp/:na]
	at org.eclipse.jdt.internal.junit.runner.RemoteTestRunner.main(RemoteTestRunner.java:192) [.cp/:na]
Caused by: org.apache.ibatis.builder.BuilderException: Wrong namespace. Expected 'com.wenchukai.ckbatis.mapper.BarMapper' but found 'com.wenchukai.mapper.BarMapper'.
	at org.apache.ibatis.builder.MapperBuilderAssistant.setCurrentNamespace(MapperBuilderAssistant.java:78) ~[mybatis-3.3.1.jar:3.3.1]
	at org.apache.ibatis.builder.xml.XMLMapperBuilder.configurationElement(XMLMapperBuilder.java:112) ~[mybatis-3.3.1.jar:3.3.1]
	... 49 common frames omitted
2016-03-31 12:56:36 [ main ] - [ WARN  ] [
				o.s.context.support.GenericApplicationContext : 545 ] - Exception encountered during context initialization - cancelling refresh attempt: org.springframework.beans.factory.BeanCreationException: Error creating bean with name 'barMapper' defined in file [F:\workspace\wenchukai.com\ckbatis\target\test-classes\com\wenchukai\ckbatis\mapper\BarMapper.class]: Invocation of init method failed; nested exception is java.lang.IllegalArgumentException: org.apache.ibatis.builder.BuilderException: Error parsing Mapper XML. Cause: org.apache.ibatis.builder.BuilderException: Wrong namespace. Expected 'com.wenchukai.ckbatis.mapper.BarMapper' but found 'com.wenchukai.mapper.BarMapper'.
2016-03-31 12:56:36 [ main ] - [ INFO  ] [
				o.s.j.datasource.embedded.EmbeddedDatabaseFactory : 217 ] - Shutting down embedded database: url='jdbc:hsqldb:mem:dataSourceBar'
2016-03-31 12:56:36 [ main ] - [ ERROR ] [
				o.springframework.test.context.TestContextManager : 231 ] - Caught exception while allowing TestExecutionListener [org.springframework.test.context.support.DependencyInjectionTestExecutionListener@480bdb19] to prepare test instance [com.wenchukai.ckbatis.dao.BarDaoTest@46271dd6]
java.lang.IllegalStateException: Failed to load ApplicationContext
	at org.springframework.test.context.cache.DefaultCacheAwareContextLoaderDelegate.loadContext(DefaultCacheAwareContextLoaderDelegate.java:124) ~[spring-test-4.2.3.RELEASE.jar:4.2.3.RELEASE]
	at org.springframework.test.context.support.DefaultTestContext.getApplicationContext(DefaultTestContext.java:83) ~[spring-test-4.2.3.RELEASE.jar:4.2.3.RELEASE]
	at org.springframework.test.context.support.DependencyInjectionTestExecutionListener.injectDependencies(DependencyInjectionTestExecutionListener.java:117) ~[spring-test-4.2.3.RELEASE.jar:4.2.3.RELEASE]
	at org.springframework.test.context.support.DependencyInjectionTestExecutionListener.prepareTestInstance(DependencyInjectionTestExecutionListener.java:83) ~[spring-test-4.2.3.RELEASE.jar:4.2.3.RELEASE]
	at org.springframework.test.context.TestContextManager.prepareTestInstance(TestContextManager.java:228) ~[spring-test-4.2.3.RELEASE.jar:4.2.3.RELEASE]
	at org.springframework.test.context.junit4.SpringJUnit4ClassRunner.createTest(SpringJUnit4ClassRunner.java:230) [spring-test-4.2.3.RELEASE.jar:4.2.3.RELEASE]
	at org.springframework.test.context.junit4.SpringJUnit4ClassRunner$1.runReflectiveCall(SpringJUnit4ClassRunner.java:289) [spring-test-4.2.3.RELEASE.jar:4.2.3.RELEASE]
	at org.junit.internal.runners.model.ReflectiveCallable.run(ReflectiveCallable.java:12) [junit-4.12.jar:4.12]
	at org.springframework.test.context.junit4.SpringJUnit4ClassRunner.methodBlock(SpringJUnit4ClassRunner.java:291) [spring-test-4.2.3.RELEASE.jar:4.2.3.RELEASE]
	at org.springframework.test.context.junit4.SpringJUnit4ClassRunner.runChild(SpringJUnit4ClassRunner.java:249) [spring-test-4.2.3.RELEASE.jar:4.2.3.RELEASE]
	at org.springframework.test.context.junit4.SpringJUnit4ClassRunner.runChild(SpringJUnit4ClassRunner.java:89) [spring-test-4.2.3.RELEASE.jar:4.2.3.RELEASE]
	at org.junit.runners.ParentRunner$3.run(ParentRunner.java:290) [junit-4.12.jar:4.12]
	at org.junit.runners.ParentRunner$1.schedule(ParentRunner.java:71) [junit-4.12.jar:4.12]
	at org.junit.runners.ParentRunner.runChildren(ParentRunner.java:288) [junit-4.12.jar:4.12]
	at org.junit.runners.ParentRunner.access$000(ParentRunner.java:58) [junit-4.12.jar:4.12]
	at org.junit.runners.ParentRunner$2.evaluate(ParentRunner.java:268) [junit-4.12.jar:4.12]
	at org.springframework.test.context.junit4.statements.RunBeforeTestClassCallbacks.evaluate(RunBeforeTestClassCallbacks.java:61) [spring-test-4.2.3.RELEASE.jar:4.2.3.RELEASE]
	at org.springframework.test.context.junit4.statements.RunAfterTestClassCallbacks.evaluate(RunAfterTestClassCallbacks.java:70) [spring-test-4.2.3.RELEASE.jar:4.2.3.RELEASE]
	at org.junit.runners.ParentRunner.run(ParentRunner.java:363) [junit-4.12.jar:4.12]
	at org.springframework.test.context.junit4.SpringJUnit4ClassRunner.run(SpringJUnit4ClassRunner.java:193) [spring-test-4.2.3.RELEASE.jar:4.2.3.RELEASE]
	at org.eclipse.jdt.internal.junit4.runner.JUnit4TestReference.run(JUnit4TestReference.java:86) [.cp/:na]
	at org.eclipse.jdt.internal.junit.runner.TestExecution.run(TestExecution.java:38) [.cp/:na]
	at org.eclipse.jdt.internal.junit.runner.RemoteTestRunner.runTests(RemoteTestRunner.java:459) [.cp/:na]
	at org.eclipse.jdt.internal.junit.runner.RemoteTestRunner.runTests(RemoteTestRunner.java:675) [.cp/:na]
	at org.eclipse.jdt.internal.junit.runner.RemoteTestRunner.run(RemoteTestRunner.java:382) [.cp/:na]
	at org.eclipse.jdt.internal.junit.runner.RemoteTestRunner.main(RemoteTestRunner.java:192) [.cp/:na]
Caused by: org.springframework.beans.factory.BeanCreationException: Error creating bean with name 'barMapper' defined in file [F:\workspace\wenchukai.com\ckbatis\target\test-classes\com\wenchukai\ckbatis\mapper\BarMapper.class]: Invocation of init method failed; nested exception is java.lang.IllegalArgumentException: org.apache.ibatis.builder.BuilderException: Error parsing Mapper XML. Cause: org.apache.ibatis.builder.BuilderException: Wrong namespace. Expected 'com.wenchukai.ckbatis.mapper.BarMapper' but found 'com.wenchukai.mapper.BarMapper'.
	at org.springframework.beans.factory.support.AbstractAutowireCapableBeanFactory.initializeBean(AbstractAutowireCapableBeanFactory.java:1578) ~[spring-beans-4.2.3.RELEASE.jar:4.2.3.RELEASE]
	at org.springframework.beans.factory.support.AbstractAutowireCapableBeanFactory.doCreateBean(AbstractAutowireCapableBeanFactory.java:545) ~[spring-beans-4.2.3.RELEASE.jar:4.2.3.RELEASE]
	at org.springframework.beans.factory.support.AbstractAutowireCapableBeanFactory.createBean(AbstractAutowireCapableBeanFactory.java:482) ~[spring-beans-4.2.3.RELEASE.jar:4.2.3.RELEASE]
	at org.springframework.beans.factory.support.AbstractBeanFactory$1.getObject(AbstractBeanFactory.java:306) ~[spring-beans-4.2.3.RELEASE.jar:4.2.3.RELEASE]
	at org.springframework.beans.factory.support.DefaultSingletonBeanRegistry.getSingleton(DefaultSingletonBeanRegistry.java:230) ~[spring-beans-4.2.3.RELEASE.jar:4.2.3.RELEASE]
	at org.springframework.beans.factory.support.AbstractBeanFactory.doGetBean(AbstractBeanFactory.java:302) ~[spring-beans-4.2.3.RELEASE.jar:4.2.3.RELEASE]
	at org.springframework.beans.factory.support.AbstractBeanFactory.getBean(AbstractBeanFactory.java:197) ~[spring-beans-4.2.3.RELEASE.jar:4.2.3.RELEASE]
	at org.springframework.beans.factory.support.DefaultListableBeanFactory.preInstantiateSingletons(DefaultListableBeanFactory.java:753) ~[spring-beans-4.2.3.RELEASE.jar:4.2.3.RELEASE]
	at org.springframework.context.support.AbstractApplicationContext.finishBeanFactoryInitialization(AbstractApplicationContext.java:838) ~[spring-context-4.2.3.RELEASE.jar:4.2.3.RELEASE]
	at org.springframework.context.support.AbstractApplicationContext.refresh(AbstractApplicationContext.java:537) ~[spring-context-4.2.3.RELEASE.jar:4.2.3.RELEASE]
	at org.springframework.test.context.support.AbstractGenericContextLoader.loadContext(AbstractGenericContextLoader.java:125) ~[spring-test-4.2.3.RELEASE.jar:4.2.3.RELEASE]
	at org.springframework.test.context.support.AbstractGenericContextLoader.loadContext(AbstractGenericContextLoader.java:60) ~[spring-test-4.2.3.RELEASE.jar:4.2.3.RELEASE]
	at org.springframework.test.context.support.AbstractDelegatingSmartContextLoader.delegateLoading(AbstractDelegatingSmartContextLoader.java:109) ~[spring-test-4.2.3.RELEASE.jar:4.2.3.RELEASE]
	at org.springframework.test.context.support.AbstractDelegatingSmartContextLoader.loadContext(AbstractDelegatingSmartContextLoader.java:261) ~[spring-test-4.2.3.RELEASE.jar:4.2.3.RELEASE]
	at org.springframework.test.context.cache.DefaultCacheAwareContextLoaderDelegate.loadContextInternal(DefaultCacheAwareContextLoaderDelegate.java:98) ~[spring-test-4.2.3.RELEASE.jar:4.2.3.RELEASE]
	at org.springframework.test.context.cache.DefaultCacheAwareContextLoaderDelegate.loadContext(DefaultCacheAwareContextLoaderDelegate.java:116) ~[spring-test-4.2.3.RELEASE.jar:4.2.3.RELEASE]
	... 25 common frames omitted
Caused by: java.lang.IllegalArgumentException: org.apache.ibatis.builder.BuilderException: Error parsing Mapper XML. Cause: org.apache.ibatis.builder.BuilderException: Wrong namespace. Expected 'com.wenchukai.ckbatis.mapper.BarMapper' but found 'com.wenchukai.mapper.BarMapper'.
	at org.mybatis.spring.mapper.MapperFactoryBean.checkDaoConfig(MapperFactoryBean.java:83) ~[mybatis-spring-1.2.4.jar:1.2.4]
	at org.springframework.dao.support.DaoSupport.afterPropertiesSet(DaoSupport.java:44) ~[spring-tx-4.2.3.RELEASE.jar:4.2.3.RELEASE]
	at org.springframework.beans.factory.support.AbstractAutowireCapableBeanFactory.invokeInitMethods(AbstractAutowireCapableBeanFactory.java:1637) ~[spring-beans-4.2.3.RELEASE.jar:4.2.3.RELEASE]
	at org.springframework.beans.factory.support.AbstractAutowireCapableBeanFactory.initializeBean(AbstractAutowireCapableBeanFactory.java:1574) ~[spring-beans-4.2.3.RELEASE.jar:4.2.3.RELEASE]
	... 40 common frames omitted
Caused by: org.apache.ibatis.builder.BuilderException: Error parsing Mapper XML. Cause: org.apache.ibatis.builder.BuilderException: Wrong namespace. Expected 'com.wenchukai.ckbatis.mapper.BarMapper' but found 'com.wenchukai.mapper.BarMapper'.
	at org.apache.ibatis.builder.xml.XMLMapperBuilder.configurationElement(XMLMapperBuilder.java:120) ~[mybatis-3.3.1.jar:3.3.1]
	at org.apache.ibatis.builder.xml.XMLMapperBuilder.parse(XMLMapperBuilder.java:92) ~[mybatis-3.3.1.jar:3.3.1]
	at org.apache.ibatis.builder.annotation.MapperAnnotationBuilder.loadXmlResource(MapperAnnotationBuilder.java:167) ~[mybatis-3.3.1.jar:3.3.1]
	at org.apache.ibatis.builder.annotation.MapperAnnotationBuilder.parse(MapperAnnotationBuilder.java:118) ~[mybatis-3.3.1.jar:3.3.1]
	at org.apache.ibatis.binding.MapperRegistry.addMapper(MapperRegistry.java:72) ~[mybatis-3.3.1.jar:3.3.1]
	at org.apache.ibatis.session.Configuration.addMapper(Configuration.java:685) ~[mybatis-3.3.1.jar:3.3.1]
	at org.mybatis.spring.mapper.MapperFactoryBean.checkDaoConfig(MapperFactoryBean.java:80) ~[mybatis-spring-1.2.4.jar:1.2.4]
	... 43 common frames omitted
Caused by: org.apache.ibatis.builder.BuilderException: Wrong namespace. Expected 'com.wenchukai.ckbatis.mapper.BarMapper' but found 'com.wenchukai.mapper.BarMapper'.
	at org.apache.ibatis.builder.MapperBuilderAssistant.setCurrentNamespace(MapperBuilderAssistant.java:78) ~[mybatis-3.3.1.jar:3.3.1]
	at org.apache.ibatis.builder.xml.XMLMapperBuilder.configurationElement(XMLMapperBuilder.java:112) ~[mybatis-3.3.1.jar:3.3.1]
	... 49 common frames omitted
2016-03-31 12:57:30 [ main ] - [ INFO  ] [
				o.s.t.c.support.DefaultTestContextBootstrapper : 259 ] - Loaded default TestExecutionListener class names from location [META-INF/spring.factories]: [org.springframework.test.context.web.ServletTestExecutionListener, org.springframework.test.context.support.DirtiesContextBeforeModesTestExecutionListener, org.springframework.test.context.support.DependencyInjectionTestExecutionListener, org.springframework.test.context.support.DirtiesContextTestExecutionListener, org.springframework.test.context.transaction.TransactionalTestExecutionListener, org.springframework.test.context.jdbc.SqlScriptsTestExecutionListener]
2016-03-31 12:57:30 [ main ] - [ INFO  ] [
				o.s.t.c.support.DefaultTestContextBootstrapper : 207 ] - Could not instantiate TestExecutionListener [org.springframework.test.context.web.ServletTestExecutionListener]. Specify custom listener classes or make the default listener classes (and their required dependencies) available. Offending class: [javax/servlet/ServletContext]
2016-03-31 12:57:30 [ main ] - [ INFO  ] [
				o.s.t.c.support.DefaultTestContextBootstrapper : 185 ] - Using TestExecutionListeners: [org.springframework.test.context.support.DirtiesContextBeforeModesTestExecutionListener@33c911a1, org.springframework.test.context.support.DependencyInjectionTestExecutionListener@75db5df9, org.springframework.test.context.support.DirtiesContextTestExecutionListener@707194ba, org.springframework.test.context.transaction.TransactionalTestExecutionListener@1190200a, org.springframework.test.context.jdbc.SqlScriptsTestExecutionListener@6a2f6f80]
2016-03-31 12:57:30 [ main ] - [ INFO  ] [
				o.s.beans.factory.xml.XmlBeanDefinitionReader : 317 ] - Loading XML bean definitions from class path resource [spring.xml]
2016-03-31 12:57:30 [ main ] - [ INFO  ] [
				o.s.context.support.GenericApplicationContext : 577 ] - Refreshing org.springframework.context.support.GenericApplicationContext@366647c2: startup date [Thu Mar 31 12:57:30 CST 2016]; root of context hierarchy
2016-03-31 12:57:30 [ main ] - [ INFO  ] [
				o.s.j.datasource.embedded.EmbeddedDatabaseFactory : 185 ] - Starting embedded database: url='jdbc:hsqldb:mem:dataSourceBar', username='sa'
2016-03-31 12:57:30 [ main ] - [ INFO  ] [
				o.springframework.jdbc.datasource.init.ScriptUtils : 443 ] - Executing SQL script from class path resource [database-schema-bar.sql]
2016-03-31 12:57:30 [ main ] - [ INFO  ] [
				o.springframework.jdbc.datasource.init.ScriptUtils : 502 ] - Executed SQL script from class path resource [database-schema-bar.sql] in 4 ms.
2016-03-31 12:57:30 [ main ] - [ ERROR ] [
				org.mybatis.spring.mapper.MapperFactoryBean : 82 ] - Error while adding the mapper 'interface com.wenchukai.ckbatis.mapper.BarMapper' to configuration.
org.apache.ibatis.builder.BuilderException: Error parsing Mapper XML. Cause: org.apache.ibatis.builder.BuilderException: Wrong namespace. Expected 'com.wenchukai.ckbatis.mapper.BarMapper' but found 'com.wenchukai.mapper.BarMapper'.
	at org.apache.ibatis.builder.xml.XMLMapperBuilder.configurationElement(XMLMapperBuilder.java:120) ~[mybatis-3.3.1.jar:3.3.1]
	at org.apache.ibatis.builder.xml.XMLMapperBuilder.parse(XMLMapperBuilder.java:92) ~[mybatis-3.3.1.jar:3.3.1]
	at org.apache.ibatis.builder.annotation.MapperAnnotationBuilder.loadXmlResource(MapperAnnotationBuilder.java:167) ~[mybatis-3.3.1.jar:3.3.1]
	at org.apache.ibatis.builder.annotation.MapperAnnotationBuilder.parse(MapperAnnotationBuilder.java:118) ~[mybatis-3.3.1.jar:3.3.1]
	at org.apache.ibatis.binding.MapperRegistry.addMapper(MapperRegistry.java:72) ~[mybatis-3.3.1.jar:3.3.1]
	at org.apache.ibatis.session.Configuration.addMapper(Configuration.java:685) ~[mybatis-3.3.1.jar:3.3.1]
	at org.mybatis.spring.mapper.MapperFactoryBean.checkDaoConfig(MapperFactoryBean.java:80) ~[mybatis-spring-1.2.4.jar:1.2.4]
	at org.springframework.dao.support.DaoSupport.afterPropertiesSet(DaoSupport.java:44) [spring-tx-4.2.3.RELEASE.jar:4.2.3.RELEASE]
	at org.springframework.beans.factory.support.AbstractAutowireCapableBeanFactory.invokeInitMethods(AbstractAutowireCapableBeanFactory.java:1637) [spring-beans-4.2.3.RELEASE.jar:4.2.3.RELEASE]
	at org.springframework.beans.factory.support.AbstractAutowireCapableBeanFactory.initializeBean(AbstractAutowireCapableBeanFactory.java:1574) [spring-beans-4.2.3.RELEASE.jar:4.2.3.RELEASE]
	at org.springframework.beans.factory.support.AbstractAutowireCapableBeanFactory.doCreateBean(AbstractAutowireCapableBeanFactory.java:545) [spring-beans-4.2.3.RELEASE.jar:4.2.3.RELEASE]
	at org.springframework.beans.factory.support.AbstractAutowireCapableBeanFactory.createBean(AbstractAutowireCapableBeanFactory.java:482) [spring-beans-4.2.3.RELEASE.jar:4.2.3.RELEASE]
	at org.springframework.beans.factory.support.AbstractBeanFactory$1.getObject(AbstractBeanFactory.java:306) [spring-beans-4.2.3.RELEASE.jar:4.2.3.RELEASE]
	at org.springframework.beans.factory.support.DefaultSingletonBeanRegistry.getSingleton(DefaultSingletonBeanRegistry.java:230) [spring-beans-4.2.3.RELEASE.jar:4.2.3.RELEASE]
	at org.springframework.beans.factory.support.AbstractBeanFactory.doGetBean(AbstractBeanFactory.java:302) [spring-beans-4.2.3.RELEASE.jar:4.2.3.RELEASE]
	at org.springframework.beans.factory.support.AbstractBeanFactory.getBean(AbstractBeanFactory.java:197) [spring-beans-4.2.3.RELEASE.jar:4.2.3.RELEASE]
	at org.springframework.beans.factory.support.DefaultListableBeanFactory.preInstantiateSingletons(DefaultListableBeanFactory.java:753) [spring-beans-4.2.3.RELEASE.jar:4.2.3.RELEASE]
	at org.springframework.context.support.AbstractApplicationContext.finishBeanFactoryInitialization(AbstractApplicationContext.java:838) [spring-context-4.2.3.RELEASE.jar:4.2.3.RELEASE]
	at org.springframework.context.support.AbstractApplicationContext.refresh(AbstractApplicationContext.java:537) [spring-context-4.2.3.RELEASE.jar:4.2.3.RELEASE]
	at org.springframework.test.context.support.AbstractGenericContextLoader.loadContext(AbstractGenericContextLoader.java:125) [spring-test-4.2.3.RELEASE.jar:4.2.3.RELEASE]
	at org.springframework.test.context.support.AbstractGenericContextLoader.loadContext(AbstractGenericContextLoader.java:60) [spring-test-4.2.3.RELEASE.jar:4.2.3.RELEASE]
	at org.springframework.test.context.support.AbstractDelegatingSmartContextLoader.delegateLoading(AbstractDelegatingSmartContextLoader.java:109) [spring-test-4.2.3.RELEASE.jar:4.2.3.RELEASE]
	at org.springframework.test.context.support.AbstractDelegatingSmartContextLoader.loadContext(AbstractDelegatingSmartContextLoader.java:261) [spring-test-4.2.3.RELEASE.jar:4.2.3.RELEASE]
	at org.springframework.test.context.cache.DefaultCacheAwareContextLoaderDelegate.loadContextInternal(DefaultCacheAwareContextLoaderDelegate.java:98) [spring-test-4.2.3.RELEASE.jar:4.2.3.RELEASE]
	at org.springframework.test.context.cache.DefaultCacheAwareContextLoaderDelegate.loadContext(DefaultCacheAwareContextLoaderDelegate.java:116) [spring-test-4.2.3.RELEASE.jar:4.2.3.RELEASE]
	at org.springframework.test.context.support.DefaultTestContext.getApplicationContext(DefaultTestContext.java:83) [spring-test-4.2.3.RELEASE.jar:4.2.3.RELEASE]
	at org.springframework.test.context.support.DependencyInjectionTestExecutionListener.injectDependencies(DependencyInjectionTestExecutionListener.java:117) [spring-test-4.2.3.RELEASE.jar:4.2.3.RELEASE]
	at org.springframework.test.context.support.DependencyInjectionTestExecutionListener.prepareTestInstance(DependencyInjectionTestExecutionListener.java:83) [spring-test-4.2.3.RELEASE.jar:4.2.3.RELEASE]
	at org.springframework.test.context.TestContextManager.prepareTestInstance(TestContextManager.java:228) [spring-test-4.2.3.RELEASE.jar:4.2.3.RELEASE]
	at org.springframework.test.context.junit4.SpringJUnit4ClassRunner.createTest(SpringJUnit4ClassRunner.java:230) [spring-test-4.2.3.RELEASE.jar:4.2.3.RELEASE]
	at org.springframework.test.context.junit4.SpringJUnit4ClassRunner$1.runReflectiveCall(SpringJUnit4ClassRunner.java:289) [spring-test-4.2.3.RELEASE.jar:4.2.3.RELEASE]
	at org.junit.internal.runners.model.ReflectiveCallable.run(ReflectiveCallable.java:12) [junit-4.12.jar:4.12]
	at org.springframework.test.context.junit4.SpringJUnit4ClassRunner.methodBlock(SpringJUnit4ClassRunner.java:291) [spring-test-4.2.3.RELEASE.jar:4.2.3.RELEASE]
	at org.springframework.test.context.junit4.SpringJUnit4ClassRunner.runChild(SpringJUnit4ClassRunner.java:249) [spring-test-4.2.3.RELEASE.jar:4.2.3.RELEASE]
	at org.springframework.test.context.junit4.SpringJUnit4ClassRunner.runChild(SpringJUnit4ClassRunner.java:89) [spring-test-4.2.3.RELEASE.jar:4.2.3.RELEASE]
	at org.junit.runners.ParentRunner$3.run(ParentRunner.java:290) [junit-4.12.jar:4.12]
	at org.junit.runners.ParentRunner$1.schedule(ParentRunner.java:71) [junit-4.12.jar:4.12]
	at org.junit.runners.ParentRunner.runChildren(ParentRunner.java:288) [junit-4.12.jar:4.12]
	at org.junit.runners.ParentRunner.access$000(ParentRunner.java:58) [junit-4.12.jar:4.12]
	at org.junit.runners.ParentRunner$2.evaluate(ParentRunner.java:268) [junit-4.12.jar:4.12]
	at org.springframework.test.context.junit4.statements.RunBeforeTestClassCallbacks.evaluate(RunBeforeTestClassCallbacks.java:61) [spring-test-4.2.3.RELEASE.jar:4.2.3.RELEASE]
	at org.springframework.test.context.junit4.statements.RunAfterTestClassCallbacks.evaluate(RunAfterTestClassCallbacks.java:70) [spring-test-4.2.3.RELEASE.jar:4.2.3.RELEASE]
	at org.junit.runners.ParentRunner.run(ParentRunner.java:363) [junit-4.12.jar:4.12]
	at org.springframework.test.context.junit4.SpringJUnit4ClassRunner.run(SpringJUnit4ClassRunner.java:193) [spring-test-4.2.3.RELEASE.jar:4.2.3.RELEASE]
	at org.eclipse.jdt.internal.junit4.runner.JUnit4TestReference.run(JUnit4TestReference.java:86) [.cp/:na]
	at org.eclipse.jdt.internal.junit.runner.TestExecution.run(TestExecution.java:38) [.cp/:na]
	at org.eclipse.jdt.internal.junit.runner.RemoteTestRunner.runTests(RemoteTestRunner.java:459) [.cp/:na]
	at org.eclipse.jdt.internal.junit.runner.RemoteTestRunner.runTests(RemoteTestRunner.java:675) [.cp/:na]
	at org.eclipse.jdt.internal.junit.runner.RemoteTestRunner.run(RemoteTestRunner.java:382) [.cp/:na]
	at org.eclipse.jdt.internal.junit.runner.RemoteTestRunner.main(RemoteTestRunner.java:192) [.cp/:na]
Caused by: org.apache.ibatis.builder.BuilderException: Wrong namespace. Expected 'com.wenchukai.ckbatis.mapper.BarMapper' but found 'com.wenchukai.mapper.BarMapper'.
	at org.apache.ibatis.builder.MapperBuilderAssistant.setCurrentNamespace(MapperBuilderAssistant.java:78) ~[mybatis-3.3.1.jar:3.3.1]
	at org.apache.ibatis.builder.xml.XMLMapperBuilder.configurationElement(XMLMapperBuilder.java:112) ~[mybatis-3.3.1.jar:3.3.1]
	... 49 common frames omitted
2016-03-31 12:57:30 [ main ] - [ WARN  ] [
				o.s.context.support.GenericApplicationContext : 545 ] - Exception encountered during context initialization - cancelling refresh attempt: org.springframework.beans.factory.BeanCreationException: Error creating bean with name 'barMapper' defined in file [F:\workspace\wenchukai.com\ckbatis\target\test-classes\com\wenchukai\ckbatis\mapper\BarMapper.class]: Invocation of init method failed; nested exception is java.lang.IllegalArgumentException: org.apache.ibatis.builder.BuilderException: Error parsing Mapper XML. Cause: org.apache.ibatis.builder.BuilderException: Wrong namespace. Expected 'com.wenchukai.ckbatis.mapper.BarMapper' but found 'com.wenchukai.mapper.BarMapper'.
2016-03-31 12:57:30 [ main ] - [ INFO  ] [
				o.s.j.datasource.embedded.EmbeddedDatabaseFactory : 217 ] - Shutting down embedded database: url='jdbc:hsqldb:mem:dataSourceBar'
2016-03-31 12:57:30 [ main ] - [ ERROR ] [
				o.springframework.test.context.TestContextManager : 231 ] - Caught exception while allowing TestExecutionListener [org.springframework.test.context.support.DependencyInjectionTestExecutionListener@75db5df9] to prepare test instance [com.wenchukai.ckbatis.dao.BarDaoTest@3ee39da0]
java.lang.IllegalStateException: Failed to load ApplicationContext
	at org.springframework.test.context.cache.DefaultCacheAwareContextLoaderDelegate.loadContext(DefaultCacheAwareContextLoaderDelegate.java:124) ~[spring-test-4.2.3.RELEASE.jar:4.2.3.RELEASE]
	at org.springframework.test.context.support.DefaultTestContext.getApplicationContext(DefaultTestContext.java:83) ~[spring-test-4.2.3.RELEASE.jar:4.2.3.RELEASE]
	at org.springframework.test.context.support.DependencyInjectionTestExecutionListener.injectDependencies(DependencyInjectionTestExecutionListener.java:117) ~[spring-test-4.2.3.RELEASE.jar:4.2.3.RELEASE]
	at org.springframework.test.context.support.DependencyInjectionTestExecutionListener.prepareTestInstance(DependencyInjectionTestExecutionListener.java:83) ~[spring-test-4.2.3.RELEASE.jar:4.2.3.RELEASE]
	at org.springframework.test.context.TestContextManager.prepareTestInstance(TestContextManager.java:228) ~[spring-test-4.2.3.RELEASE.jar:4.2.3.RELEASE]
	at org.springframework.test.context.junit4.SpringJUnit4ClassRunner.createTest(SpringJUnit4ClassRunner.java:230) [spring-test-4.2.3.RELEASE.jar:4.2.3.RELEASE]
	at org.springframework.test.context.junit4.SpringJUnit4ClassRunner$1.runReflectiveCall(SpringJUnit4ClassRunner.java:289) [spring-test-4.2.3.RELEASE.jar:4.2.3.RELEASE]
	at org.junit.internal.runners.model.ReflectiveCallable.run(ReflectiveCallable.java:12) [junit-4.12.jar:4.12]
	at org.springframework.test.context.junit4.SpringJUnit4ClassRunner.methodBlock(SpringJUnit4ClassRunner.java:291) [spring-test-4.2.3.RELEASE.jar:4.2.3.RELEASE]
	at org.springframework.test.context.junit4.SpringJUnit4ClassRunner.runChild(SpringJUnit4ClassRunner.java:249) [spring-test-4.2.3.RELEASE.jar:4.2.3.RELEASE]
	at org.springframework.test.context.junit4.SpringJUnit4ClassRunner.runChild(SpringJUnit4ClassRunner.java:89) [spring-test-4.2.3.RELEASE.jar:4.2.3.RELEASE]
	at org.junit.runners.ParentRunner$3.run(ParentRunner.java:290) [junit-4.12.jar:4.12]
	at org.junit.runners.ParentRunner$1.schedule(ParentRunner.java:71) [junit-4.12.jar:4.12]
	at org.junit.runners.ParentRunner.runChildren(ParentRunner.java:288) [junit-4.12.jar:4.12]
	at org.junit.runners.ParentRunner.access$000(ParentRunner.java:58) [junit-4.12.jar:4.12]
	at org.junit.runners.ParentRunner$2.evaluate(ParentRunner.java:268) [junit-4.12.jar:4.12]
	at org.springframework.test.context.junit4.statements.RunBeforeTestClassCallbacks.evaluate(RunBeforeTestClassCallbacks.java:61) [spring-test-4.2.3.RELEASE.jar:4.2.3.RELEASE]
	at org.springframework.test.context.junit4.statements.RunAfterTestClassCallbacks.evaluate(RunAfterTestClassCallbacks.java:70) [spring-test-4.2.3.RELEASE.jar:4.2.3.RELEASE]
	at org.junit.runners.ParentRunner.run(ParentRunner.java:363) [junit-4.12.jar:4.12]
	at org.springframework.test.context.junit4.SpringJUnit4ClassRunner.run(SpringJUnit4ClassRunner.java:193) [spring-test-4.2.3.RELEASE.jar:4.2.3.RELEASE]
	at org.eclipse.jdt.internal.junit4.runner.JUnit4TestReference.run(JUnit4TestReference.java:86) [.cp/:na]
	at org.eclipse.jdt.internal.junit.runner.TestExecution.run(TestExecution.java:38) [.cp/:na]
	at org.eclipse.jdt.internal.junit.runner.RemoteTestRunner.runTests(RemoteTestRunner.java:459) [.cp/:na]
	at org.eclipse.jdt.internal.junit.runner.RemoteTestRunner.runTests(RemoteTestRunner.java:675) [.cp/:na]
	at org.eclipse.jdt.internal.junit.runner.RemoteTestRunner.run(RemoteTestRunner.java:382) [.cp/:na]
	at org.eclipse.jdt.internal.junit.runner.RemoteTestRunner.main(RemoteTestRunner.java:192) [.cp/:na]
Caused by: org.springframework.beans.factory.BeanCreationException: Error creating bean with name 'barMapper' defined in file [F:\workspace\wenchukai.com\ckbatis\target\test-classes\com\wenchukai\ckbatis\mapper\BarMapper.class]: Invocation of init method failed; nested exception is java.lang.IllegalArgumentException: org.apache.ibatis.builder.BuilderException: Error parsing Mapper XML. Cause: org.apache.ibatis.builder.BuilderException: Wrong namespace. Expected 'com.wenchukai.ckbatis.mapper.BarMapper' but found 'com.wenchukai.mapper.BarMapper'.
	at org.springframework.beans.factory.support.AbstractAutowireCapableBeanFactory.initializeBean(AbstractAutowireCapableBeanFactory.java:1578) ~[spring-beans-4.2.3.RELEASE.jar:4.2.3.RELEASE]
	at org.springframework.beans.factory.support.AbstractAutowireCapableBeanFactory.doCreateBean(AbstractAutowireCapableBeanFactory.java:545) ~[spring-beans-4.2.3.RELEASE.jar:4.2.3.RELEASE]
	at org.springframework.beans.factory.support.AbstractAutowireCapableBeanFactory.createBean(AbstractAutowireCapableBeanFactory.java:482) ~[spring-beans-4.2.3.RELEASE.jar:4.2.3.RELEASE]
	at org.springframework.beans.factory.support.AbstractBeanFactory$1.getObject(AbstractBeanFactory.java:306) ~[spring-beans-4.2.3.RELEASE.jar:4.2.3.RELEASE]
	at org.springframework.beans.factory.support.DefaultSingletonBeanRegistry.getSingleton(DefaultSingletonBeanRegistry.java:230) ~[spring-beans-4.2.3.RELEASE.jar:4.2.3.RELEASE]
	at org.springframework.beans.factory.support.AbstractBeanFactory.doGetBean(AbstractBeanFactory.java:302) ~[spring-beans-4.2.3.RELEASE.jar:4.2.3.RELEASE]
	at org.springframework.beans.factory.support.AbstractBeanFactory.getBean(AbstractBeanFactory.java:197) ~[spring-beans-4.2.3.RELEASE.jar:4.2.3.RELEASE]
	at org.springframework.beans.factory.support.DefaultListableBeanFactory.preInstantiateSingletons(DefaultListableBeanFactory.java:753) ~[spring-beans-4.2.3.RELEASE.jar:4.2.3.RELEASE]
	at org.springframework.context.support.AbstractApplicationContext.finishBeanFactoryInitialization(AbstractApplicationContext.java:838) ~[spring-context-4.2.3.RELEASE.jar:4.2.3.RELEASE]
	at org.springframework.context.support.AbstractApplicationContext.refresh(AbstractApplicationContext.java:537) ~[spring-context-4.2.3.RELEASE.jar:4.2.3.RELEASE]
	at org.springframework.test.context.support.AbstractGenericContextLoader.loadContext(AbstractGenericContextLoader.java:125) ~[spring-test-4.2.3.RELEASE.jar:4.2.3.RELEASE]
	at org.springframework.test.context.support.AbstractGenericContextLoader.loadContext(AbstractGenericContextLoader.java:60) ~[spring-test-4.2.3.RELEASE.jar:4.2.3.RELEASE]
	at org.springframework.test.context.support.AbstractDelegatingSmartContextLoader.delegateLoading(AbstractDelegatingSmartContextLoader.java:109) ~[spring-test-4.2.3.RELEASE.jar:4.2.3.RELEASE]
	at org.springframework.test.context.support.AbstractDelegatingSmartContextLoader.loadContext(AbstractDelegatingSmartContextLoader.java:261) ~[spring-test-4.2.3.RELEASE.jar:4.2.3.RELEASE]
	at org.springframework.test.context.cache.DefaultCacheAwareContextLoaderDelegate.loadContextInternal(DefaultCacheAwareContextLoaderDelegate.java:98) ~[spring-test-4.2.3.RELEASE.jar:4.2.3.RELEASE]
	at org.springframework.test.context.cache.DefaultCacheAwareContextLoaderDelegate.loadContext(DefaultCacheAwareContextLoaderDelegate.java:116) ~[spring-test-4.2.3.RELEASE.jar:4.2.3.RELEASE]
	... 25 common frames omitted
Caused by: java.lang.IllegalArgumentException: org.apache.ibatis.builder.BuilderException: Error parsing Mapper XML. Cause: org.apache.ibatis.builder.BuilderException: Wrong namespace. Expected 'com.wenchukai.ckbatis.mapper.BarMapper' but found 'com.wenchukai.mapper.BarMapper'.
	at org.mybatis.spring.mapper.MapperFactoryBean.checkDaoConfig(MapperFactoryBean.java:83) ~[mybatis-spring-1.2.4.jar:1.2.4]
	at org.springframework.dao.support.DaoSupport.afterPropertiesSet(DaoSupport.java:44) ~[spring-tx-4.2.3.RELEASE.jar:4.2.3.RELEASE]
	at org.springframework.beans.factory.support.AbstractAutowireCapableBeanFactory.invokeInitMethods(AbstractAutowireCapableBeanFactory.java:1637) ~[spring-beans-4.2.3.RELEASE.jar:4.2.3.RELEASE]
	at org.springframework.beans.factory.support.AbstractAutowireCapableBeanFactory.initializeBean(AbstractAutowireCapableBeanFactory.java:1574) ~[spring-beans-4.2.3.RELEASE.jar:4.2.3.RELEASE]
	... 40 common frames omitted
Caused by: org.apache.ibatis.builder.BuilderException: Error parsing Mapper XML. Cause: org.apache.ibatis.builder.BuilderException: Wrong namespace. Expected 'com.wenchukai.ckbatis.mapper.BarMapper' but found 'com.wenchukai.mapper.BarMapper'.
	at org.apache.ibatis.builder.xml.XMLMapperBuilder.configurationElement(XMLMapperBuilder.java:120) ~[mybatis-3.3.1.jar:3.3.1]
	at org.apache.ibatis.builder.xml.XMLMapperBuilder.parse(XMLMapperBuilder.java:92) ~[mybatis-3.3.1.jar:3.3.1]
	at org.apache.ibatis.builder.annotation.MapperAnnotationBuilder.loadXmlResource(MapperAnnotationBuilder.java:167) ~[mybatis-3.3.1.jar:3.3.1]
	at org.apache.ibatis.builder.annotation.MapperAnnotationBuilder.parse(MapperAnnotationBuilder.java:118) ~[mybatis-3.3.1.jar:3.3.1]
	at org.apache.ibatis.binding.MapperRegistry.addMapper(MapperRegistry.java:72) ~[mybatis-3.3.1.jar:3.3.1]
	at org.apache.ibatis.session.Configuration.addMapper(Configuration.java:685) ~[mybatis-3.3.1.jar:3.3.1]
	at org.mybatis.spring.mapper.MapperFactoryBean.checkDaoConfig(MapperFactoryBean.java:80) ~[mybatis-spring-1.2.4.jar:1.2.4]
	... 43 common frames omitted
Caused by: org.apache.ibatis.builder.BuilderException: Wrong namespace. Expected 'com.wenchukai.ckbatis.mapper.BarMapper' but found 'com.wenchukai.mapper.BarMapper'.
	at org.apache.ibatis.builder.MapperBuilderAssistant.setCurrentNamespace(MapperBuilderAssistant.java:78) ~[mybatis-3.3.1.jar:3.3.1]
	at org.apache.ibatis.builder.xml.XMLMapperBuilder.configurationElement(XMLMapperBuilder.java:112) ~[mybatis-3.3.1.jar:3.3.1]
	... 49 common frames omitted
2016-03-31 12:57:30 [ main ] - [ INFO  ] [
				o.s.beans.factory.xml.XmlBeanDefinitionReader : 317 ] - Loading XML bean definitions from class path resource [spring.xml]
2016-03-31 12:57:30 [ main ] - [ INFO  ] [
				o.s.context.support.GenericApplicationContext : 577 ] - Refreshing org.springframework.context.support.GenericApplicationContext@aa5455e: startup date [Thu Mar 31 12:57:30 CST 2016]; root of context hierarchy
2016-03-31 12:57:31 [ main ] - [ INFO  ] [
				o.s.j.datasource.embedded.EmbeddedDatabaseFactory : 185 ] - Starting embedded database: url='jdbc:hsqldb:mem:dataSourceBar', username='sa'
2016-03-31 12:57:31 [ main ] - [ INFO  ] [
				o.springframework.jdbc.datasource.init.ScriptUtils : 443 ] - Executing SQL script from class path resource [database-schema-bar.sql]
2016-03-31 12:57:31 [ main ] - [ INFO  ] [
				o.springframework.jdbc.datasource.init.ScriptUtils : 502 ] - Executed SQL script from class path resource [database-schema-bar.sql] in 1 ms.
2016-03-31 12:57:31 [ main ] - [ ERROR ] [
				org.mybatis.spring.mapper.MapperFactoryBean : 82 ] - Error while adding the mapper 'interface com.wenchukai.ckbatis.mapper.BarMapper' to configuration.
org.apache.ibatis.builder.BuilderException: Error parsing Mapper XML. Cause: org.apache.ibatis.builder.BuilderException: Wrong namespace. Expected 'com.wenchukai.ckbatis.mapper.BarMapper' but found 'com.wenchukai.mapper.BarMapper'.
	at org.apache.ibatis.builder.xml.XMLMapperBuilder.configurationElement(XMLMapperBuilder.java:120) ~[mybatis-3.3.1.jar:3.3.1]
	at org.apache.ibatis.builder.xml.XMLMapperBuilder.parse(XMLMapperBuilder.java:92) ~[mybatis-3.3.1.jar:3.3.1]
	at org.apache.ibatis.builder.annotation.MapperAnnotationBuilder.loadXmlResource(MapperAnnotationBuilder.java:167) ~[mybatis-3.3.1.jar:3.3.1]
	at org.apache.ibatis.builder.annotation.MapperAnnotationBuilder.parse(MapperAnnotationBuilder.java:118) ~[mybatis-3.3.1.jar:3.3.1]
	at org.apache.ibatis.binding.MapperRegistry.addMapper(MapperRegistry.java:72) ~[mybatis-3.3.1.jar:3.3.1]
	at org.apache.ibatis.session.Configuration.addMapper(Configuration.java:685) ~[mybatis-3.3.1.jar:3.3.1]
	at org.mybatis.spring.mapper.MapperFactoryBean.checkDaoConfig(MapperFactoryBean.java:80) ~[mybatis-spring-1.2.4.jar:1.2.4]
	at org.springframework.dao.support.DaoSupport.afterPropertiesSet(DaoSupport.java:44) [spring-tx-4.2.3.RELEASE.jar:4.2.3.RELEASE]
	at org.springframework.beans.factory.support.AbstractAutowireCapableBeanFactory.invokeInitMethods(AbstractAutowireCapableBeanFactory.java:1637) [spring-beans-4.2.3.RELEASE.jar:4.2.3.RELEASE]
	at org.springframework.beans.factory.support.AbstractAutowireCapableBeanFactory.initializeBean(AbstractAutowireCapableBeanFactory.java:1574) [spring-beans-4.2.3.RELEASE.jar:4.2.3.RELEASE]
	at org.springframework.beans.factory.support.AbstractAutowireCapableBeanFactory.doCreateBean(AbstractAutowireCapableBeanFactory.java:545) [spring-beans-4.2.3.RELEASE.jar:4.2.3.RELEASE]
	at org.springframework.beans.factory.support.AbstractAutowireCapableBeanFactory.createBean(AbstractAutowireCapableBeanFactory.java:482) [spring-beans-4.2.3.RELEASE.jar:4.2.3.RELEASE]
	at org.springframework.beans.factory.support.AbstractBeanFactory$1.getObject(AbstractBeanFactory.java:306) [spring-beans-4.2.3.RELEASE.jar:4.2.3.RELEASE]
	at org.springframework.beans.factory.support.DefaultSingletonBeanRegistry.getSingleton(DefaultSingletonBeanRegistry.java:230) [spring-beans-4.2.3.RELEASE.jar:4.2.3.RELEASE]
	at org.springframework.beans.factory.support.AbstractBeanFactory.doGetBean(AbstractBeanFactory.java:302) [spring-beans-4.2.3.RELEASE.jar:4.2.3.RELEASE]
	at org.springframework.beans.factory.support.AbstractBeanFactory.getBean(AbstractBeanFactory.java:197) [spring-beans-4.2.3.RELEASE.jar:4.2.3.RELEASE]
	at org.springframework.beans.factory.support.DefaultListableBeanFactory.preInstantiateSingletons(DefaultListableBeanFactory.java:753) [spring-beans-4.2.3.RELEASE.jar:4.2.3.RELEASE]
	at org.springframework.context.support.AbstractApplicationContext.finishBeanFactoryInitialization(AbstractApplicationContext.java:838) [spring-context-4.2.3.RELEASE.jar:4.2.3.RELEASE]
	at org.springframework.context.support.AbstractApplicationContext.refresh(AbstractApplicationContext.java:537) [spring-context-4.2.3.RELEASE.jar:4.2.3.RELEASE]
	at org.springframework.test.context.support.AbstractGenericContextLoader.loadContext(AbstractGenericContextLoader.java:125) [spring-test-4.2.3.RELEASE.jar:4.2.3.RELEASE]
	at org.springframework.test.context.support.AbstractGenericContextLoader.loadContext(AbstractGenericContextLoader.java:60) [spring-test-4.2.3.RELEASE.jar:4.2.3.RELEASE]
	at org.springframework.test.context.support.AbstractDelegatingSmartContextLoader.delegateLoading(AbstractDelegatingSmartContextLoader.java:109) [spring-test-4.2.3.RELEASE.jar:4.2.3.RELEASE]
	at org.springframework.test.context.support.AbstractDelegatingSmartContextLoader.loadContext(AbstractDelegatingSmartContextLoader.java:261) [spring-test-4.2.3.RELEASE.jar:4.2.3.RELEASE]
	at org.springframework.test.context.cache.DefaultCacheAwareContextLoaderDelegate.loadContextInternal(DefaultCacheAwareContextLoaderDelegate.java:98) [spring-test-4.2.3.RELEASE.jar:4.2.3.RELEASE]
	at org.springframework.test.context.cache.DefaultCacheAwareContextLoaderDelegate.loadContext(DefaultCacheAwareContextLoaderDelegate.java:116) [spring-test-4.2.3.RELEASE.jar:4.2.3.RELEASE]
	at org.springframework.test.context.support.DefaultTestContext.getApplicationContext(DefaultTestContext.java:83) [spring-test-4.2.3.RELEASE.jar:4.2.3.RELEASE]
	at org.springframework.test.context.support.DependencyInjectionTestExecutionListener.injectDependencies(DependencyInjectionTestExecutionListener.java:117) [spring-test-4.2.3.RELEASE.jar:4.2.3.RELEASE]
	at org.springframework.test.context.support.DependencyInjectionTestExecutionListener.prepareTestInstance(DependencyInjectionTestExecutionListener.java:83) [spring-test-4.2.3.RELEASE.jar:4.2.3.RELEASE]
	at org.springframework.test.context.TestContextManager.prepareTestInstance(TestContextManager.java:228) [spring-test-4.2.3.RELEASE.jar:4.2.3.RELEASE]
	at org.springframework.test.context.junit4.SpringJUnit4ClassRunner.createTest(SpringJUnit4ClassRunner.java:230) [spring-test-4.2.3.RELEASE.jar:4.2.3.RELEASE]
	at org.springframework.test.context.junit4.SpringJUnit4ClassRunner$1.runReflectiveCall(SpringJUnit4ClassRunner.java:289) [spring-test-4.2.3.RELEASE.jar:4.2.3.RELEASE]
	at org.junit.internal.runners.model.ReflectiveCallable.run(ReflectiveCallable.java:12) [junit-4.12.jar:4.12]
	at org.springframework.test.context.junit4.SpringJUnit4ClassRunner.methodBlock(SpringJUnit4ClassRunner.java:291) [spring-test-4.2.3.RELEASE.jar:4.2.3.RELEASE]
	at org.springframework.test.context.junit4.SpringJUnit4ClassRunner.runChild(SpringJUnit4ClassRunner.java:249) [spring-test-4.2.3.RELEASE.jar:4.2.3.RELEASE]
	at org.springframework.test.context.junit4.SpringJUnit4ClassRunner.runChild(SpringJUnit4ClassRunner.java:89) [spring-test-4.2.3.RELEASE.jar:4.2.3.RELEASE]
	at org.junit.runners.ParentRunner$3.run(ParentRunner.java:290) [junit-4.12.jar:4.12]
	at org.junit.runners.ParentRunner$1.schedule(ParentRunner.java:71) [junit-4.12.jar:4.12]
	at org.junit.runners.ParentRunner.runChildren(ParentRunner.java:288) [junit-4.12.jar:4.12]
	at org.junit.runners.ParentRunner.access$000(ParentRunner.java:58) [junit-4.12.jar:4.12]
	at org.junit.runners.ParentRunner$2.evaluate(ParentRunner.java:268) [junit-4.12.jar:4.12]
	at org.springframework.test.context.junit4.statements.RunBeforeTestClassCallbacks.evaluate(RunBeforeTestClassCallbacks.java:61) [spring-test-4.2.3.RELEASE.jar:4.2.3.RELEASE]
	at org.springframework.test.context.junit4.statements.RunAfterTestClassCallbacks.evaluate(RunAfterTestClassCallbacks.java:70) [spring-test-4.2.3.RELEASE.jar:4.2.3.RELEASE]
	at org.junit.runners.ParentRunner.run(ParentRunner.java:363) [junit-4.12.jar:4.12]
	at org.springframework.test.context.junit4.SpringJUnit4ClassRunner.run(SpringJUnit4ClassRunner.java:193) [spring-test-4.2.3.RELEASE.jar:4.2.3.RELEASE]
	at org.eclipse.jdt.internal.junit4.runner.JUnit4TestReference.run(JUnit4TestReference.java:86) [.cp/:na]
	at org.eclipse.jdt.internal.junit.runner.TestExecution.run(TestExecution.java:38) [.cp/:na]
	at org.eclipse.jdt.internal.junit.runner.RemoteTestRunner.runTests(RemoteTestRunner.java:459) [.cp/:na]
	at org.eclipse.jdt.internal.junit.runner.RemoteTestRunner.runTests(RemoteTestRunner.java:675) [.cp/:na]
	at org.eclipse.jdt.internal.junit.runner.RemoteTestRunner.run(RemoteTestRunner.java:382) [.cp/:na]
	at org.eclipse.jdt.internal.junit.runner.RemoteTestRunner.main(RemoteTestRunner.java:192) [.cp/:na]
Caused by: org.apache.ibatis.builder.BuilderException: Wrong namespace. Expected 'com.wenchukai.ckbatis.mapper.BarMapper' but found 'com.wenchukai.mapper.BarMapper'.
	at org.apache.ibatis.builder.MapperBuilderAssistant.setCurrentNamespace(MapperBuilderAssistant.java:78) ~[mybatis-3.3.1.jar:3.3.1]
	at org.apache.ibatis.builder.xml.XMLMapperBuilder.configurationElement(XMLMapperBuilder.java:112) ~[mybatis-3.3.1.jar:3.3.1]
	... 49 common frames omitted
2016-03-31 12:57:31 [ main ] - [ WARN  ] [
				o.s.context.support.GenericApplicationContext : 545 ] - Exception encountered during context initialization - cancelling refresh attempt: org.springframework.beans.factory.BeanCreationException: Error creating bean with name 'barMapper' defined in file [F:\workspace\wenchukai.com\ckbatis\target\test-classes\com\wenchukai\ckbatis\mapper\BarMapper.class]: Invocation of init method failed; nested exception is java.lang.IllegalArgumentException: org.apache.ibatis.builder.BuilderException: Error parsing Mapper XML. Cause: org.apache.ibatis.builder.BuilderException: Wrong namespace. Expected 'com.wenchukai.ckbatis.mapper.BarMapper' but found 'com.wenchukai.mapper.BarMapper'.
2016-03-31 12:57:31 [ main ] - [ INFO  ] [
				o.s.j.datasource.embedded.EmbeddedDatabaseFactory : 217 ] - Shutting down embedded database: url='jdbc:hsqldb:mem:dataSourceBar'
2016-03-31 12:57:31 [ main ] - [ ERROR ] [
				o.springframework.test.context.TestContextManager : 231 ] - Caught exception while allowing TestExecutionListener [org.springframework.test.context.support.DependencyInjectionTestExecutionListener@75db5df9] to prepare test instance [com.wenchukai.ckbatis.dao.BarDaoTest@6f330eb9]
java.lang.IllegalStateException: Failed to load ApplicationContext
	at org.springframework.test.context.cache.DefaultCacheAwareContextLoaderDelegate.loadContext(DefaultCacheAwareContextLoaderDelegate.java:124) ~[spring-test-4.2.3.RELEASE.jar:4.2.3.RELEASE]
	at org.springframework.test.context.support.DefaultTestContext.getApplicationContext(DefaultTestContext.java:83) ~[spring-test-4.2.3.RELEASE.jar:4.2.3.RELEASE]
	at org.springframework.test.context.support.DependencyInjectionTestExecutionListener.injectDependencies(DependencyInjectionTestExecutionListener.java:117) ~[spring-test-4.2.3.RELEASE.jar:4.2.3.RELEASE]
	at org.springframework.test.context.support.DependencyInjectionTestExecutionListener.prepareTestInstance(DependencyInjectionTestExecutionListener.java:83) ~[spring-test-4.2.3.RELEASE.jar:4.2.3.RELEASE]
	at org.springframework.test.context.TestContextManager.prepareTestInstance(TestContextManager.java:228) ~[spring-test-4.2.3.RELEASE.jar:4.2.3.RELEASE]
	at org.springframework.test.context.junit4.SpringJUnit4ClassRunner.createTest(SpringJUnit4ClassRunner.java:230) [spring-test-4.2.3.RELEASE.jar:4.2.3.RELEASE]
	at org.springframework.test.context.junit4.SpringJUnit4ClassRunner$1.runReflectiveCall(SpringJUnit4ClassRunner.java:289) [spring-test-4.2.3.RELEASE.jar:4.2.3.RELEASE]
	at org.junit.internal.runners.model.ReflectiveCallable.run(ReflectiveCallable.java:12) [junit-4.12.jar:4.12]
	at org.springframework.test.context.junit4.SpringJUnit4ClassRunner.methodBlock(SpringJUnit4ClassRunner.java:291) [spring-test-4.2.3.RELEASE.jar:4.2.3.RELEASE]
	at org.springframework.test.context.junit4.SpringJUnit4ClassRunner.runChild(SpringJUnit4ClassRunner.java:249) [spring-test-4.2.3.RELEASE.jar:4.2.3.RELEASE]
	at org.springframework.test.context.junit4.SpringJUnit4ClassRunner.runChild(SpringJUnit4ClassRunner.java:89) [spring-test-4.2.3.RELEASE.jar:4.2.3.RELEASE]
	at org.junit.runners.ParentRunner$3.run(ParentRunner.java:290) [junit-4.12.jar:4.12]
	at org.junit.runners.ParentRunner$1.schedule(ParentRunner.java:71) [junit-4.12.jar:4.12]
	at org.junit.runners.ParentRunner.runChildren(ParentRunner.java:288) [junit-4.12.jar:4.12]
	at org.junit.runners.ParentRunner.access$000(ParentRunner.java:58) [junit-4.12.jar:4.12]
	at org.junit.runners.ParentRunner$2.evaluate(ParentRunner.java:268) [junit-4.12.jar:4.12]
	at org.springframework.test.context.junit4.statements.RunBeforeTestClassCallbacks.evaluate(RunBeforeTestClassCallbacks.java:61) [spring-test-4.2.3.RELEASE.jar:4.2.3.RELEASE]
	at org.springframework.test.context.junit4.statements.RunAfterTestClassCallbacks.evaluate(RunAfterTestClassCallbacks.java:70) [spring-test-4.2.3.RELEASE.jar:4.2.3.RELEASE]
	at org.junit.runners.ParentRunner.run(ParentRunner.java:363) [junit-4.12.jar:4.12]
	at org.springframework.test.context.junit4.SpringJUnit4ClassRunner.run(SpringJUnit4ClassRunner.java:193) [spring-test-4.2.3.RELEASE.jar:4.2.3.RELEASE]
	at org.eclipse.jdt.internal.junit4.runner.JUnit4TestReference.run(JUnit4TestReference.java:86) [.cp/:na]
	at org.eclipse.jdt.internal.junit.runner.TestExecution.run(TestExecution.java:38) [.cp/:na]
	at org.eclipse.jdt.internal.junit.runner.RemoteTestRunner.runTests(RemoteTestRunner.java:459) [.cp/:na]
	at org.eclipse.jdt.internal.junit.runner.RemoteTestRunner.runTests(RemoteTestRunner.java:675) [.cp/:na]
	at org.eclipse.jdt.internal.junit.runner.RemoteTestRunner.run(RemoteTestRunner.java:382) [.cp/:na]
	at org.eclipse.jdt.internal.junit.runner.RemoteTestRunner.main(RemoteTestRunner.java:192) [.cp/:na]
Caused by: org.springframework.beans.factory.BeanCreationException: Error creating bean with name 'barMapper' defined in file [F:\workspace\wenchukai.com\ckbatis\target\test-classes\com\wenchukai\ckbatis\mapper\BarMapper.class]: Invocation of init method failed; nested exception is java.lang.IllegalArgumentException: org.apache.ibatis.builder.BuilderException: Error parsing Mapper XML. Cause: org.apache.ibatis.builder.BuilderException: Wrong namespace. Expected 'com.wenchukai.ckbatis.mapper.BarMapper' but found 'com.wenchukai.mapper.BarMapper'.
	at org.springframework.beans.factory.support.AbstractAutowireCapableBeanFactory.initializeBean(AbstractAutowireCapableBeanFactory.java:1578) ~[spring-beans-4.2.3.RELEASE.jar:4.2.3.RELEASE]
	at org.springframework.beans.factory.support.AbstractAutowireCapableBeanFactory.doCreateBean(AbstractAutowireCapableBeanFactory.java:545) ~[spring-beans-4.2.3.RELEASE.jar:4.2.3.RELEASE]
	at org.springframework.beans.factory.support.AbstractAutowireCapableBeanFactory.createBean(AbstractAutowireCapableBeanFactory.java:482) ~[spring-beans-4.2.3.RELEASE.jar:4.2.3.RELEASE]
	at org.springframework.beans.factory.support.AbstractBeanFactory$1.getObject(AbstractBeanFactory.java:306) ~[spring-beans-4.2.3.RELEASE.jar:4.2.3.RELEASE]
	at org.springframework.beans.factory.support.DefaultSingletonBeanRegistry.getSingleton(DefaultSingletonBeanRegistry.java:230) ~[spring-beans-4.2.3.RELEASE.jar:4.2.3.RELEASE]
	at org.springframework.beans.factory.support.AbstractBeanFactory.doGetBean(AbstractBeanFactory.java:302) ~[spring-beans-4.2.3.RELEASE.jar:4.2.3.RELEASE]
	at org.springframework.beans.factory.support.AbstractBeanFactory.getBean(AbstractBeanFactory.java:197) ~[spring-beans-4.2.3.RELEASE.jar:4.2.3.RELEASE]
	at org.springframework.beans.factory.support.DefaultListableBeanFactory.preInstantiateSingletons(DefaultListableBeanFactory.java:753) ~[spring-beans-4.2.3.RELEASE.jar:4.2.3.RELEASE]
	at org.springframework.context.support.AbstractApplicationContext.finishBeanFactoryInitialization(AbstractApplicationContext.java:838) ~[spring-context-4.2.3.RELEASE.jar:4.2.3.RELEASE]
	at org.springframework.context.support.AbstractApplicationContext.refresh(AbstractApplicationContext.java:537) ~[spring-context-4.2.3.RELEASE.jar:4.2.3.RELEASE]
	at org.springframework.test.context.support.AbstractGenericContextLoader.loadContext(AbstractGenericContextLoader.java:125) ~[spring-test-4.2.3.RELEASE.jar:4.2.3.RELEASE]
	at org.springframework.test.context.support.AbstractGenericContextLoader.loadContext(AbstractGenericContextLoader.java:60) ~[spring-test-4.2.3.RELEASE.jar:4.2.3.RELEASE]
	at org.springframework.test.context.support.AbstractDelegatingSmartContextLoader.delegateLoading(AbstractDelegatingSmartContextLoader.java:109) ~[spring-test-4.2.3.RELEASE.jar:4.2.3.RELEASE]
	at org.springframework.test.context.support.AbstractDelegatingSmartContextLoader.loadContext(AbstractDelegatingSmartContextLoader.java:261) ~[spring-test-4.2.3.RELEASE.jar:4.2.3.RELEASE]
	at org.springframework.test.context.cache.DefaultCacheAwareContextLoaderDelegate.loadContextInternal(DefaultCacheAwareContextLoaderDelegate.java:98) ~[spring-test-4.2.3.RELEASE.jar:4.2.3.RELEASE]
	at org.springframework.test.context.cache.DefaultCacheAwareContextLoaderDelegate.loadContext(DefaultCacheAwareContextLoaderDelegate.java:116) ~[spring-test-4.2.3.RELEASE.jar:4.2.3.RELEASE]
	... 25 common frames omitted
Caused by: java.lang.IllegalArgumentException: org.apache.ibatis.builder.BuilderException: Error parsing Mapper XML. Cause: org.apache.ibatis.builder.BuilderException: Wrong namespace. Expected 'com.wenchukai.ckbatis.mapper.BarMapper' but found 'com.wenchukai.mapper.BarMapper'.
	at org.mybatis.spring.mapper.MapperFactoryBean.checkDaoConfig(MapperFactoryBean.java:83) ~[mybatis-spring-1.2.4.jar:1.2.4]
	at org.springframework.dao.support.DaoSupport.afterPropertiesSet(DaoSupport.java:44) ~[spring-tx-4.2.3.RELEASE.jar:4.2.3.RELEASE]
	at org.springframework.beans.factory.support.AbstractAutowireCapableBeanFactory.invokeInitMethods(AbstractAutowireCapableBeanFactory.java:1637) ~[spring-beans-4.2.3.RELEASE.jar:4.2.3.RELEASE]
	at org.springframework.beans.factory.support.AbstractAutowireCapableBeanFactory.initializeBean(AbstractAutowireCapableBeanFactory.java:1574) ~[spring-beans-4.2.3.RELEASE.jar:4.2.3.RELEASE]
	... 40 common frames omitted
Caused by: org.apache.ibatis.builder.BuilderException: Error parsing Mapper XML. Cause: org.apache.ibatis.builder.BuilderException: Wrong namespace. Expected 'com.wenchukai.ckbatis.mapper.BarMapper' but found 'com.wenchukai.mapper.BarMapper'.
	at org.apache.ibatis.builder.xml.XMLMapperBuilder.configurationElement(XMLMapperBuilder.java:120) ~[mybatis-3.3.1.jar:3.3.1]
	at org.apache.ibatis.builder.xml.XMLMapperBuilder.parse(XMLMapperBuilder.java:92) ~[mybatis-3.3.1.jar:3.3.1]
	at org.apache.ibatis.builder.annotation.MapperAnnotationBuilder.loadXmlResource(MapperAnnotationBuilder.java:167) ~[mybatis-3.3.1.jar:3.3.1]
	at org.apache.ibatis.builder.annotation.MapperAnnotationBuilder.parse(MapperAnnotationBuilder.java:118) ~[mybatis-3.3.1.jar:3.3.1]
	at org.apache.ibatis.binding.MapperRegistry.addMapper(MapperRegistry.java:72) ~[mybatis-3.3.1.jar:3.3.1]
	at org.apache.ibatis.session.Configuration.addMapper(Configuration.java:685) ~[mybatis-3.3.1.jar:3.3.1]
	at org.mybatis.spring.mapper.MapperFactoryBean.checkDaoConfig(MapperFactoryBean.java:80) ~[mybatis-spring-1.2.4.jar:1.2.4]
	... 43 common frames omitted
Caused by: org.apache.ibatis.builder.BuilderException: Wrong namespace. Expected 'com.wenchukai.ckbatis.mapper.BarMapper' but found 'com.wenchukai.mapper.BarMapper'.
	at org.apache.ibatis.builder.MapperBuilderAssistant.setCurrentNamespace(MapperBuilderAssistant.java:78) ~[mybatis-3.3.1.jar:3.3.1]
	at org.apache.ibatis.builder.xml.XMLMapperBuilder.configurationElement(XMLMapperBuilder.java:112) ~[mybatis-3.3.1.jar:3.3.1]
	... 49 common frames omitted
2016-03-31 12:57:51 [ main ] - [ INFO  ] [
				o.s.t.c.support.DefaultTestContextBootstrapper : 259 ] - Loaded default TestExecutionListener class names from location [META-INF/spring.factories]: [org.springframework.test.context.web.ServletTestExecutionListener, org.springframework.test.context.support.DirtiesContextBeforeModesTestExecutionListener, org.springframework.test.context.support.DependencyInjectionTestExecutionListener, org.springframework.test.context.support.DirtiesContextTestExecutionListener, org.springframework.test.context.transaction.TransactionalTestExecutionListener, org.springframework.test.context.jdbc.SqlScriptsTestExecutionListener]
2016-03-31 12:57:51 [ main ] - [ INFO  ] [
				o.s.t.c.support.DefaultTestContextBootstrapper : 207 ] - Could not instantiate TestExecutionListener [org.springframework.test.context.web.ServletTestExecutionListener]. Specify custom listener classes or make the default listener classes (and their required dependencies) available. Offending class: [javax/servlet/ServletContext]
2016-03-31 12:57:51 [ main ] - [ INFO  ] [
				o.s.t.c.support.DefaultTestContextBootstrapper : 185 ] - Using TestExecutionListeners: [org.springframework.test.context.support.DirtiesContextBeforeModesTestExecutionListener@33c911a1, org.springframework.test.context.support.DependencyInjectionTestExecutionListener@75db5df9, org.springframework.test.context.support.DirtiesContextTestExecutionListener@707194ba, org.springframework.test.context.transaction.TransactionalTestExecutionListener@1190200a, org.springframework.test.context.jdbc.SqlScriptsTestExecutionListener@6a2f6f80]
2016-03-31 12:57:51 [ main ] - [ INFO  ] [
				o.s.beans.factory.xml.XmlBeanDefinitionReader : 317 ] - Loading XML bean definitions from class path resource [spring.xml]
2016-03-31 12:57:51 [ main ] - [ INFO  ] [
				o.s.context.support.GenericApplicationContext : 577 ] - Refreshing org.springframework.context.support.GenericApplicationContext@366647c2: startup date [Thu Mar 31 12:57:51 CST 2016]; root of context hierarchy
2016-03-31 12:57:51 [ main ] - [ INFO  ] [
				o.s.j.datasource.embedded.EmbeddedDatabaseFactory : 185 ] - Starting embedded database: url='jdbc:hsqldb:mem:dataSourceBar', username='sa'
2016-03-31 12:57:51 [ main ] - [ INFO  ] [
				o.springframework.jdbc.datasource.init.ScriptUtils : 443 ] - Executing SQL script from class path resource [database-schema-bar.sql]
2016-03-31 12:57:51 [ main ] - [ INFO  ] [
				o.springframework.jdbc.datasource.init.ScriptUtils : 502 ] - Executed SQL script from class path resource [database-schema-bar.sql] in 4 ms.
2016-03-31 12:57:52 [ Thread-0 ] - [ INFO  ] [
				o.s.context.support.GenericApplicationContext : 957 ] - Closing org.springframework.context.support.GenericApplicationContext@366647c2: startup date [Thu Mar 31 12:57:51 CST 2016]; root of context hierarchy
2016-03-31 12:57:52 [ Thread-0 ] - [ INFO  ] [
				o.s.j.datasource.embedded.EmbeddedDatabaseFactory : 217 ] - Shutting down embedded database: url='jdbc:hsqldb:mem:dataSourceBar'
2016-03-31 13:01:07 [ main ] - [ INFO  ] [
				o.s.t.c.support.DefaultTestContextBootstrapper : 259 ] - Loaded default TestExecutionListener class names from location [META-INF/spring.factories]: [org.springframework.test.context.web.ServletTestExecutionListener, org.springframework.test.context.support.DirtiesContextBeforeModesTestExecutionListener, org.springframework.test.context.support.DependencyInjectionTestExecutionListener, org.springframework.test.context.support.DirtiesContextTestExecutionListener, org.springframework.test.context.transaction.TransactionalTestExecutionListener, org.springframework.test.context.jdbc.SqlScriptsTestExecutionListener]
2016-03-31 13:01:07 [ main ] - [ INFO  ] [
				o.s.t.c.support.DefaultTestContextBootstrapper : 207 ] - Could not instantiate TestExecutionListener [org.springframework.test.context.web.ServletTestExecutionListener]. Specify custom listener classes or make the default listener classes (and their required dependencies) available. Offending class: [javax/servlet/ServletContext]
2016-03-31 13:01:07 [ main ] - [ INFO  ] [
				o.s.t.c.support.DefaultTestContextBootstrapper : 185 ] - Using TestExecutionListeners: [org.springframework.test.context.support.DirtiesContextBeforeModesTestExecutionListener@86be70a, org.springframework.test.context.support.DependencyInjectionTestExecutionListener@480bdb19, org.springframework.test.context.support.DirtiesContextTestExecutionListener@2a556333, org.springframework.test.context.transaction.TransactionalTestExecutionListener@7d70d1b1, org.springframework.test.context.jdbc.SqlScriptsTestExecutionListener@2a742aa2]
2016-03-31 13:01:07 [ main ] - [ INFO  ] [
				o.s.beans.factory.xml.XmlBeanDefinitionReader : 317 ] - Loading XML bean definitions from class path resource [spring.xml]
2016-03-31 13:01:07 [ main ] - [ INFO  ] [
				o.s.context.support.GenericApplicationContext : 577 ] - Refreshing org.springframework.context.support.GenericApplicationContext@64f6106c: startup date [Thu Mar 31 13:01:07 CST 2016]; root of context hierarchy
2016-03-31 13:01:07 [ main ] - [ INFO  ] [
				o.s.j.datasource.embedded.EmbeddedDatabaseFactory : 185 ] - Starting embedded database: url='jdbc:hsqldb:mem:dataSourceBar', username='sa'
2016-03-31 13:01:07 [ main ] - [ INFO  ] [
				o.springframework.jdbc.datasource.init.ScriptUtils : 443 ] - Executing SQL script from class path resource [database-schema-bar.sql]
2016-03-31 13:01:07 [ main ] - [ INFO  ] [
				o.springframework.jdbc.datasource.init.ScriptUtils : 502 ] - Executed SQL script from class path resource [database-schema-bar.sql] in 3 ms.
2016-03-31 13:01:07 [ Thread-0 ] - [ INFO  ] [
				o.s.context.support.GenericApplicationContext : 957 ] - Closing org.springframework.context.support.GenericApplicationContext@64f6106c: startup date [Thu Mar 31 13:01:07 CST 2016]; root of context hierarchy
2016-03-31 13:01:07 [ Thread-0 ] - [ INFO  ] [
				o.s.j.datasource.embedded.EmbeddedDatabaseFactory : 217 ] - Shutting down embedded database: url='jdbc:hsqldb:mem:dataSourceBar'
2016-03-31 14:43:28 [ main ] - [ INFO  ] [
				o.s.t.c.support.DefaultTestContextBootstrapper : 259 ] - Loaded default TestExecutionListener class names from location [META-INF/spring.factories]: [org.springframework.test.context.web.ServletTestExecutionListener, org.springframework.test.context.support.DirtiesContextBeforeModesTestExecutionListener, org.springframework.test.context.support.DependencyInjectionTestExecutionListener, org.springframework.test.context.support.DirtiesContextTestExecutionListener, org.springframework.test.context.transaction.TransactionalTestExecutionListener, org.springframework.test.context.jdbc.SqlScriptsTestExecutionListener]
2016-03-31 14:43:28 [ main ] - [ INFO  ] [
				o.s.t.c.support.DefaultTestContextBootstrapper : 207 ] - Could not instantiate TestExecutionListener [org.springframework.test.context.web.ServletTestExecutionListener]. Specify custom listener classes or make the default listener classes (and their required dependencies) available. Offending class: [javax/servlet/ServletContext]
2016-03-31 14:43:28 [ main ] - [ INFO  ] [
				o.s.t.c.support.DefaultTestContextBootstrapper : 185 ] - Using TestExecutionListeners: [org.springframework.test.context.support.DirtiesContextBeforeModesTestExecutionListener@69a3d1d, org.springframework.test.context.support.DependencyInjectionTestExecutionListener@86be70a, org.springframework.test.context.support.DirtiesContextTestExecutionListener@480bdb19, org.springframework.test.context.transaction.TransactionalTestExecutionListener@2a556333, org.springframework.test.context.jdbc.SqlScriptsTestExecutionListener@7d70d1b1]
2016-03-31 14:43:28 [ main ] - [ INFO  ] [
				o.s.beans.factory.xml.XmlBeanDefinitionReader : 317 ] - Loading XML bean definitions from class path resource [spring.xml]
2016-03-31 14:43:29 [ main ] - [ INFO  ] [
				o.s.context.support.GenericApplicationContext : 577 ] - Refreshing org.springframework.context.support.GenericApplicationContext@33723e30: startup date [Thu Mar 31 14:43:29 CST 2016]; root of context hierarchy
2016-03-31 14:43:29 [ main ] - [ INFO  ] [
				o.s.j.datasource.embedded.EmbeddedDatabaseFactory : 185 ] - Starting embedded database: url='jdbc:hsqldb:mem:dataSourceBar', username='sa'
2016-03-31 14:43:29 [ main ] - [ INFO  ] [
				o.springframework.jdbc.datasource.init.ScriptUtils : 443 ] - Executing SQL script from class path resource [database-schema-bar.sql]
2016-03-31 14:43:29 [ main ] - [ INFO  ] [
				o.springframework.jdbc.datasource.init.ScriptUtils : 502 ] - Executed SQL script from class path resource [database-schema-bar.sql] in 2 ms.
2016-03-31 14:43:29 [ Thread-0 ] - [ INFO  ] [
				o.s.context.support.GenericApplicationContext : 957 ] - Closing org.springframework.context.support.GenericApplicationContext@33723e30: startup date [Thu Mar 31 14:43:29 CST 2016]; root of context hierarchy
2016-03-31 14:43:29 [ Thread-0 ] - [ INFO  ] [
				o.s.j.datasource.embedded.EmbeddedDatabaseFactory : 217 ] - Shutting down embedded database: url='jdbc:hsqldb:mem:dataSourceBar'
2016-03-31 14:44:37 [ main ] - [ INFO  ] [
				o.s.t.c.support.DefaultTestContextBootstrapper : 259 ] - Loaded default TestExecutionListener class names from location [META-INF/spring.factories]: [org.springframework.test.context.web.ServletTestExecutionListener, org.springframework.test.context.support.DirtiesContextBeforeModesTestExecutionListener, org.springframework.test.context.support.DependencyInjectionTestExecutionListener, org.springframework.test.context.support.DirtiesContextTestExecutionListener, org.springframework.test.context.transaction.TransactionalTestExecutionListener, org.springframework.test.context.jdbc.SqlScriptsTestExecutionListener]
2016-03-31 14:44:37 [ main ] - [ INFO  ] [
				o.s.t.c.support.DefaultTestContextBootstrapper : 207 ] - Could not instantiate TestExecutionListener [org.springframework.test.context.web.ServletTestExecutionListener]. Specify custom listener classes or make the default listener classes (and their required dependencies) available. Offending class: [javax/servlet/ServletContext]
2016-03-31 14:44:37 [ main ] - [ INFO  ] [
				o.s.t.c.support.DefaultTestContextBootstrapper : 185 ] - Using TestExecutionListeners: [org.springframework.test.context.support.DirtiesContextBeforeModesTestExecutionListener@69a3d1d, org.springframework.test.context.support.DependencyInjectionTestExecutionListener@86be70a, org.springframework.test.context.support.DirtiesContextTestExecutionListener@480bdb19, org.springframework.test.context.transaction.TransactionalTestExecutionListener@2a556333, org.springframework.test.context.jdbc.SqlScriptsTestExecutionListener@7d70d1b1]
2016-03-31 14:44:37 [ main ] - [ INFO  ] [
				o.s.beans.factory.xml.XmlBeanDefinitionReader : 317 ] - Loading XML bean definitions from class path resource [spring.xml]
2016-03-31 14:44:37 [ main ] - [ INFO  ] [
				o.s.context.support.GenericApplicationContext : 577 ] - Refreshing org.springframework.context.support.GenericApplicationContext@33723e30: startup date [Thu Mar 31 14:44:37 CST 2016]; root of context hierarchy
2016-03-31 14:44:38 [ main ] - [ INFO  ] [
				o.s.j.datasource.embedded.EmbeddedDatabaseFactory : 185 ] - Starting embedded database: url='jdbc:hsqldb:mem:dataSourceBar', username='sa'
2016-03-31 14:44:38 [ main ] - [ INFO  ] [
				o.springframework.jdbc.datasource.init.ScriptUtils : 443 ] - Executing SQL script from class path resource [database-schema-bar.sql]
2016-03-31 14:44:38 [ main ] - [ INFO  ] [
				o.springframework.jdbc.datasource.init.ScriptUtils : 502 ] - Executed SQL script from class path resource [database-schema-bar.sql] in 3 ms.
2016-03-31 14:44:38 [ Thread-0 ] - [ INFO  ] [
				o.s.context.support.GenericApplicationContext : 957 ] - Closing org.springframework.context.support.GenericApplicationContext@33723e30: startup date [Thu Mar 31 14:44:37 CST 2016]; root of context hierarchy
2016-03-31 14:44:38 [ Thread-0 ] - [ INFO  ] [
				o.s.j.datasource.embedded.EmbeddedDatabaseFactory : 217 ] - Shutting down embedded database: url='jdbc:hsqldb:mem:dataSourceBar'
2016-03-31 22:23:11 [ main ] - [ INFO  ] [
				o.s.t.c.support.DefaultTestContextBootstrapper : 259 ] - Loaded default TestExecutionListener class names from location [META-INF/spring.factories]: [org.springframework.test.context.web.ServletTestExecutionListener, org.springframework.test.context.support.DirtiesContextBeforeModesTestExecutionListener, org.springframework.test.context.support.DependencyInjectionTestExecutionListener, org.springframework.test.context.support.DirtiesContextTestExecutionListener, org.springframework.test.context.transaction.TransactionalTestExecutionListener, org.springframework.test.context.jdbc.SqlScriptsTestExecutionListener]
2016-03-31 22:23:11 [ main ] - [ INFO  ] [
				o.s.t.c.support.DefaultTestContextBootstrapper : 207 ] - Could not instantiate TestExecutionListener [org.springframework.test.context.web.ServletTestExecutionListener]. Specify custom listener classes or make the default listener classes (and their required dependencies) available. Offending class: [javax/servlet/ServletContext]
2016-03-31 22:23:11 [ main ] - [ INFO  ] [
				o.s.t.c.support.DefaultTestContextBootstrapper : 185 ] - Using TestExecutionListeners: [org.springframework.test.context.support.DirtiesContextBeforeModesTestExecutionListener@2f0a87b3, org.springframework.test.context.support.DependencyInjectionTestExecutionListener@319b92f3, org.springframework.test.context.support.DirtiesContextTestExecutionListener@fcd6521, org.springframework.test.context.transaction.TransactionalTestExecutionListener@27d415d9, org.springframework.test.context.jdbc.SqlScriptsTestExecutionListener@5c18298f]
2016-03-31 22:23:11 [ main ] - [ INFO  ] [
				o.s.beans.factory.xml.XmlBeanDefinitionReader : 317 ] - Loading XML bean definitions from class path resource [spring.xml]
2016-03-31 22:23:11 [ main ] - [ INFO  ] [
				o.s.context.support.GenericApplicationContext : 577 ] - Refreshing org.springframework.context.support.GenericApplicationContext@2bea5ab4: startup date [Thu Mar 31 22:23:11 CST 2016]; root of context hierarchy
2016-03-31 22:23:11 [ main ] - [ INFO  ] [
				o.s.j.datasource.embedded.EmbeddedDatabaseFactory : 185 ] - Starting embedded database: url='jdbc:hsqldb:mem:dataSourceBar', username='sa'
2016-03-31 22:23:11 [ main ] - [ INFO  ] [
				o.springframework.jdbc.datasource.init.ScriptUtils : 443 ] - Executing SQL script from class path resource [database-schema-bar.sql]
2016-03-31 22:23:11 [ main ] - [ INFO  ] [
				o.springframework.jdbc.datasource.init.ScriptUtils : 502 ] - Executed SQL script from class path resource [database-schema-bar.sql] in 4 ms.
2016-03-31 22:23:12 [ Thread-0 ] - [ INFO  ] [
				o.s.context.support.GenericApplicationContext : 957 ] - Closing org.springframework.context.support.GenericApplicationContext@2bea5ab4: startup date [Thu Mar 31 22:23:11 CST 2016]; root of context hierarchy
2016-03-31 22:23:12 [ Thread-0 ] - [ INFO  ] [
				o.s.j.datasource.embedded.EmbeddedDatabaseFactory : 217 ] - Shutting down embedded database: url='jdbc:hsqldb:mem:dataSourceBar'
2016-03-31 22:31:33 [ main ] - [ INFO  ] [
				o.s.t.c.support.DefaultTestContextBootstrapper : 259 ] - Loaded default TestExecutionListener class names from location [META-INF/spring.factories]: [org.springframework.test.context.web.ServletTestExecutionListener, org.springframework.test.context.support.DirtiesContextBeforeModesTestExecutionListener, org.springframework.test.context.support.DependencyInjectionTestExecutionListener, org.springframework.test.context.support.DirtiesContextTestExecutionListener, org.springframework.test.context.transaction.TransactionalTestExecutionListener, org.springframework.test.context.jdbc.SqlScriptsTestExecutionListener]
2016-03-31 22:31:33 [ main ] - [ INFO  ] [
				o.s.t.c.support.DefaultTestContextBootstrapper : 207 ] - Could not instantiate TestExecutionListener [org.springframework.test.context.web.ServletTestExecutionListener]. Specify custom listener classes or make the default listener classes (and their required dependencies) available. Offending class: [javax/servlet/ServletContext]
2016-03-31 22:31:33 [ main ] - [ INFO  ] [
				o.s.t.c.support.DefaultTestContextBootstrapper : 185 ] - Using TestExecutionListeners: [org.springframework.test.context.support.DirtiesContextBeforeModesTestExecutionListener@2f0a87b3, org.springframework.test.context.support.DependencyInjectionTestExecutionListener@319b92f3, org.springframework.test.context.support.DirtiesContextTestExecutionListener@fcd6521, org.springframework.test.context.transaction.TransactionalTestExecutionListener@27d415d9, org.springframework.test.context.jdbc.SqlScriptsTestExecutionListener@5c18298f]
2016-03-31 22:31:33 [ main ] - [ INFO  ] [
				o.s.beans.factory.xml.XmlBeanDefinitionReader : 317 ] - Loading XML bean definitions from class path resource [spring.xml]
2016-03-31 22:31:33 [ main ] - [ INFO  ] [
				o.s.context.support.GenericApplicationContext : 577 ] - Refreshing org.springframework.context.support.GenericApplicationContext@2bea5ab4: startup date [Thu Mar 31 22:31:33 CST 2016]; root of context hierarchy
2016-03-31 22:31:33 [ main ] - [ INFO  ] [
				o.s.j.datasource.embedded.EmbeddedDatabaseFactory : 185 ] - Starting embedded database: url='jdbc:hsqldb:mem:dataSourceBar', username='sa'
2016-03-31 22:31:34 [ main ] - [ INFO  ] [
				o.springframework.jdbc.datasource.init.ScriptUtils : 443 ] - Executing SQL script from class path resource [database-schema-bar.sql]
2016-03-31 22:31:34 [ main ] - [ INFO  ] [
				o.springframework.jdbc.datasource.init.ScriptUtils : 502 ] - Executed SQL script from class path resource [database-schema-bar.sql] in 4 ms.
2016-03-31 22:31:34 [ Thread-0 ] - [ INFO  ] [
				o.s.context.support.GenericApplicationContext : 957 ] - Closing org.springframework.context.support.GenericApplicationContext@2bea5ab4: startup date [Thu Mar 31 22:31:33 CST 2016]; root of context hierarchy
2016-03-31 22:31:34 [ Thread-0 ] - [ INFO  ] [
				o.s.j.datasource.embedded.EmbeddedDatabaseFactory : 217 ] - Shutting down embedded database: url='jdbc:hsqldb:mem:dataSourceBar'
2016-03-31 23:08:45 [ main ] - [ INFO  ] [
				o.s.t.c.support.DefaultTestContextBootstrapper : 259 ] - Loaded default TestExecutionListener class names from location [META-INF/spring.factories]: [org.springframework.test.context.web.ServletTestExecutionListener, org.springframework.test.context.support.DirtiesContextBeforeModesTestExecutionListener, org.springframework.test.context.support.DependencyInjectionTestExecutionListener, org.springframework.test.context.support.DirtiesContextTestExecutionListener, org.springframework.test.context.transaction.TransactionalTestExecutionListener, org.springframework.test.context.jdbc.SqlScriptsTestExecutionListener]
2016-03-31 23:08:45 [ main ] - [ INFO  ] [
				o.s.t.c.support.DefaultTestContextBootstrapper : 207 ] - Could not instantiate TestExecutionListener [org.springframework.test.context.web.ServletTestExecutionListener]. Specify custom listener classes or make the default listener classes (and their required dependencies) available. Offending class: [javax/servlet/ServletContext]
2016-03-31 23:08:45 [ main ] - [ INFO  ] [
				o.s.t.c.support.DefaultTestContextBootstrapper : 185 ] - Using TestExecutionListeners: [org.springframework.test.context.support.DirtiesContextBeforeModesTestExecutionListener@2f0a87b3, org.springframework.test.context.support.DependencyInjectionTestExecutionListener@319b92f3, org.springframework.test.context.support.DirtiesContextTestExecutionListener@fcd6521, org.springframework.test.context.transaction.TransactionalTestExecutionListener@27d415d9, org.springframework.test.context.jdbc.SqlScriptsTestExecutionListener@5c18298f]
2016-03-31 23:08:45 [ main ] - [ INFO  ] [
				o.s.beans.factory.xml.XmlBeanDefinitionReader : 317 ] - Loading XML bean definitions from class path resource [spring.xml]
2016-03-31 23:08:45 [ main ] - [ INFO  ] [
				o.s.context.support.GenericApplicationContext : 577 ] - Refreshing org.springframework.context.support.GenericApplicationContext@2bea5ab4: startup date [Thu Mar 31 23:08:45 CST 2016]; root of context hierarchy
2016-03-31 23:08:45 [ main ] - [ INFO  ] [
				o.s.j.datasource.embedded.EmbeddedDatabaseFactory : 185 ] - Starting embedded database: url='jdbc:hsqldb:mem:dataSourceBar', username='sa'
2016-03-31 23:08:45 [ main ] - [ INFO  ] [
				o.springframework.jdbc.datasource.init.ScriptUtils : 443 ] - Executing SQL script from class path resource [database-schema-bar.sql]
2016-03-31 23:08:45 [ main ] - [ INFO  ] [
				o.springframework.jdbc.datasource.init.ScriptUtils : 502 ] - Executed SQL script from class path resource [database-schema-bar.sql] in 4 ms.
2016-03-31 23:08:45 [ Thread-0 ] - [ INFO  ] [
				o.s.context.support.GenericApplicationContext : 957 ] - Closing org.springframework.context.support.GenericApplicationContext@2bea5ab4: startup date [Thu Mar 31 23:08:45 CST 2016]; root of context hierarchy
2016-03-31 23:08:45 [ Thread-0 ] - [ INFO  ] [
				o.s.j.datasource.embedded.EmbeddedDatabaseFactory : 217 ] - Shutting down embedded database: url='jdbc:hsqldb:mem:dataSourceBar'
2016-03-31 23:21:49 [ main ] - [ INFO  ] [
				o.s.t.c.support.DefaultTestContextBootstrapper : 259 ] - Loaded default TestExecutionListener class names from location [META-INF/spring.factories]: [org.springframework.test.context.web.ServletTestExecutionListener, org.springframework.test.context.support.DirtiesContextBeforeModesTestExecutionListener, org.springframework.test.context.support.DependencyInjectionTestExecutionListener, org.springframework.test.context.support.DirtiesContextTestExecutionListener, org.springframework.test.context.transaction.TransactionalTestExecutionListener, org.springframework.test.context.jdbc.SqlScriptsTestExecutionListener]
2016-03-31 23:21:49 [ main ] - [ INFO  ] [
				o.s.t.c.support.DefaultTestContextBootstrapper : 207 ] - Could not instantiate TestExecutionListener [org.springframework.test.context.web.ServletTestExecutionListener]. Specify custom listener classes or make the default listener classes (and their required dependencies) available. Offending class: [javax/servlet/ServletContext]
2016-03-31 23:21:49 [ main ] - [ INFO  ] [
				o.s.t.c.support.DefaultTestContextBootstrapper : 185 ] - Using TestExecutionListeners: [org.springframework.test.context.support.DirtiesContextBeforeModesTestExecutionListener@2f0a87b3, org.springframework.test.context.support.DependencyInjectionTestExecutionListener@319b92f3, org.springframework.test.context.support.DirtiesContextTestExecutionListener@fcd6521, org.springframework.test.context.transaction.TransactionalTestExecutionListener@27d415d9, org.springframework.test.context.jdbc.SqlScriptsTestExecutionListener@5c18298f]
2016-03-31 23:21:49 [ main ] - [ INFO  ] [
				o.s.beans.factory.xml.XmlBeanDefinitionReader : 317 ] - Loading XML bean definitions from class path resource [spring.xml]
2016-03-31 23:21:49 [ main ] - [ INFO  ] [
				o.s.context.support.GenericApplicationContext : 577 ] - Refreshing org.springframework.context.support.GenericApplicationContext@2bea5ab4: startup date [Thu Mar 31 23:21:49 CST 2016]; root of context hierarchy
2016-03-31 23:21:49 [ main ] - [ INFO  ] [
				o.s.j.datasource.embedded.EmbeddedDatabaseFactory : 185 ] - Starting embedded database: url='jdbc:hsqldb:mem:dataSourceBar', username='sa'
2016-03-31 23:21:49 [ main ] - [ INFO  ] [
				o.springframework.jdbc.datasource.init.ScriptUtils : 443 ] - Executing SQL script from class path resource [database-schema-bar.sql]
2016-03-31 23:21:49 [ main ] - [ INFO  ] [
				o.springframework.jdbc.datasource.init.ScriptUtils : 502 ] - Executed SQL script from class path resource [database-schema-bar.sql] in 4 ms.
2016-03-31 23:21:50 [ Thread-0 ] - [ INFO  ] [
				o.s.context.support.GenericApplicationContext : 957 ] - Closing org.springframework.context.support.GenericApplicationContext@2bea5ab4: startup date [Thu Mar 31 23:21:49 CST 2016]; root of context hierarchy
2016-03-31 23:21:50 [ Thread-0 ] - [ INFO  ] [
				o.s.j.datasource.embedded.EmbeddedDatabaseFactory : 217 ] - Shutting down embedded database: url='jdbc:hsqldb:mem:dataSourceBar'
2016-03-31 23:44:59 [ main ] - [ INFO  ] [
				o.s.t.c.support.DefaultTestContextBootstrapper : 259 ] - Loaded default TestExecutionListener class names from location [META-INF/spring.factories]: [org.springframework.test.context.web.ServletTestExecutionListener, org.springframework.test.context.support.DirtiesContextBeforeModesTestExecutionListener, org.springframework.test.context.support.DependencyInjectionTestExecutionListener, org.springframework.test.context.support.DirtiesContextTestExecutionListener, org.springframework.test.context.transaction.TransactionalTestExecutionListener, org.springframework.test.context.jdbc.SqlScriptsTestExecutionListener]
2016-03-31 23:44:59 [ main ] - [ INFO  ] [
				o.s.t.c.support.DefaultTestContextBootstrapper : 207 ] - Could not instantiate TestExecutionListener [org.springframework.test.context.web.ServletTestExecutionListener]. Specify custom listener classes or make the default listener classes (and their required dependencies) available. Offending class: [javax/servlet/ServletContext]
2016-03-31 23:44:59 [ main ] - [ INFO  ] [
				o.s.t.c.support.DefaultTestContextBootstrapper : 185 ] - Using TestExecutionListeners: [org.springframework.test.context.support.DirtiesContextBeforeModesTestExecutionListener@2f0a87b3, org.springframework.test.context.support.DependencyInjectionTestExecutionListener@319b92f3, org.springframework.test.context.support.DirtiesContextTestExecutionListener@fcd6521, org.springframework.test.context.transaction.TransactionalTestExecutionListener@27d415d9, org.springframework.test.context.jdbc.SqlScriptsTestExecutionListener@5c18298f]
2016-03-31 23:44:59 [ main ] - [ INFO  ] [
				o.s.beans.factory.xml.XmlBeanDefinitionReader : 317 ] - Loading XML bean definitions from class path resource [spring.xml]
2016-03-31 23:44:59 [ main ] - [ INFO  ] [
				o.s.context.support.GenericApplicationContext : 577 ] - Refreshing org.springframework.context.support.GenericApplicationContext@2bea5ab4: startup date [Thu Mar 31 23:44:59 CST 2016]; root of context hierarchy
2016-03-31 23:44:59 [ main ] - [ INFO  ] [
				o.s.j.datasource.embedded.EmbeddedDatabaseFactory : 185 ] - Starting embedded database: url='jdbc:hsqldb:mem:dataSourceBar', username='sa'
2016-03-31 23:44:59 [ main ] - [ INFO  ] [
				o.springframework.jdbc.datasource.init.ScriptUtils : 443 ] - Executing SQL script from class path resource [database-schema-bar.sql]
2016-03-31 23:44:59 [ main ] - [ INFO  ] [
				o.springframework.jdbc.datasource.init.ScriptUtils : 502 ] - Executed SQL script from class path resource [database-schema-bar.sql] in 3 ms.
2016-03-31 23:44:59 [ Thread-0 ] - [ INFO  ] [
				o.s.context.support.GenericApplicationContext : 957 ] - Closing org.springframework.context.support.GenericApplicationContext@2bea5ab4: startup date [Thu Mar 31 23:44:59 CST 2016]; root of context hierarchy
2016-03-31 23:44:59 [ Thread-0 ] - [ INFO  ] [
				o.s.j.datasource.embedded.EmbeddedDatabaseFactory : 217 ] - Shutting down embedded database: url='jdbc:hsqldb:mem:dataSourceBar'
2016-03-31 23:45:10 [ main ] - [ INFO  ] [
				o.s.t.c.support.DefaultTestContextBootstrapper : 259 ] - Loaded default TestExecutionListener class names from location [META-INF/spring.factories]: [org.springframework.test.context.web.ServletTestExecutionListener, org.springframework.test.context.support.DirtiesContextBeforeModesTestExecutionListener, org.springframework.test.context.support.DependencyInjectionTestExecutionListener, org.springframework.test.context.support.DirtiesContextTestExecutionListener, org.springframework.test.context.transaction.TransactionalTestExecutionListener, org.springframework.test.context.jdbc.SqlScriptsTestExecutionListener]
2016-03-31 23:45:10 [ main ] - [ INFO  ] [
				o.s.t.c.support.DefaultTestContextBootstrapper : 207 ] - Could not instantiate TestExecutionListener [org.springframework.test.context.web.ServletTestExecutionListener]. Specify custom listener classes or make the default listener classes (and their required dependencies) available. Offending class: [javax/servlet/ServletContext]
2016-03-31 23:45:10 [ main ] - [ INFO  ] [
				o.s.t.c.support.DefaultTestContextBootstrapper : 185 ] - Using TestExecutionListeners: [org.springframework.test.context.support.DirtiesContextBeforeModesTestExecutionListener@2f0a87b3, org.springframework.test.context.support.DependencyInjectionTestExecutionListener@319b92f3, org.springframework.test.context.support.DirtiesContextTestExecutionListener@fcd6521, org.springframework.test.context.transaction.TransactionalTestExecutionListener@27d415d9, org.springframework.test.context.jdbc.SqlScriptsTestExecutionListener@5c18298f]
2016-03-31 23:45:10 [ main ] - [ INFO  ] [
				o.s.beans.factory.xml.XmlBeanDefinitionReader : 317 ] - Loading XML bean definitions from class path resource [spring.xml]
2016-03-31 23:45:11 [ main ] - [ INFO  ] [
				o.s.context.support.GenericApplicationContext : 577 ] - Refreshing org.springframework.context.support.GenericApplicationContext@2bea5ab4: startup date [Thu Mar 31 23:45:11 CST 2016]; root of context hierarchy
2016-03-31 23:45:11 [ main ] - [ INFO  ] [
				o.s.j.datasource.embedded.EmbeddedDatabaseFactory : 185 ] - Starting embedded database: url='jdbc:hsqldb:mem:dataSourceBar', username='sa'
2016-03-31 23:45:11 [ main ] - [ INFO  ] [
				o.springframework.jdbc.datasource.init.ScriptUtils : 443 ] - Executing SQL script from class path resource [database-schema-bar.sql]
2016-03-31 23:45:11 [ main ] - [ INFO  ] [
				o.springframework.jdbc.datasource.init.ScriptUtils : 502 ] - Executed SQL script from class path resource [database-schema-bar.sql] in 3 ms.
2016-03-31 23:45:11 [ Thread-0 ] - [ INFO  ] [
				o.s.context.support.GenericApplicationContext : 957 ] - Closing org.springframework.context.support.GenericApplicationContext@2bea5ab4: startup date [Thu Mar 31 23:45:11 CST 2016]; root of context hierarchy
2016-03-31 23:45:11 [ Thread-0 ] - [ INFO  ] [
				o.s.j.datasource.embedded.EmbeddedDatabaseFactory : 217 ] - Shutting down embedded database: url='jdbc:hsqldb:mem:dataSourceBar'
2016-03-31 23:46:25 [ main ] - [ INFO  ] [
				o.s.t.c.support.DefaultTestContextBootstrapper : 259 ] - Loaded default TestExecutionListener class names from location [META-INF/spring.factories]: [org.springframework.test.context.web.ServletTestExecutionListener, org.springframework.test.context.support.DirtiesContextBeforeModesTestExecutionListener, org.springframework.test.context.support.DependencyInjectionTestExecutionListener, org.springframework.test.context.support.DirtiesContextTestExecutionListener, org.springframework.test.context.transaction.TransactionalTestExecutionListener, org.springframework.test.context.jdbc.SqlScriptsTestExecutionListener]
2016-03-31 23:46:25 [ main ] - [ INFO  ] [
				o.s.t.c.support.DefaultTestContextBootstrapper : 207 ] - Could not instantiate TestExecutionListener [org.springframework.test.context.web.ServletTestExecutionListener]. Specify custom listener classes or make the default listener classes (and their required dependencies) available. Offending class: [javax/servlet/ServletContext]
2016-03-31 23:46:25 [ main ] - [ INFO  ] [
				o.s.t.c.support.DefaultTestContextBootstrapper : 185 ] - Using TestExecutionListeners: [org.springframework.test.context.support.DirtiesContextBeforeModesTestExecutionListener@2f0a87b3, org.springframework.test.context.support.DependencyInjectionTestExecutionListener@319b92f3, org.springframework.test.context.support.DirtiesContextTestExecutionListener@fcd6521, org.springframework.test.context.transaction.TransactionalTestExecutionListener@27d415d9, org.springframework.test.context.jdbc.SqlScriptsTestExecutionListener@5c18298f]
2016-03-31 23:46:25 [ main ] - [ INFO  ] [
				o.s.beans.factory.xml.XmlBeanDefinitionReader : 317 ] - Loading XML bean definitions from class path resource [spring.xml]
2016-03-31 23:46:26 [ main ] - [ INFO  ] [
				o.s.beans.factory.xml.XmlBeanDefinitionReader : 317 ] - Loading XML bean definitions from class path resource [mybatis-config.xml]
2016-03-31 23:46:27 [ main ] - [ INFO  ] [
				o.s.context.support.GenericApplicationContext : 577 ] - Refreshing org.springframework.context.support.GenericApplicationContext@2bea5ab4: startup date [Thu Mar 31 23:46:27 CST 2016]; root of context hierarchy
2016-03-31 23:46:27 [ main ] - [ INFO  ] [
				o.s.j.datasource.embedded.EmbeddedDatabaseFactory : 185 ] - Starting embedded database: url='jdbc:hsqldb:mem:dataSourceBar', username='sa'
2016-03-31 23:46:27 [ main ] - [ INFO  ] [
				o.springframework.jdbc.datasource.init.ScriptUtils : 443 ] - Executing SQL script from class path resource [database-schema-bar.sql]
2016-03-31 23:46:27 [ main ] - [ INFO  ] [
				o.springframework.jdbc.datasource.init.ScriptUtils : 502 ] - Executed SQL script from class path resource [database-schema-bar.sql] in 3 ms.
2016-03-31 23:46:28 [ Thread-0 ] - [ INFO  ] [
				o.s.context.support.GenericApplicationContext : 957 ] - Closing org.springframework.context.support.GenericApplicationContext@2bea5ab4: startup date [Thu Mar 31 23:46:27 CST 2016]; root of context hierarchy
2016-03-31 23:46:28 [ Thread-0 ] - [ INFO  ] [
				o.s.j.datasource.embedded.EmbeddedDatabaseFactory : 217 ] - Shutting down embedded database: url='jdbc:hsqldb:mem:dataSourceBar'
2016-03-31 23:47:24 [ main ] - [ INFO  ] [
				o.s.t.c.support.DefaultTestContextBootstrapper : 259 ] - Loaded default TestExecutionListener class names from location [META-INF/spring.factories]: [org.springframework.test.context.web.ServletTestExecutionListener, org.springframework.test.context.support.DirtiesContextBeforeModesTestExecutionListener, org.springframework.test.context.support.DependencyInjectionTestExecutionListener, org.springframework.test.context.support.DirtiesContextTestExecutionListener, org.springframework.test.context.transaction.TransactionalTestExecutionListener, org.springframework.test.context.jdbc.SqlScriptsTestExecutionListener]
2016-03-31 23:47:24 [ main ] - [ INFO  ] [
				o.s.t.c.support.DefaultTestContextBootstrapper : 207 ] - Could not instantiate TestExecutionListener [org.springframework.test.context.web.ServletTestExecutionListener]. Specify custom listener classes or make the default listener classes (and their required dependencies) available. Offending class: [javax/servlet/ServletContext]
2016-03-31 23:47:24 [ main ] - [ INFO  ] [
				o.s.t.c.support.DefaultTestContextBootstrapper : 185 ] - Using TestExecutionListeners: [org.springframework.test.context.support.DirtiesContextBeforeModesTestExecutionListener@2a742aa2, org.springframework.test.context.support.DependencyInjectionTestExecutionListener@3cb1ffe6, org.springframework.test.context.support.DirtiesContextTestExecutionListener@3dfc5fb8, org.springframework.test.context.transaction.TransactionalTestExecutionListener@467aecef, org.springframework.test.context.jdbc.SqlScriptsTestExecutionListener@4d50efb8]
2016-03-31 23:47:24 [ main ] - [ INFO  ] [
				o.s.beans.factory.xml.XmlBeanDefinitionReader : 317 ] - Loading XML bean definitions from class path resource [spring.xml]
2016-03-31 23:47:24 [ main ] - [ INFO  ] [
				o.s.beans.factory.xml.XmlBeanDefinitionReader : 317 ] - Loading XML bean definitions from class path resource [mybatis-config.xml]
2016-03-31 23:47:26 [ main ] - [ INFO  ] [
				o.s.context.support.GenericApplicationContext : 577 ] - Refreshing org.springframework.context.support.GenericApplicationContext@cb0ed20: startup date [Thu Mar 31 23:47:26 CST 2016]; root of context hierarchy
2016-03-31 23:47:26 [ main ] - [ INFO  ] [
				o.s.j.datasource.embedded.EmbeddedDatabaseFactory : 185 ] - Starting embedded database: url='jdbc:hsqldb:mem:dataSourceBar', username='sa'
2016-03-31 23:47:26 [ main ] - [ INFO  ] [
				o.springframework.jdbc.datasource.init.ScriptUtils : 443 ] - Executing SQL script from class path resource [database-schema-bar.sql]
2016-03-31 23:47:26 [ main ] - [ INFO  ] [
				o.springframework.jdbc.datasource.init.ScriptUtils : 502 ] - Executed SQL script from class path resource [database-schema-bar.sql] in 4 ms.
2016-03-31 23:47:26 [ Thread-0 ] - [ INFO  ] [
				o.s.context.support.GenericApplicationContext : 957 ] - Closing org.springframework.context.support.GenericApplicationContext@cb0ed20: startup date [Thu Mar 31 23:47:26 CST 2016]; root of context hierarchy
2016-03-31 23:47:26 [ Thread-0 ] - [ INFO  ] [
				o.s.j.datasource.embedded.EmbeddedDatabaseFactory : 217 ] - Shutting down embedded database: url='jdbc:hsqldb:mem:dataSourceBar'
2016-03-31 23:48:54 [ main ] - [ INFO  ] [
				o.s.t.c.support.DefaultTestContextBootstrapper : 259 ] - Loaded default TestExecutionListener class names from location [META-INF/spring.factories]: [org.springframework.test.context.web.ServletTestExecutionListener, org.springframework.test.context.support.DirtiesContextBeforeModesTestExecutionListener, org.springframework.test.context.support.DependencyInjectionTestExecutionListener, org.springframework.test.context.support.DirtiesContextTestExecutionListener, org.springframework.test.context.transaction.TransactionalTestExecutionListener, org.springframework.test.context.jdbc.SqlScriptsTestExecutionListener]
2016-03-31 23:48:54 [ main ] - [ INFO  ] [
				o.s.t.c.support.DefaultTestContextBootstrapper : 207 ] - Could not instantiate TestExecutionListener [org.springframework.test.context.web.ServletTestExecutionListener]. Specify custom listener classes or make the default listener classes (and their required dependencies) available. Offending class: [javax/servlet/ServletContext]
2016-03-31 23:48:54 [ main ] - [ INFO  ] [
				o.s.t.c.support.DefaultTestContextBootstrapper : 185 ] - Using TestExecutionListeners: [org.springframework.test.context.support.DirtiesContextBeforeModesTestExecutionListener@5b94b04d, org.springframework.test.context.support.DependencyInjectionTestExecutionListener@8c3b9d, org.springframework.test.context.support.DirtiesContextTestExecutionListener@4c39bec8, org.springframework.test.context.transaction.TransactionalTestExecutionListener@f79e, org.springframework.test.context.jdbc.SqlScriptsTestExecutionListener@7ee8290b]
2016-03-31 23:48:54 [ main ] - [ INFO  ] [
				o.s.beans.factory.xml.XmlBeanDefinitionReader : 317 ] - Loading XML bean definitions from class path resource [spring.xml]
2016-03-31 23:48:55 [ main ] - [ INFO  ] [
				o.s.beans.factory.xml.XmlBeanDefinitionReader : 317 ] - Loading XML bean definitions from class path resource [mybatis-config.xml]
2016-03-31 23:48:56 [ main ] - [ INFO  ] [
				o.s.context.support.GenericApplicationContext : 577 ] - Refreshing org.springframework.context.support.GenericApplicationContext@2abf4075: startup date [Thu Mar 31 23:48:56 CST 2016]; root of context hierarchy
2016-03-31 23:48:56 [ main ] - [ INFO  ] [
				o.s.j.datasource.embedded.EmbeddedDatabaseFactory : 185 ] - Starting embedded database: url='jdbc:hsqldb:mem:dataSourceBar', username='sa'
2016-03-31 23:48:56 [ main ] - [ INFO  ] [
				o.springframework.jdbc.datasource.init.ScriptUtils : 443 ] - Executing SQL script from class path resource [database-schema-bar.sql]
2016-03-31 23:48:56 [ main ] - [ INFO  ] [
				o.springframework.jdbc.datasource.init.ScriptUtils : 502 ] - Executed SQL script from class path resource [database-schema-bar.sql] in 0 ms.
2016-03-31 23:49:07 [ Thread-0 ] - [ INFO  ] [
				o.s.context.support.GenericApplicationContext : 957 ] - Closing org.springframework.context.support.GenericApplicationContext@2abf4075: startup date [Thu Mar 31 23:48:56 CST 2016]; root of context hierarchy
2016-03-31 23:49:07 [ Thread-0 ] - [ INFO  ] [
				o.s.j.datasource.embedded.EmbeddedDatabaseFactory : 217 ] - Shutting down embedded database: url='jdbc:hsqldb:mem:dataSourceBar'
2016-03-31 23:51:22 [ main ] - [ INFO  ] [
				o.s.t.c.support.DefaultTestContextBootstrapper : 259 ] - Loaded default TestExecutionListener class names from location [META-INF/spring.factories]: [org.springframework.test.context.web.ServletTestExecutionListener, org.springframework.test.context.support.DirtiesContextBeforeModesTestExecutionListener, org.springframework.test.context.support.DependencyInjectionTestExecutionListener, org.springframework.test.context.support.DirtiesContextTestExecutionListener, org.springframework.test.context.transaction.TransactionalTestExecutionListener, org.springframework.test.context.jdbc.SqlScriptsTestExecutionListener]
2016-03-31 23:51:22 [ main ] - [ INFO  ] [
				o.s.t.c.support.DefaultTestContextBootstrapper : 207 ] - Could not instantiate TestExecutionListener [org.springframework.test.context.web.ServletTestExecutionListener]. Specify custom listener classes or make the default listener classes (and their required dependencies) available. Offending class: [javax/servlet/ServletContext]
2016-03-31 23:51:22 [ main ] - [ INFO  ] [
				o.s.t.c.support.DefaultTestContextBootstrapper : 185 ] - Using TestExecutionListeners: [org.springframework.test.context.support.DirtiesContextBeforeModesTestExecutionListener@5b94b04d, org.springframework.test.context.support.DependencyInjectionTestExecutionListener@8c3b9d, org.springframework.test.context.support.DirtiesContextTestExecutionListener@4c39bec8, org.springframework.test.context.transaction.TransactionalTestExecutionListener@f79e, org.springframework.test.context.jdbc.SqlScriptsTestExecutionListener@7ee8290b]
2016-03-31 23:51:22 [ main ] - [ INFO  ] [
				o.s.beans.factory.xml.XmlBeanDefinitionReader : 317 ] - Loading XML bean definitions from class path resource [spring.xml]
2016-03-31 23:51:22 [ main ] - [ ERROR ] [
				o.springframework.test.context.TestContextManager : 231 ] - Caught exception while allowing TestExecutionListener [org.springframework.test.context.support.DependencyInjectionTestExecutionListener@8c3b9d] to prepare test instance [com.wenchukai.ckbatis.dao.BarDaoTest@7d3e8655]
java.lang.IllegalStateException: Failed to load ApplicationContext
	at org.springframework.test.context.cache.DefaultCacheAwareContextLoaderDelegate.loadContext(DefaultCacheAwareContextLoaderDelegate.java:124) ~[spring-test-4.2.3.RELEASE.jar:4.2.3.RELEASE]
	at org.springframework.test.context.support.DefaultTestContext.getApplicationContext(DefaultTestContext.java:83) ~[spring-test-4.2.3.RELEASE.jar:4.2.3.RELEASE]
	at org.springframework.test.context.support.DependencyInjectionTestExecutionListener.injectDependencies(DependencyInjectionTestExecutionListener.java:117) ~[spring-test-4.2.3.RELEASE.jar:4.2.3.RELEASE]
	at org.springframework.test.context.support.DependencyInjectionTestExecutionListener.prepareTestInstance(DependencyInjectionTestExecutionListener.java:83) ~[spring-test-4.2.3.RELEASE.jar:4.2.3.RELEASE]
	at org.springframework.test.context.TestContextManager.prepareTestInstance(TestContextManager.java:228) ~[spring-test-4.2.3.RELEASE.jar:4.2.3.RELEASE]
	at org.springframework.test.context.junit4.SpringJUnit4ClassRunner.createTest(SpringJUnit4ClassRunner.java:230) [spring-test-4.2.3.RELEASE.jar:4.2.3.RELEASE]
	at org.springframework.test.context.junit4.SpringJUnit4ClassRunner$1.runReflectiveCall(SpringJUnit4ClassRunner.java:289) [spring-test-4.2.3.RELEASE.jar:4.2.3.RELEASE]
	at org.junit.internal.runners.model.ReflectiveCallable.run(ReflectiveCallable.java:12) [junit-4.12.jar:4.12]
	at org.springframework.test.context.junit4.SpringJUnit4ClassRunner.methodBlock(SpringJUnit4ClassRunner.java:291) [spring-test-4.2.3.RELEASE.jar:4.2.3.RELEASE]
	at org.springframework.test.context.junit4.SpringJUnit4ClassRunner.runChild(SpringJUnit4ClassRunner.java:249) [spring-test-4.2.3.RELEASE.jar:4.2.3.RELEASE]
	at org.springframework.test.context.junit4.SpringJUnit4ClassRunner.runChild(SpringJUnit4ClassRunner.java:89) [spring-test-4.2.3.RELEASE.jar:4.2.3.RELEASE]
	at org.junit.runners.ParentRunner$3.run(ParentRunner.java:290) [junit-4.12.jar:4.12]
	at org.junit.runners.ParentRunner$1.schedule(ParentRunner.java:71) [junit-4.12.jar:4.12]
	at org.junit.runners.ParentRunner.runChildren(ParentRunner.java:288) [junit-4.12.jar:4.12]
	at org.junit.runners.ParentRunner.access$000(ParentRunner.java:58) [junit-4.12.jar:4.12]
	at org.junit.runners.ParentRunner$2.evaluate(ParentRunner.java:268) [junit-4.12.jar:4.12]
	at org.springframework.test.context.junit4.statements.RunBeforeTestClassCallbacks.evaluate(RunBeforeTestClassCallbacks.java:61) [spring-test-4.2.3.RELEASE.jar:4.2.3.RELEASE]
	at org.springframework.test.context.junit4.statements.RunAfterTestClassCallbacks.evaluate(RunAfterTestClassCallbacks.java:70) [spring-test-4.2.3.RELEASE.jar:4.2.3.RELEASE]
	at org.junit.runners.ParentRunner.run(ParentRunner.java:363) [junit-4.12.jar:4.12]
	at org.springframework.test.context.junit4.SpringJUnit4ClassRunner.run(SpringJUnit4ClassRunner.java:193) [spring-test-4.2.3.RELEASE.jar:4.2.3.RELEASE]
	at org.eclipse.jdt.internal.junit4.runner.JUnit4TestReference.run(JUnit4TestReference.java:86) [.cp/:na]
	at org.eclipse.jdt.internal.junit.runner.TestExecution.run(TestExecution.java:38) [.cp/:na]
	at org.eclipse.jdt.internal.junit.runner.RemoteTestRunner.runTests(RemoteTestRunner.java:459) [.cp/:na]
	at org.eclipse.jdt.internal.junit.runner.RemoteTestRunner.runTests(RemoteTestRunner.java:675) [.cp/:na]
	at org.eclipse.jdt.internal.junit.runner.RemoteTestRunner.run(RemoteTestRunner.java:382) [.cp/:na]
	at org.eclipse.jdt.internal.junit.runner.RemoteTestRunner.main(RemoteTestRunner.java:192) [.cp/:na]
Caused by: org.springframework.beans.factory.xml.XmlBeanDefinitionStoreException: Line 28 in XML document from class path resource [spring.xml] is invalid; nested exception is org.xml.sax.SAXParseException; lineNumber: 28; columnNumber: 3;  "property"  "value"  '<' 
	at org.springframework.beans.factory.xml.XmlBeanDefinitionReader.doLoadBeanDefinitions(XmlBeanDefinitionReader.java:399) ~[spring-beans-4.2.3.RELEASE.jar:4.2.3.RELEASE]
	at org.springframework.beans.factory.xml.XmlBeanDefinitionReader.loadBeanDefinitions(XmlBeanDefinitionReader.java:336) ~[spring-beans-4.2.3.RELEASE.jar:4.2.3.RELEASE]
	at org.springframework.beans.factory.xml.XmlBeanDefinitionReader.loadBeanDefinitions(XmlBeanDefinitionReader.java:304) ~[spring-beans-4.2.3.RELEASE.jar:4.2.3.RELEASE]
	at org.springframework.beans.factory.support.AbstractBeanDefinitionReader.loadBeanDefinitions(AbstractBeanDefinitionReader.java:181) ~[spring-beans-4.2.3.RELEASE.jar:4.2.3.RELEASE]
	at org.springframework.beans.factory.support.AbstractBeanDefinitionReader.loadBeanDefinitions(AbstractBeanDefinitionReader.java:217) ~[spring-beans-4.2.3.RELEASE.jar:4.2.3.RELEASE]
	at org.springframework.beans.factory.support.AbstractBeanDefinitionReader.loadBeanDefinitions(AbstractBeanDefinitionReader.java:188) ~[spring-beans-4.2.3.RELEASE.jar:4.2.3.RELEASE]
	at org.springframework.beans.factory.support.AbstractBeanDefinitionReader.loadBeanDefinitions(AbstractBeanDefinitionReader.java:252) ~[spring-beans-4.2.3.RELEASE.jar:4.2.3.RELEASE]
	at org.springframework.test.context.support.AbstractGenericContextLoader.loadBeanDefinitions(AbstractGenericContextLoader.java:253) ~[spring-test-4.2.3.RELEASE.jar:4.2.3.RELEASE]
	at org.springframework.test.context.support.AbstractGenericContextLoader.loadContext(AbstractGenericContextLoader.java:122) ~[spring-test-4.2.3.RELEASE.jar:4.2.3.RELEASE]
	at org.springframework.test.context.support.AbstractGenericContextLoader.loadContext(AbstractGenericContextLoader.java:60) ~[spring-test-4.2.3.RELEASE.jar:4.2.3.RELEASE]
	at org.springframework.test.context.support.AbstractDelegatingSmartContextLoader.delegateLoading(AbstractDelegatingSmartContextLoader.java:109) ~[spring-test-4.2.3.RELEASE.jar:4.2.3.RELEASE]
	at org.springframework.test.context.support.AbstractDelegatingSmartContextLoader.loadContext(AbstractDelegatingSmartContextLoader.java:261) ~[spring-test-4.2.3.RELEASE.jar:4.2.3.RELEASE]
	at org.springframework.test.context.cache.DefaultCacheAwareContextLoaderDelegate.loadContextInternal(DefaultCacheAwareContextLoaderDelegate.java:98) ~[spring-test-4.2.3.RELEASE.jar:4.2.3.RELEASE]
	at org.springframework.test.context.cache.DefaultCacheAwareContextLoaderDelegate.loadContext(DefaultCacheAwareContextLoaderDelegate.java:116) ~[spring-test-4.2.3.RELEASE.jar:4.2.3.RELEASE]
	... 25 common frames omitted
Caused by: org.xml.sax.SAXParseException:  "property"  "value"  '<' 
	at com.sun.org.apache.xerces.internal.util.ErrorHandlerWrapper.createSAXParseException(ErrorHandlerWrapper.java:203) ~[na:1.8.0_73]
	at com.sun.org.apache.xerces.internal.util.ErrorHandlerWrapper.fatalError(ErrorHandlerWrapper.java:177) ~[na:1.8.0_73]
	at com.sun.org.apache.xerces.internal.impl.XMLErrorReporter.reportError(XMLErrorReporter.java:400) ~[na:1.8.0_73]
	at com.sun.org.apache.xerces.internal.impl.XMLErrorReporter.reportError(XMLErrorReporter.java:327) ~[na:1.8.0_73]
	at com.sun.org.apache.xerces.internal.impl.XMLScanner.reportFatalError(XMLScanner.java:1437) ~[na:1.8.0_73]
	at com.sun.org.apache.xerces.internal.impl.XMLScanner.scanAttributeValue(XMLScanner.java:955) ~[na:1.8.0_73]
	at com.sun.org.apache.xerces.internal.impl.XMLNSDocumentScannerImpl.scanAttribute(XMLNSDocumentScannerImpl.java:440) ~[na:1.8.0_73]
	at com.sun.org.apache.xerces.internal.impl.XMLNSDocumentScannerImpl.scanStartElement(XMLNSDocumentScannerImpl.java:256) ~[na:1.8.0_73]
	at com.sun.org.apache.xerces.internal.impl.XMLDocumentFragmentScannerImpl$FragmentContentDriver.next(XMLDocumentFragmentScannerImpl.java:2787) ~[na:1.8.0_73]
	at com.sun.org.apache.xerces.internal.impl.XMLDocumentScannerImpl.next(XMLDocumentScannerImpl.java:606) ~[na:1.8.0_73]
	at com.sun.org.apache.xerces.internal.impl.XMLNSDocumentScannerImpl.next(XMLNSDocumentScannerImpl.java:118) ~[na:1.8.0_73]
	at com.sun.org.apache.xerces.internal.impl.XMLDocumentFragmentScannerImpl.scanDocument(XMLDocumentFragmentScannerImpl.java:510) ~[na:1.8.0_73]
	at com.sun.org.apache.xerces.internal.parsers.XML11Configuration.parse(XML11Configuration.java:848) ~[na:1.8.0_73]
	at com.sun.org.apache.xerces.internal.parsers.XML11Configuration.parse(XML11Configuration.java:777) ~[na:1.8.0_73]
	at com.sun.org.apache.xerces.internal.parsers.XMLParser.parse(XMLParser.java:141) ~[na:1.8.0_73]
	at com.sun.org.apache.xerces.internal.parsers.DOMParser.parse(DOMParser.java:243) ~[na:1.8.0_73]
	at com.sun.org.apache.xerces.internal.jaxp.DocumentBuilderImpl.parse(DocumentBuilderImpl.java:339) ~[na:1.8.0_73]
	at org.springframework.beans.factory.xml.DefaultDocumentLoader.loadDocument(DefaultDocumentLoader.java:76) ~[spring-beans-4.2.3.RELEASE.jar:4.2.3.RELEASE]
	at org.springframework.beans.factory.xml.XmlBeanDefinitionReader.doLoadDocument(XmlBeanDefinitionReader.java:429) ~[spring-beans-4.2.3.RELEASE.jar:4.2.3.RELEASE]
	at org.springframework.beans.factory.xml.XmlBeanDefinitionReader.doLoadBeanDefinitions(XmlBeanDefinitionReader.java:391) ~[spring-beans-4.2.3.RELEASE.jar:4.2.3.RELEASE]
	... 38 common frames omitted
2016-03-31 23:51:22 [ main ] - [ INFO  ] [
				o.s.beans.factory.xml.XmlBeanDefinitionReader : 317 ] - Loading XML bean definitions from class path resource [spring.xml]
2016-03-31 23:51:22 [ main ] - [ ERROR ] [
				o.springframework.test.context.TestContextManager : 231 ] - Caught exception while allowing TestExecutionListener [org.springframework.test.context.support.DependencyInjectionTestExecutionListener@8c3b9d] to prepare test instance [com.wenchukai.ckbatis.dao.BarDaoTest@36804139]
java.lang.IllegalStateException: Failed to load ApplicationContext
	at org.springframework.test.context.cache.DefaultCacheAwareContextLoaderDelegate.loadContext(DefaultCacheAwareContextLoaderDelegate.java:124) ~[spring-test-4.2.3.RELEASE.jar:4.2.3.RELEASE]
	at org.springframework.test.context.support.DefaultTestContext.getApplicationContext(DefaultTestContext.java:83) ~[spring-test-4.2.3.RELEASE.jar:4.2.3.RELEASE]
	at org.springframework.test.context.support.DependencyInjectionTestExecutionListener.injectDependencies(DependencyInjectionTestExecutionListener.java:117) ~[spring-test-4.2.3.RELEASE.jar:4.2.3.RELEASE]
	at org.springframework.test.context.support.DependencyInjectionTestExecutionListener.prepareTestInstance(DependencyInjectionTestExecutionListener.java:83) ~[spring-test-4.2.3.RELEASE.jar:4.2.3.RELEASE]
	at org.springframework.test.context.TestContextManager.prepareTestInstance(TestContextManager.java:228) ~[spring-test-4.2.3.RELEASE.jar:4.2.3.RELEASE]
	at org.springframework.test.context.junit4.SpringJUnit4ClassRunner.createTest(SpringJUnit4ClassRunner.java:230) [spring-test-4.2.3.RELEASE.jar:4.2.3.RELEASE]
	at org.springframework.test.context.junit4.SpringJUnit4ClassRunner$1.runReflectiveCall(SpringJUnit4ClassRunner.java:289) [spring-test-4.2.3.RELEASE.jar:4.2.3.RELEASE]
	at org.junit.internal.runners.model.ReflectiveCallable.run(ReflectiveCallable.java:12) [junit-4.12.jar:4.12]
	at org.springframework.test.context.junit4.SpringJUnit4ClassRunner.methodBlock(SpringJUnit4ClassRunner.java:291) [spring-test-4.2.3.RELEASE.jar:4.2.3.RELEASE]
	at org.springframework.test.context.junit4.SpringJUnit4ClassRunner.runChild(SpringJUnit4ClassRunner.java:249) [spring-test-4.2.3.RELEASE.jar:4.2.3.RELEASE]
	at org.springframework.test.context.junit4.SpringJUnit4ClassRunner.runChild(SpringJUnit4ClassRunner.java:89) [spring-test-4.2.3.RELEASE.jar:4.2.3.RELEASE]
	at org.junit.runners.ParentRunner$3.run(ParentRunner.java:290) [junit-4.12.jar:4.12]
	at org.junit.runners.ParentRunner$1.schedule(ParentRunner.java:71) [junit-4.12.jar:4.12]
	at org.junit.runners.ParentRunner.runChildren(ParentRunner.java:288) [junit-4.12.jar:4.12]
	at org.junit.runners.ParentRunner.access$000(ParentRunner.java:58) [junit-4.12.jar:4.12]
	at org.junit.runners.ParentRunner$2.evaluate(ParentRunner.java:268) [junit-4.12.jar:4.12]
	at org.springframework.test.context.junit4.statements.RunBeforeTestClassCallbacks.evaluate(RunBeforeTestClassCallbacks.java:61) [spring-test-4.2.3.RELEASE.jar:4.2.3.RELEASE]
	at org.springframework.test.context.junit4.statements.RunAfterTestClassCallbacks.evaluate(RunAfterTestClassCallbacks.java:70) [spring-test-4.2.3.RELEASE.jar:4.2.3.RELEASE]
	at org.junit.runners.ParentRunner.run(ParentRunner.java:363) [junit-4.12.jar:4.12]
	at org.springframework.test.context.junit4.SpringJUnit4ClassRunner.run(SpringJUnit4ClassRunner.java:193) [spring-test-4.2.3.RELEASE.jar:4.2.3.RELEASE]
	at org.eclipse.jdt.internal.junit4.runner.JUnit4TestReference.run(JUnit4TestReference.java:86) [.cp/:na]
	at org.eclipse.jdt.internal.junit.runner.TestExecution.run(TestExecution.java:38) [.cp/:na]
	at org.eclipse.jdt.internal.junit.runner.RemoteTestRunner.runTests(RemoteTestRunner.java:459) [.cp/:na]
	at org.eclipse.jdt.internal.junit.runner.RemoteTestRunner.runTests(RemoteTestRunner.java:675) [.cp/:na]
	at org.eclipse.jdt.internal.junit.runner.RemoteTestRunner.run(RemoteTestRunner.java:382) [.cp/:na]
	at org.eclipse.jdt.internal.junit.runner.RemoteTestRunner.main(RemoteTestRunner.java:192) [.cp/:na]
Caused by: org.springframework.beans.factory.xml.XmlBeanDefinitionStoreException: Line 28 in XML document from class path resource [spring.xml] is invalid; nested exception is org.xml.sax.SAXParseException; lineNumber: 28; columnNumber: 3;  "property"  "value"  '<' 
	at org.springframework.beans.factory.xml.XmlBeanDefinitionReader.doLoadBeanDefinitions(XmlBeanDefinitionReader.java:399) ~[spring-beans-4.2.3.RELEASE.jar:4.2.3.RELEASE]
	at org.springframework.beans.factory.xml.XmlBeanDefinitionReader.loadBeanDefinitions(XmlBeanDefinitionReader.java:336) ~[spring-beans-4.2.3.RELEASE.jar:4.2.3.RELEASE]
	at org.springframework.beans.factory.xml.XmlBeanDefinitionReader.loadBeanDefinitions(XmlBeanDefinitionReader.java:304) ~[spring-beans-4.2.3.RELEASE.jar:4.2.3.RELEASE]
	at org.springframework.beans.factory.support.AbstractBeanDefinitionReader.loadBeanDefinitions(AbstractBeanDefinitionReader.java:181) ~[spring-beans-4.2.3.RELEASE.jar:4.2.3.RELEASE]
	at org.springframework.beans.factory.support.AbstractBeanDefinitionReader.loadBeanDefinitions(AbstractBeanDefinitionReader.java:217) ~[spring-beans-4.2.3.RELEASE.jar:4.2.3.RELEASE]
	at org.springframework.beans.factory.support.AbstractBeanDefinitionReader.loadBeanDefinitions(AbstractBeanDefinitionReader.java:188) ~[spring-beans-4.2.3.RELEASE.jar:4.2.3.RELEASE]
	at org.springframework.beans.factory.support.AbstractBeanDefinitionReader.loadBeanDefinitions(AbstractBeanDefinitionReader.java:252) ~[spring-beans-4.2.3.RELEASE.jar:4.2.3.RELEASE]
	at org.springframework.test.context.support.AbstractGenericContextLoader.loadBeanDefinitions(AbstractGenericContextLoader.java:253) ~[spring-test-4.2.3.RELEASE.jar:4.2.3.RELEASE]
	at org.springframework.test.context.support.AbstractGenericContextLoader.loadContext(AbstractGenericContextLoader.java:122) ~[spring-test-4.2.3.RELEASE.jar:4.2.3.RELEASE]
	at org.springframework.test.context.support.AbstractGenericContextLoader.loadContext(AbstractGenericContextLoader.java:60) ~[spring-test-4.2.3.RELEASE.jar:4.2.3.RELEASE]
	at org.springframework.test.context.support.AbstractDelegatingSmartContextLoader.delegateLoading(AbstractDelegatingSmartContextLoader.java:109) ~[spring-test-4.2.3.RELEASE.jar:4.2.3.RELEASE]
	at org.springframework.test.context.support.AbstractDelegatingSmartContextLoader.loadContext(AbstractDelegatingSmartContextLoader.java:261) ~[spring-test-4.2.3.RELEASE.jar:4.2.3.RELEASE]
	at org.springframework.test.context.cache.DefaultCacheAwareContextLoaderDelegate.loadContextInternal(DefaultCacheAwareContextLoaderDelegate.java:98) ~[spring-test-4.2.3.RELEASE.jar:4.2.3.RELEASE]
	at org.springframework.test.context.cache.DefaultCacheAwareContextLoaderDelegate.loadContext(DefaultCacheAwareContextLoaderDelegate.java:116) ~[spring-test-4.2.3.RELEASE.jar:4.2.3.RELEASE]
	... 25 common frames omitted
Caused by: org.xml.sax.SAXParseException:  "property"  "value"  '<' 
	at com.sun.org.apache.xerces.internal.util.ErrorHandlerWrapper.createSAXParseException(ErrorHandlerWrapper.java:203) ~[na:1.8.0_73]
	at com.sun.org.apache.xerces.internal.util.ErrorHandlerWrapper.fatalError(ErrorHandlerWrapper.java:177) ~[na:1.8.0_73]
	at com.sun.org.apache.xerces.internal.impl.XMLErrorReporter.reportError(XMLErrorReporter.java:400) ~[na:1.8.0_73]
	at com.sun.org.apache.xerces.internal.impl.XMLErrorReporter.reportError(XMLErrorReporter.java:327) ~[na:1.8.0_73]
	at com.sun.org.apache.xerces.internal.impl.XMLScanner.reportFatalError(XMLScanner.java:1437) ~[na:1.8.0_73]
	at com.sun.org.apache.xerces.internal.impl.XMLScanner.scanAttributeValue(XMLScanner.java:955) ~[na:1.8.0_73]
	at com.sun.org.apache.xerces.internal.impl.XMLNSDocumentScannerImpl.scanAttribute(XMLNSDocumentScannerImpl.java:440) ~[na:1.8.0_73]
	at com.sun.org.apache.xerces.internal.impl.XMLNSDocumentScannerImpl.scanStartElement(XMLNSDocumentScannerImpl.java:256) ~[na:1.8.0_73]
	at com.sun.org.apache.xerces.internal.impl.XMLDocumentFragmentScannerImpl$FragmentContentDriver.next(XMLDocumentFragmentScannerImpl.java:2787) ~[na:1.8.0_73]
	at com.sun.org.apache.xerces.internal.impl.XMLDocumentScannerImpl.next(XMLDocumentScannerImpl.java:606) ~[na:1.8.0_73]
	at com.sun.org.apache.xerces.internal.impl.XMLNSDocumentScannerImpl.next(XMLNSDocumentScannerImpl.java:118) ~[na:1.8.0_73]
	at com.sun.org.apache.xerces.internal.impl.XMLDocumentFragmentScannerImpl.scanDocument(XMLDocumentFragmentScannerImpl.java:510) ~[na:1.8.0_73]
	at com.sun.org.apache.xerces.internal.parsers.XML11Configuration.parse(XML11Configuration.java:848) ~[na:1.8.0_73]
	at com.sun.org.apache.xerces.internal.parsers.XML11Configuration.parse(XML11Configuration.java:777) ~[na:1.8.0_73]
	at com.sun.org.apache.xerces.internal.parsers.XMLParser.parse(XMLParser.java:141) ~[na:1.8.0_73]
	at com.sun.org.apache.xerces.internal.parsers.DOMParser.parse(DOMParser.java:243) ~[na:1.8.0_73]
	at com.sun.org.apache.xerces.internal.jaxp.DocumentBuilderImpl.parse(DocumentBuilderImpl.java:339) ~[na:1.8.0_73]
	at org.springframework.beans.factory.xml.DefaultDocumentLoader.loadDocument(DefaultDocumentLoader.java:76) ~[spring-beans-4.2.3.RELEASE.jar:4.2.3.RELEASE]
	at org.springframework.beans.factory.xml.XmlBeanDefinitionReader.doLoadDocument(XmlBeanDefinitionReader.java:429) ~[spring-beans-4.2.3.RELEASE.jar:4.2.3.RELEASE]
	at org.springframework.beans.factory.xml.XmlBeanDefinitionReader.doLoadBeanDefinitions(XmlBeanDefinitionReader.java:391) ~[spring-beans-4.2.3.RELEASE.jar:4.2.3.RELEASE]
	... 38 common frames omitted
2016-03-31 23:51:39 [ main ] - [ INFO  ] [
				o.s.t.c.support.DefaultTestContextBootstrapper : 259 ] - Loaded default TestExecutionListener class names from location [META-INF/spring.factories]: [org.springframework.test.context.web.ServletTestExecutionListener, org.springframework.test.context.support.DirtiesContextBeforeModesTestExecutionListener, org.springframework.test.context.support.DependencyInjectionTestExecutionListener, org.springframework.test.context.support.DirtiesContextTestExecutionListener, org.springframework.test.context.transaction.TransactionalTestExecutionListener, org.springframework.test.context.jdbc.SqlScriptsTestExecutionListener]
2016-03-31 23:51:39 [ main ] - [ INFO  ] [
				o.s.t.c.support.DefaultTestContextBootstrapper : 207 ] - Could not instantiate TestExecutionListener [org.springframework.test.context.web.ServletTestExecutionListener]. Specify custom listener classes or make the default listener classes (and their required dependencies) available. Offending class: [javax/servlet/ServletContext]
2016-03-31 23:51:39 [ main ] - [ INFO  ] [
				o.s.t.c.support.DefaultTestContextBootstrapper : 185 ] - Using TestExecutionListeners: [org.springframework.test.context.support.DirtiesContextBeforeModesTestExecutionListener@5b94b04d, org.springframework.test.context.support.DependencyInjectionTestExecutionListener@8c3b9d, org.springframework.test.context.support.DirtiesContextTestExecutionListener@4c39bec8, org.springframework.test.context.transaction.TransactionalTestExecutionListener@f79e, org.springframework.test.context.jdbc.SqlScriptsTestExecutionListener@7ee8290b]
2016-03-31 23:51:39 [ main ] - [ INFO  ] [
				o.s.beans.factory.xml.XmlBeanDefinitionReader : 317 ] - Loading XML bean definitions from class path resource [spring.xml]
2016-03-31 23:51:39 [ main ] - [ INFO  ] [
				o.s.beans.factory.xml.XmlBeanDefinitionReader : 317 ] - Loading XML bean definitions from class path resource [mybatis-config.xml]
2016-03-31 23:51:41 [ main ] - [ INFO  ] [
				o.s.context.support.GenericApplicationContext : 577 ] - Refreshing org.springframework.context.support.GenericApplicationContext@2abf4075: startup date [Thu Mar 31 23:51:41 CST 2016]; root of context hierarchy
2016-03-31 23:51:41 [ main ] - [ INFO  ] [
				o.s.j.datasource.embedded.EmbeddedDatabaseFactory : 185 ] - Starting embedded database: url='jdbc:hsqldb:mem:dataSourceBar', username='sa'
2016-03-31 23:51:41 [ main ] - [ INFO  ] [
				o.springframework.jdbc.datasource.init.ScriptUtils : 443 ] - Executing SQL script from class path resource [database-schema-bar.sql]
2016-03-31 23:51:41 [ main ] - [ INFO  ] [
				o.springframework.jdbc.datasource.init.ScriptUtils : 502 ] - Executed SQL script from class path resource [database-schema-bar.sql] in 5 ms.
2016-03-31 23:51:41 [ Thread-0 ] - [ INFO  ] [
				o.s.context.support.GenericApplicationContext : 957 ] - Closing org.springframework.context.support.GenericApplicationContext@2abf4075: startup date [Thu Mar 31 23:51:41 CST 2016]; root of context hierarchy
2016-03-31 23:51:41 [ Thread-0 ] - [ INFO  ] [
				o.s.j.datasource.embedded.EmbeddedDatabaseFactory : 217 ] - Shutting down embedded database: url='jdbc:hsqldb:mem:dataSourceBar'
2016-03-31 23:52:10 [ main ] - [ INFO  ] [
				o.s.t.c.support.DefaultTestContextBootstrapper : 259 ] - Loaded default TestExecutionListener class names from location [META-INF/spring.factories]: [org.springframework.test.context.web.ServletTestExecutionListener, org.springframework.test.context.support.DirtiesContextBeforeModesTestExecutionListener, org.springframework.test.context.support.DependencyInjectionTestExecutionListener, org.springframework.test.context.support.DirtiesContextTestExecutionListener, org.springframework.test.context.transaction.TransactionalTestExecutionListener, org.springframework.test.context.jdbc.SqlScriptsTestExecutionListener]
2016-03-31 23:52:10 [ main ] - [ INFO  ] [
				o.s.t.c.support.DefaultTestContextBootstrapper : 207 ] - Could not instantiate TestExecutionListener [org.springframework.test.context.web.ServletTestExecutionListener]. Specify custom listener classes or make the default listener classes (and their required dependencies) available. Offending class: [javax/servlet/ServletContext]
2016-03-31 23:52:10 [ main ] - [ INFO  ] [
				o.s.t.c.support.DefaultTestContextBootstrapper : 185 ] - Using TestExecutionListeners: [org.springframework.test.context.support.DirtiesContextBeforeModesTestExecutionListener@5b94b04d, org.springframework.test.context.support.DependencyInjectionTestExecutionListener@8c3b9d, org.springframework.test.context.support.DirtiesContextTestExecutionListener@4c39bec8, org.springframework.test.context.transaction.TransactionalTestExecutionListener@f79e, org.springframework.test.context.jdbc.SqlScriptsTestExecutionListener@7ee8290b]
2016-03-31 23:52:10 [ main ] - [ INFO  ] [
				o.s.beans.factory.xml.XmlBeanDefinitionReader : 317 ] - Loading XML bean definitions from class path resource [spring.xml]
2016-03-31 23:52:10 [ main ] - [ INFO  ] [
				o.s.beans.factory.xml.XmlBeanDefinitionReader : 317 ] - Loading XML bean definitions from class path resource [mybatis-config.xml]
2016-03-31 23:52:12 [ main ] - [ INFO  ] [
				o.s.context.support.GenericApplicationContext : 577 ] - Refreshing org.springframework.context.support.GenericApplicationContext@2abf4075: startup date [Thu Mar 31 23:52:12 CST 2016]; root of context hierarchy
2016-03-31 23:52:12 [ main ] - [ INFO  ] [
				o.s.j.datasource.embedded.EmbeddedDatabaseFactory : 185 ] - Starting embedded database: url='jdbc:hsqldb:mem:dataSourceBar', username='sa'
2016-03-31 23:52:12 [ main ] - [ INFO  ] [
				o.springframework.jdbc.datasource.init.ScriptUtils : 443 ] - Executing SQL script from class path resource [database-schema-bar.sql]
2016-03-31 23:52:12 [ main ] - [ INFO  ] [
				o.springframework.jdbc.datasource.init.ScriptUtils : 502 ] - Executed SQL script from class path resource [database-schema-bar.sql] in 2 ms.
2016-03-31 23:52:12 [ Thread-0 ] - [ INFO  ] [
				o.s.context.support.GenericApplicationContext : 957 ] - Closing org.springframework.context.support.GenericApplicationContext@2abf4075: startup date [Thu Mar 31 23:52:12 CST 2016]; root of context hierarchy
2016-03-31 23:52:12 [ Thread-0 ] - [ INFO  ] [
				o.s.j.datasource.embedded.EmbeddedDatabaseFactory : 217 ] - Shutting down embedded database: url='jdbc:hsqldb:mem:dataSourceBar'
2016-03-31 23:52:38 [ main ] - [ INFO  ] [
				o.s.t.c.support.DefaultTestContextBootstrapper : 259 ] - Loaded default TestExecutionListener class names from location [META-INF/spring.factories]: [org.springframework.test.context.web.ServletTestExecutionListener, org.springframework.test.context.support.DirtiesContextBeforeModesTestExecutionListener, org.springframework.test.context.support.DependencyInjectionTestExecutionListener, org.springframework.test.context.support.DirtiesContextTestExecutionListener, org.springframework.test.context.transaction.TransactionalTestExecutionListener, org.springframework.test.context.jdbc.SqlScriptsTestExecutionListener]
2016-03-31 23:52:39 [ main ] - [ INFO  ] [
				o.s.t.c.support.DefaultTestContextBootstrapper : 207 ] - Could not instantiate TestExecutionListener [org.springframework.test.context.web.ServletTestExecutionListener]. Specify custom listener classes or make the default listener classes (and their required dependencies) available. Offending class: [javax/servlet/ServletContext]
2016-03-31 23:52:39 [ main ] - [ INFO  ] [
				o.s.t.c.support.DefaultTestContextBootstrapper : 185 ] - Using TestExecutionListeners: [org.springframework.test.context.support.DirtiesContextBeforeModesTestExecutionListener@5b94b04d, org.springframework.test.context.support.DependencyInjectionTestExecutionListener@8c3b9d, org.springframework.test.context.support.DirtiesContextTestExecutionListener@4c39bec8, org.springframework.test.context.transaction.TransactionalTestExecutionListener@f79e, org.springframework.test.context.jdbc.SqlScriptsTestExecutionListener@7ee8290b]
2016-03-31 23:52:39 [ main ] - [ INFO  ] [
				o.s.beans.factory.xml.XmlBeanDefinitionReader : 317 ] - Loading XML bean definitions from class path resource [spring.xml]
2016-03-31 23:52:39 [ main ] - [ INFO  ] [
				o.s.beans.factory.xml.XmlBeanDefinitionReader : 317 ] - Loading XML bean definitions from class path resource [mybatis-config.xml]
2016-03-31 23:52:40 [ main ] - [ INFO  ] [
				o.s.context.support.GenericApplicationContext : 577 ] - Refreshing org.springframework.context.support.GenericApplicationContext@2abf4075: startup date [Thu Mar 31 23:52:40 CST 2016]; root of context hierarchy
2016-03-31 23:52:40 [ main ] - [ INFO  ] [
				o.s.j.datasource.embedded.EmbeddedDatabaseFactory : 185 ] - Starting embedded database: url='jdbc:hsqldb:mem:dataSourceBar', username='sa'
2016-03-31 23:52:41 [ main ] - [ INFO  ] [
				o.springframework.jdbc.datasource.init.ScriptUtils : 443 ] - Executing SQL script from class path resource [database-schema-bar.sql]
2016-03-31 23:52:41 [ main ] - [ INFO  ] [
				o.springframework.jdbc.datasource.init.ScriptUtils : 502 ] - Executed SQL script from class path resource [database-schema-bar.sql] in 4 ms.
2016-03-31 23:52:41 [ Thread-0 ] - [ INFO  ] [
				o.s.context.support.GenericApplicationContext : 957 ] - Closing org.springframework.context.support.GenericApplicationContext@2abf4075: startup date [Thu Mar 31 23:52:40 CST 2016]; root of context hierarchy
2016-03-31 23:52:41 [ Thread-0 ] - [ INFO  ] [
				o.s.j.datasource.embedded.EmbeddedDatabaseFactory : 217 ] - Shutting down embedded database: url='jdbc:hsqldb:mem:dataSourceBar'
2016-03-31 23:52:53 [ main ] - [ INFO  ] [
				o.s.t.c.support.DefaultTestContextBootstrapper : 259 ] - Loaded default TestExecutionListener class names from location [META-INF/spring.factories]: [org.springframework.test.context.web.ServletTestExecutionListener, org.springframework.test.context.support.DirtiesContextBeforeModesTestExecutionListener, org.springframework.test.context.support.DependencyInjectionTestExecutionListener, org.springframework.test.context.support.DirtiesContextTestExecutionListener, org.springframework.test.context.transaction.TransactionalTestExecutionListener, org.springframework.test.context.jdbc.SqlScriptsTestExecutionListener]
2016-03-31 23:52:53 [ main ] - [ INFO  ] [
				o.s.t.c.support.DefaultTestContextBootstrapper : 207 ] - Could not instantiate TestExecutionListener [org.springframework.test.context.web.ServletTestExecutionListener]. Specify custom listener classes or make the default listener classes (and their required dependencies) available. Offending class: [javax/servlet/ServletContext]
2016-03-31 23:52:53 [ main ] - [ INFO  ] [
				o.s.t.c.support.DefaultTestContextBootstrapper : 185 ] - Using TestExecutionListeners: [org.springframework.test.context.support.DirtiesContextBeforeModesTestExecutionListener@5b94b04d, org.springframework.test.context.support.DependencyInjectionTestExecutionListener@8c3b9d, org.springframework.test.context.support.DirtiesContextTestExecutionListener@4c39bec8, org.springframework.test.context.transaction.TransactionalTestExecutionListener@f79e, org.springframework.test.context.jdbc.SqlScriptsTestExecutionListener@7ee8290b]
2016-03-31 23:52:53 [ main ] - [ INFO  ] [
				o.s.beans.factory.xml.XmlBeanDefinitionReader : 317 ] - Loading XML bean definitions from class path resource [spring.xml]
2016-03-31 23:52:53 [ main ] - [ INFO  ] [
				o.s.beans.factory.xml.XmlBeanDefinitionReader : 317 ] - Loading XML bean definitions from class path resource [mybatis-config.xml]
2016-03-31 23:52:55 [ main ] - [ INFO  ] [
				o.s.context.support.GenericApplicationContext : 577 ] - Refreshing org.springframework.context.support.GenericApplicationContext@2abf4075: startup date [Thu Mar 31 23:52:55 CST 2016]; root of context hierarchy
2016-03-31 23:52:55 [ main ] - [ INFO  ] [
				o.s.j.datasource.embedded.EmbeddedDatabaseFactory : 185 ] - Starting embedded database: url='jdbc:hsqldb:mem:dataSourceBar', username='sa'
2016-03-31 23:52:55 [ main ] - [ INFO  ] [
				o.springframework.jdbc.datasource.init.ScriptUtils : 443 ] - Executing SQL script from class path resource [database-schema-bar.sql]
2016-03-31 23:52:55 [ main ] - [ INFO  ] [
				o.springframework.jdbc.datasource.init.ScriptUtils : 502 ] - Executed SQL script from class path resource [database-schema-bar.sql] in 3 ms.
2016-03-31 23:52:55 [ Thread-0 ] - [ INFO  ] [
				o.s.context.support.GenericApplicationContext : 957 ] - Closing org.springframework.context.support.GenericApplicationContext@2abf4075: startup date [Thu Mar 31 23:52:55 CST 2016]; root of context hierarchy
2016-03-31 23:52:55 [ Thread-0 ] - [ INFO  ] [
				o.s.j.datasource.embedded.EmbeddedDatabaseFactory : 217 ] - Shutting down embedded database: url='jdbc:hsqldb:mem:dataSourceBar'
2016-03-31 23:53:06 [ main ] - [ INFO  ] [
				o.s.t.c.support.DefaultTestContextBootstrapper : 259 ] - Loaded default TestExecutionListener class names from location [META-INF/spring.factories]: [org.springframework.test.context.web.ServletTestExecutionListener, org.springframework.test.context.support.DirtiesContextBeforeModesTestExecutionListener, org.springframework.test.context.support.DependencyInjectionTestExecutionListener, org.springframework.test.context.support.DirtiesContextTestExecutionListener, org.springframework.test.context.transaction.TransactionalTestExecutionListener, org.springframework.test.context.jdbc.SqlScriptsTestExecutionListener]
2016-03-31 23:53:06 [ main ] - [ INFO  ] [
				o.s.t.c.support.DefaultTestContextBootstrapper : 207 ] - Could not instantiate TestExecutionListener [org.springframework.test.context.web.ServletTestExecutionListener]. Specify custom listener classes or make the default listener classes (and their required dependencies) available. Offending class: [javax/servlet/ServletContext]
2016-03-31 23:53:06 [ main ] - [ INFO  ] [
				o.s.t.c.support.DefaultTestContextBootstrapper : 185 ] - Using TestExecutionListeners: [org.springframework.test.context.support.DirtiesContextBeforeModesTestExecutionListener@2f0a87b3, org.springframework.test.context.support.DependencyInjectionTestExecutionListener@319b92f3, org.springframework.test.context.support.DirtiesContextTestExecutionListener@fcd6521, org.springframework.test.context.transaction.TransactionalTestExecutionListener@27d415d9, org.springframework.test.context.jdbc.SqlScriptsTestExecutionListener@5c18298f]
2016-03-31 23:53:06 [ main ] - [ INFO  ] [
				o.s.beans.factory.xml.XmlBeanDefinitionReader : 317 ] - Loading XML bean definitions from class path resource [spring.xml]
2016-03-31 23:53:06 [ main ] - [ INFO  ] [
				o.s.beans.factory.xml.XmlBeanDefinitionReader : 317 ] - Loading XML bean definitions from class path resource [mybatis-config.xml]
2016-03-31 23:53:08 [ main ] - [ INFO  ] [
				o.s.context.support.GenericApplicationContext : 577 ] - Refreshing org.springframework.context.support.GenericApplicationContext@2bea5ab4: startup date [Thu Mar 31 23:53:08 CST 2016]; root of context hierarchy
2016-03-31 23:53:08 [ main ] - [ INFO  ] [
				o.s.j.datasource.embedded.EmbeddedDatabaseFactory : 185 ] - Starting embedded database: url='jdbc:hsqldb:mem:dataSourceBar', username='sa'
2016-03-31 23:53:08 [ main ] - [ INFO  ] [
				o.springframework.jdbc.datasource.init.ScriptUtils : 443 ] - Executing SQL script from class path resource [database-schema-bar.sql]
2016-03-31 23:53:08 [ main ] - [ INFO  ] [
				o.springframework.jdbc.datasource.init.ScriptUtils : 502 ] - Executed SQL script from class path resource [database-schema-bar.sql] in 12 ms.
2016-03-31 23:53:08 [ Thread-0 ] - [ INFO  ] [
				o.s.context.support.GenericApplicationContext : 957 ] - Closing org.springframework.context.support.GenericApplicationContext@2bea5ab4: startup date [Thu Mar 31 23:53:08 CST 2016]; root of context hierarchy
2016-03-31 23:53:08 [ Thread-0 ] - [ INFO  ] [
				o.s.j.datasource.embedded.EmbeddedDatabaseFactory : 217 ] - Shutting down embedded database: url='jdbc:hsqldb:mem:dataSourceBar'
2016-03-31 23:57:34 [ main ] - [ INFO  ] [
				o.s.t.c.support.DefaultTestContextBootstrapper : 259 ] - Loaded default TestExecutionListener class names from location [META-INF/spring.factories]: [org.springframework.test.context.web.ServletTestExecutionListener, org.springframework.test.context.support.DirtiesContextBeforeModesTestExecutionListener, org.springframework.test.context.support.DependencyInjectionTestExecutionListener, org.springframework.test.context.support.DirtiesContextTestExecutionListener, org.springframework.test.context.transaction.TransactionalTestExecutionListener, org.springframework.test.context.jdbc.SqlScriptsTestExecutionListener]
2016-03-31 23:57:34 [ main ] - [ INFO  ] [
				o.s.t.c.support.DefaultTestContextBootstrapper : 207 ] - Could not instantiate TestExecutionListener [org.springframework.test.context.web.ServletTestExecutionListener]. Specify custom listener classes or make the default listener classes (and their required dependencies) available. Offending class: [javax/servlet/ServletContext]
2016-03-31 23:57:34 [ main ] - [ INFO  ] [
				o.s.t.c.support.DefaultTestContextBootstrapper : 185 ] - Using TestExecutionListeners: [org.springframework.test.context.support.DirtiesContextBeforeModesTestExecutionListener@2f0a87b3, org.springframework.test.context.support.DependencyInjectionTestExecutionListener@319b92f3, org.springframework.test.context.support.DirtiesContextTestExecutionListener@fcd6521, org.springframework.test.context.transaction.TransactionalTestExecutionListener@27d415d9, org.springframework.test.context.jdbc.SqlScriptsTestExecutionListener@5c18298f]
2016-03-31 23:57:34 [ main ] - [ INFO  ] [
				o.s.beans.factory.xml.XmlBeanDefinitionReader : 317 ] - Loading XML bean definitions from class path resource [spring.xml]
2016-03-31 23:57:34 [ main ] - [ INFO  ] [
				o.s.beans.factory.xml.XmlBeanDefinitionReader : 317 ] - Loading XML bean definitions from class path resource [mybatis-config.xml]
2016-03-31 23:57:36 [ main ] - [ INFO  ] [
				o.s.context.support.GenericApplicationContext : 577 ] - Refreshing org.springframework.context.support.GenericApplicationContext@2bea5ab4: startup date [Thu Mar 31 23:57:36 CST 2016]; root of context hierarchy
2016-03-31 23:57:36 [ main ] - [ INFO  ] [
				o.s.j.datasource.embedded.EmbeddedDatabaseFactory : 185 ] - Starting embedded database: url='jdbc:hsqldb:mem:dataSourceBar', username='sa'
2016-03-31 23:57:36 [ main ] - [ INFO  ] [
				o.springframework.jdbc.datasource.init.ScriptUtils : 443 ] - Executing SQL script from class path resource [database-schema-bar.sql]
2016-03-31 23:57:36 [ main ] - [ INFO  ] [
				o.springframework.jdbc.datasource.init.ScriptUtils : 502 ] - Executed SQL script from class path resource [database-schema-bar.sql] in 14 ms.
2016-03-31 23:57:36 [ Thread-0 ] - [ INFO  ] [
				o.s.context.support.GenericApplicationContext : 957 ] - Closing org.springframework.context.support.GenericApplicationContext@2bea5ab4: startup date [Thu Mar 31 23:57:36 CST 2016]; root of context hierarchy
2016-03-31 23:57:36 [ Thread-0 ] - [ INFO  ] [
				o.s.j.datasource.embedded.EmbeddedDatabaseFactory : 217 ] - Shutting down embedded database: url='jdbc:hsqldb:mem:dataSourceBar'
